<?xml version="1.0" encoding="UTF-8"?>
<!-- Generated by org.testng.reporters.JUnitReportReporter -->
<testsuite skipped="0" hostname="FB-133" name="fawry.sofAutomation.testsActions.accounts.EditSubAccountTest" tests="6" failures="1" timestamp="25 Jun 2019 16:53:45 GMT" time="267.390" errors="0">
  <testcase name="EditSubAccount" time="54.670" classname="fawry.sofAutomation.testsActions.accounts.EditSubAccountTest"/>
  <testcase name="EditSubAccount" time="65.472" classname="fawry.sofAutomation.testsActions.accounts.EditSubAccountTest"/>
  <testcase name="EditSubAccount" time="14.711" classname="fawry.sofAutomation.testsActions.accounts.EditSubAccountTest"/>
  <testcase name="EditSubAccount" time="48.414" classname="fawry.sofAutomation.testsActions.accounts.EditSubAccountTest"/>
  <testcase name="EditSubAccount" time="4.590" classname="fawry.sofAutomation.testsActions.accounts.EditSubAccountTest"/>
  <testcase name="EditSubAccount" time="79.533" classname="fawry.sofAutomation.testsActions.accounts.EditSubAccountTest">
    <failure type="java.lang.AssertionError" message="The following asserts failed:
	Error; Expected in Excel And actual on web page does NOT matchIn Test Case With Id of  expected [true] but found [false],
	Error; Account Status in Excel And DB dose NOT matchIn Test Case With Id of  expected [true] but found [false]">
      <![CDATA[java.lang.AssertionError: The following asserts failed:
Error; Expected in Excel And actual on web page does NOT matchIn Test Case With Id of  expected [true] but found [false],
Error; Account Status in Excel And DB dose NOT matchIn Test Case With Id of  expected [true] but found [false]
at org.testng.asserts.SoftAssert.assertAll(SoftAssert.java:43)
at fawry.sofAutomation.testsActions.accounts.EditSubAccountTest.EditSubAccount(EditSubAccountTest.java:85)
at sun.reflect.NativeMethodAccessorImpl.invoke0(Native Method)
at sun.reflect.NativeMethodAccessorImpl.invoke(NativeMethodAccessorImpl.java:62)
at sun.reflect.DelegatingMethodAccessorImpl.invoke(DelegatingMethodAccessorImpl.java:43)
at java.lang.reflect.Method.invoke(Method.java:498)
at org.testng.internal.MethodInvocationHelper.invokeMethod(MethodInvocationHelper.java:124)
at org.testng.internal.Invoker.invokeMethod(Invoker.java:580)
at org.testng.internal.Invoker.invokeTestMethod(Invoker.java:716)
at org.testng.internal.Invoker.invokeTestMethods(Invoker.java:988)
at org.testng.internal.TestMethodWorker.invokeTestMethods(TestMethodWorker.java:125)
at org.testng.internal.TestMethodWorker.run(TestMethodWorker.java:109)
at org.testng.TestRunner.privateRun(TestRunner.java:648)
at org.testng.TestRunner.run(TestRunner.java:505)
at org.testng.SuiteRunner.runTest(SuiteRunner.java:455)
at org.testng.SuiteRunner.runSequentially(SuiteRunner.java:450)
at org.testng.SuiteRunner.privateRun(SuiteRunner.java:415)
at org.testng.SuiteRunner.run(SuiteRunner.java:364)
at org.testng.SuiteRunnerWorker.runSuite(SuiteRunnerWorker.java:52)
at org.testng.SuiteRunnerWorker.run(SuiteRunnerWorker.java:84)
at org.testng.TestNG.runSuitesSequentially(TestNG.java:1208)
at org.testng.TestNG.runSuitesLocally(TestNG.java:1137)
at org.testng.TestNG.runSuites(TestNG.java:1049)
at org.testng.TestNG.run(TestNG.java:1017)
at org.testng.remote.AbstractRemoteTestNG.run(AbstractRemoteTestNG.java:114)
at org.testng.remote.RemoteTestNG.initAndRun(RemoteTestNG.java:251)
at org.testng.remote.RemoteTestNG.main(RemoteTestNG.java:77)
]]>
    </failure>
  </testcase> <!-- EditSubAccount -->
</testsuite> <!-- fawry.sofAutomation.testsActions.accounts.EditSubAccountTest -->
