<?xml version="1.0" encoding="UTF-8"?>
<!-- Generated by org.testng.reporters.JUnitXMLReporter -->
<testsuite hostname="FB-133" ignored="63" name="MainTest" tests="26" failures="7" timestamp="01 Jul 2019 10:06:59 GMT" time="1244.053" errors="0">
  <testcase name="addCspBillType" time="72.793" classname="fawry.sofAutomation.testsActions.BasicDefinitions.AddCspBillTypeTest">
    <failure type="java.lang.AssertionError" message="The following asserts failed:
	Actual and Expectted Results not Matched">
      <![CDATA[java.lang.AssertionError: The following asserts failed:
Actual and Expectted Results not Matched
at org.testng.asserts.SoftAssert.assertAll(SoftAssert.java:43)
at fawry.sofAutomation.testsActions.BasicDefinitions.AddCspBillTypeTest.addCspBillType(AddCspBillTypeTest.java:63)
at sun.reflect.NativeMethodAccessorImpl.invoke0(Native Method)
at sun.reflect.NativeMethodAccessorImpl.invoke(NativeMethodAccessorImpl.java:62)
at sun.reflect.DelegatingMethodAccessorImpl.invoke(DelegatingMethodAccessorImpl.java:43)
at java.lang.reflect.Method.invoke(Method.java:498)
at org.testng.internal.MethodInvocationHelper.invokeMethod(MethodInvocationHelper.java:124)
at org.testng.internal.Invoker.invokeMethod(Invoker.java:580)
at org.testng.internal.Invoker.invokeTestMethod(Invoker.java:716)
at org.testng.internal.Invoker.invokeTestMethods(Invoker.java:988)
at org.testng.internal.TestMethodWorker.invokeTestMethods(TestMethodWorker.java:125)
at org.testng.internal.TestMethodWorker.run(TestMethodWorker.java:109)
at org.testng.TestRunner.privateRun(TestRunner.java:648)
at org.testng.TestRunner.run(TestRunner.java:505)
at org.testng.SuiteRunner.runTest(SuiteRunner.java:455)
at org.testng.SuiteRunner.runSequentially(SuiteRunner.java:450)
at org.testng.SuiteRunner.privateRun(SuiteRunner.java:415)
at org.testng.SuiteRunner.run(SuiteRunner.java:364)
at org.testng.SuiteRunnerWorker.runSuite(SuiteRunnerWorker.java:52)
at org.testng.SuiteRunnerWorker.run(SuiteRunnerWorker.java:84)
at org.testng.TestNG.runSuitesSequentially(TestNG.java:1208)
at org.testng.TestNG.runSuitesLocally(TestNG.java:1137)
at org.testng.TestNG.runSuites(TestNG.java:1049)
at org.testng.TestNG.run(TestNG.java:1017)
at org.testng.remote.AbstractRemoteTestNG.run(AbstractRemoteTestNG.java:114)
at org.testng.remote.RemoteTestNG.initAndRun(RemoteTestNG.java:251)
at org.testng.remote.RemoteTestNG.main(RemoteTestNG.java:77)
]]>
    </failure>
  </testcase> <!-- addCspBillType -->
  <testcase name="addCspBillType" time="33.239" classname="fawry.sofAutomation.testsActions.BasicDefinitions.AddCspBillTypeTest">
    <failure type="java.lang.AssertionError" message="The following asserts failed:
	Actual and Expectted Results not Matched">
      <![CDATA[java.lang.AssertionError: The following asserts failed:
Actual and Expectted Results not Matched
at org.testng.asserts.SoftAssert.assertAll(SoftAssert.java:43)
at fawry.sofAutomation.testsActions.BasicDefinitions.AddCspBillTypeTest.addCspBillType(AddCspBillTypeTest.java:63)
at sun.reflect.NativeMethodAccessorImpl.invoke0(Native Method)
at sun.reflect.NativeMethodAccessorImpl.invoke(NativeMethodAccessorImpl.java:62)
at sun.reflect.DelegatingMethodAccessorImpl.invoke(DelegatingMethodAccessorImpl.java:43)
at java.lang.reflect.Method.invoke(Method.java:498)
at org.testng.internal.MethodInvocationHelper.invokeMethod(MethodInvocationHelper.java:124)
at org.testng.internal.Invoker.invokeMethod(Invoker.java:580)
at org.testng.internal.Invoker.invokeTestMethod(Invoker.java:716)
at org.testng.internal.Invoker.invokeTestMethods(Invoker.java:988)
at org.testng.internal.TestMethodWorker.invokeTestMethods(TestMethodWorker.java:125)
at org.testng.internal.TestMethodWorker.run(TestMethodWorker.java:109)
at org.testng.TestRunner.privateRun(TestRunner.java:648)
at org.testng.TestRunner.run(TestRunner.java:505)
at org.testng.SuiteRunner.runTest(SuiteRunner.java:455)
at org.testng.SuiteRunner.runSequentially(SuiteRunner.java:450)
at org.testng.SuiteRunner.privateRun(SuiteRunner.java:415)
at org.testng.SuiteRunner.run(SuiteRunner.java:364)
at org.testng.SuiteRunnerWorker.runSuite(SuiteRunnerWorker.java:52)
at org.testng.SuiteRunnerWorker.run(SuiteRunnerWorker.java:84)
at org.testng.TestNG.runSuitesSequentially(TestNG.java:1208)
at org.testng.TestNG.runSuitesLocally(TestNG.java:1137)
at org.testng.TestNG.runSuites(TestNG.java:1049)
at org.testng.TestNG.run(TestNG.java:1017)
at org.testng.remote.AbstractRemoteTestNG.run(AbstractRemoteTestNG.java:114)
at org.testng.remote.RemoteTestNG.initAndRun(RemoteTestNG.java:251)
at org.testng.remote.RemoteTestNG.main(RemoteTestNG.java:77)
]]>
    </failure>
  </testcase> <!-- addCspBillType -->
  <testcase name="addCspBillType" time="32.164" classname="fawry.sofAutomation.testsActions.BasicDefinitions.AddCspBillTypeTest"/>
  <testcase name="addCspBillType" time="2.715" classname="fawry.sofAutomation.testsActions.BasicDefinitions.AddCspBillTypeTest"/>
  <testcase name="addCspBillType" time="1.564" classname="fawry.sofAutomation.testsActions.BasicDefinitions.AddCspBillTypeTest"/>
  <testcase name="addCspBillType" time="2.105" classname="fawry.sofAutomation.testsActions.BasicDefinitions.AddCspBillTypeTest"/>
  <testcase name="configureOverDraftFees" time="61.269" classname="fawry.sofAutomation.testsActions.BasicDefinitions.ConfigureCspOverDraftFeesTest">
    <failure type="java.lang.AssertionError" message="The following asserts failed:
	Error; Expected in Excel And actual on web page does NOT matchTC_04 expected [true] but found [false]">
      <![CDATA[java.lang.AssertionError: The following asserts failed:
Error; Expected in Excel And actual on web page does NOT matchTC_04 expected [true] but found [false]
at org.testng.asserts.SoftAssert.assertAll(SoftAssert.java:43)
at fawry.sofAutomation.testsActions.BasicDefinitions.ConfigureCspOverDraftFeesTest.configureOverDraftFees(ConfigureCspOverDraftFeesTest.java:70)
at sun.reflect.NativeMethodAccessorImpl.invoke0(Native Method)
at sun.reflect.NativeMethodAccessorImpl.invoke(NativeMethodAccessorImpl.java:62)
at sun.reflect.DelegatingMethodAccessorImpl.invoke(DelegatingMethodAccessorImpl.java:43)
at java.lang.reflect.Method.invoke(Method.java:498)
at org.testng.internal.MethodInvocationHelper.invokeMethod(MethodInvocationHelper.java:124)
at org.testng.internal.Invoker.invokeMethod(Invoker.java:580)
at org.testng.internal.Invoker.invokeTestMethod(Invoker.java:716)
at org.testng.internal.Invoker.invokeTestMethods(Invoker.java:988)
at org.testng.internal.TestMethodWorker.invokeTestMethods(TestMethodWorker.java:125)
at org.testng.internal.TestMethodWorker.run(TestMethodWorker.java:109)
at org.testng.TestRunner.privateRun(TestRunner.java:648)
at org.testng.TestRunner.run(TestRunner.java:505)
at org.testng.SuiteRunner.runTest(SuiteRunner.java:455)
at org.testng.SuiteRunner.runSequentially(SuiteRunner.java:450)
at org.testng.SuiteRunner.privateRun(SuiteRunner.java:415)
at org.testng.SuiteRunner.run(SuiteRunner.java:364)
at org.testng.SuiteRunnerWorker.runSuite(SuiteRunnerWorker.java:52)
at org.testng.SuiteRunnerWorker.run(SuiteRunnerWorker.java:84)
at org.testng.TestNG.runSuitesSequentially(TestNG.java:1208)
at org.testng.TestNG.runSuitesLocally(TestNG.java:1137)
at org.testng.TestNG.runSuites(TestNG.java:1049)
at org.testng.TestNG.run(TestNG.java:1017)
at org.testng.remote.AbstractRemoteTestNG.run(AbstractRemoteTestNG.java:114)
at org.testng.remote.RemoteTestNG.initAndRun(RemoteTestNG.java:251)
at org.testng.remote.RemoteTestNG.main(RemoteTestNG.java:77)
]]>
    </failure>
  </testcase> <!-- configureOverDraftFees -->
  <testcase name="configureOverDraftClassFactors" time="71.305" classname="fawry.sofAutomation.testsActions.BasicDefinitions.ConfigureCspOverDraftClassFactorsTest"/>
  <testcase name="configureOverDraftClassFactors" time="6.645" classname="fawry.sofAutomation.testsActions.BasicDefinitions.ConfigureCspOverDraftClassFactorsTest"/>
  <testcase name="configureOverDraftClassFactors" time="74.111" classname="fawry.sofAutomation.testsActions.BasicDefinitions.ConfigureCspOverDraftClassFactorsTest"/>
  <testcase name="configureOverDraftClassFactors" time="68.164" classname="fawry.sofAutomation.testsActions.BasicDefinitions.ConfigureCspOverDraftClassFactorsTest"/>
  <testcase name="configureCSPSettings" time="30.224" classname="fawry.sofAutomation.testsActions.BasicDefinitions.ConfigureCspSettingsTest"/>
  <testcase name="configureCSPSettings" time="76.518" classname="fawry.sofAutomation.testsActions.BasicDefinitions.ConfigureCspSettingsTest"/>
  <testcase name="searchFinanceProgramSetup" time="7.759" classname="fawry.sofAutomation.testsActions.BasicDefinitions.SearchFinanceProgramSetupTest">
    <failure type="java.lang.AssertionError" message="The following asserts failed:
	Error; Data shown on web table and in db does NOT matchIn test Case With ID of expected [true] but found [false]">
      <![CDATA[java.lang.AssertionError: The following asserts failed:
Error; Data shown on web table and in db does NOT matchIn test Case With ID of expected [true] but found [false]
at org.testng.asserts.SoftAssert.assertAll(SoftAssert.java:43)
at fawry.sofAutomation.testsActions.BasicDefinitions.SearchFinanceProgramSetupTest.searchFinanceProgramSetup(SearchFinanceProgramSetupTest.java:86)
at sun.reflect.NativeMethodAccessorImpl.invoke0(Native Method)
at sun.reflect.NativeMethodAccessorImpl.invoke(NativeMethodAccessorImpl.java:62)
at sun.reflect.DelegatingMethodAccessorImpl.invoke(DelegatingMethodAccessorImpl.java:43)
at java.lang.reflect.Method.invoke(Method.java:498)
at org.testng.internal.MethodInvocationHelper.invokeMethod(MethodInvocationHelper.java:124)
at org.testng.internal.Invoker.invokeMethod(Invoker.java:580)
at org.testng.internal.Invoker.invokeTestMethod(Invoker.java:716)
at org.testng.internal.Invoker.invokeTestMethods(Invoker.java:988)
at org.testng.internal.TestMethodWorker.invokeTestMethods(TestMethodWorker.java:125)
at org.testng.internal.TestMethodWorker.run(TestMethodWorker.java:109)
at org.testng.TestRunner.privateRun(TestRunner.java:648)
at org.testng.TestRunner.run(TestRunner.java:505)
at org.testng.SuiteRunner.runTest(SuiteRunner.java:455)
at org.testng.SuiteRunner.runSequentially(SuiteRunner.java:450)
at org.testng.SuiteRunner.privateRun(SuiteRunner.java:415)
at org.testng.SuiteRunner.run(SuiteRunner.java:364)
at org.testng.SuiteRunnerWorker.runSuite(SuiteRunnerWorker.java:52)
at org.testng.SuiteRunnerWorker.run(SuiteRunnerWorker.java:84)
at org.testng.TestNG.runSuitesSequentially(TestNG.java:1208)
at org.testng.TestNG.runSuitesLocally(TestNG.java:1137)
at org.testng.TestNG.runSuites(TestNG.java:1049)
at org.testng.TestNG.run(TestNG.java:1017)
at org.testng.remote.AbstractRemoteTestNG.run(AbstractRemoteTestNG.java:114)
at org.testng.remote.RemoteTestNG.initAndRun(RemoteTestNG.java:251)
at org.testng.remote.RemoteTestNG.main(RemoteTestNG.java:77)
]]>
    </failure>
  </testcase> <!-- searchFinanceProgramSetup -->
  <testcase name="searchFinanceProgramSetup" time="61.169" classname="fawry.sofAutomation.testsActions.BasicDefinitions.SearchFinanceProgramSetupTest"/>
  <testcase name="searchFinanceProgramSetup" time="94.042" classname="fawry.sofAutomation.testsActions.BasicDefinitions.SearchFinanceProgramSetupTest">
    <failure type="org.openqa.selenium.NoSuchElementException" message="no such element: Unable to locate element: {&amp;quot;method&amp;quot;:&amp;quot;xpath&amp;quot;,&amp;quot;selector&amp;quot;:&amp;quot;//*[@id=&amp;quot;searchTrx:tableEx1&amp;quot;]/tbody&amp;quot;}
  (Session info: chrome=75.0.3770.100)
  (Driver info: chromedriver=74.0.3729.6 (255758eccf3d244491b8a1317aa76e1ce10d57e9-refs/branch-heads/3729@{#29}),platform=Windows NT 6.1.7601 SP1 x86_64) (WARNING: The server did not provide any stacktrace information)
Command duration or timeout: 0 milliseconds
For documentation on this error, please visit: https://www.seleniumhq.org/exceptions/no_such_element.html
Build info: version: &amp;apos;3.141.59&amp;apos;, revision: &amp;apos;e82be7d358&amp;apos;, time: &amp;apos;2018-11-14T08:17:03&amp;apos;
System info: host: &amp;apos;FB-133&amp;apos;, ip: &amp;apos;10.5.12.107&amp;apos;, os.name: &amp;apos;Windows 7&amp;apos;, os.arch: &amp;apos;amd64&amp;apos;, os.version: &amp;apos;6.1&amp;apos;, java.version: &amp;apos;1.8.0_112&amp;apos;
Driver info: org.openqa.selenium.chrome.ChromeDriver
Capabilities {acceptInsecureCerts: false, acceptSslCerts: false, applicationCacheEnabled: false, browserConnectionEnabled: false, browserName: chrome, chrome: {chromedriverVersion: 74.0.3729.6 (255758eccf3d24..., userDataDir: C:\Users\TAREQ~1.SHA\AppDat...}, cssSelectorsEnabled: true, databaseEnabled: false, goog:chromeOptions: {debuggerAddress: localhost:41246}, handlesAlerts: true, hasTouchScreen: false, javascriptEnabled: true, locationContextEnabled: true, mobileEmulationEnabled: false, nativeEvents: true, networkConnectionEnabled: false, pageLoadStrategy: normal, platform: XP, platformName: XP, proxy: Proxy(), rotatable: false, setWindowRect: true, strictFileInteractability: false, takesHeapSnapshot: true, takesScreenshot: true, timeouts: {implicit: 0, pageLoad: 300000, script: 30000}, unexpectedAlertBehaviour: ignore, unhandledPromptBehavior: ignore, version: 75.0.3770.100, webStorageEnabled: true}
Session ID: b8acf1a6f932647a21005abb6c524828
*** Element info: {Using=xpath, value=//*[@id=&amp;quot;searchTrx:tableEx1&amp;quot;]/tbody}">
      <![CDATA[org.openqa.selenium.NoSuchElementException: no such element: Unable to locate element: {"method":"xpath","selector":"//*[@id="searchTrx:tableEx1"]/tbody"}
  (Session info: chrome=75.0.3770.100)
  (Driver info: chromedriver=74.0.3729.6 (255758eccf3d244491b8a1317aa76e1ce10d57e9-refs/branch-heads/3729@{#29}),platform=Windows NT 6.1.7601 SP1 x86_64) (WARNING: The server did not provide any stacktrace information)
Command duration or timeout: 0 milliseconds
For documentation on this error, please visit: https://www.seleniumhq.org/exceptions/no_such_element.html
Build info: version: '3.141.59', revision: 'e82be7d358', time: '2018-11-14T08:17:03'
System info: host: 'FB-133', ip: '10.5.12.107', os.name: 'Windows 7', os.arch: 'amd64', os.version: '6.1', java.version: '1.8.0_112'
Driver info: org.openqa.selenium.chrome.ChromeDriver
Capabilities {acceptInsecureCerts: false, acceptSslCerts: false, applicationCacheEnabled: false, browserConnectionEnabled: false, browserName: chrome, chrome: {chromedriverVersion: 74.0.3729.6 (255758eccf3d24..., userDataDir: C:\Users\TAREQ~1.SHA\AppDat...}, cssSelectorsEnabled: true, databaseEnabled: false, goog:chromeOptions: {debuggerAddress: localhost:41246}, handlesAlerts: true, hasTouchScreen: false, javascriptEnabled: true, locationContextEnabled: true, mobileEmulationEnabled: false, nativeEvents: true, networkConnectionEnabled: false, pageLoadStrategy: normal, platform: XP, platformName: XP, proxy: Proxy(), rotatable: false, setWindowRect: true, strictFileInteractability: false, takesHeapSnapshot: true, takesScreenshot: true, timeouts: {implicit: 0, pageLoad: 300000, script: 30000}, unexpectedAlertBehaviour: ignore, unhandledPromptBehavior: ignore, version: 75.0.3770.100, webStorageEnabled: true}
Session ID: b8acf1a6f932647a21005abb6c524828
*** Element info: {Using=xpath, value=//*[@id="searchTrx:tableEx1"]/tbody}
at sun.reflect.NativeConstructorAccessorImpl.newInstance0(Native Method)
at sun.reflect.NativeConstructorAccessorImpl.newInstance(NativeConstructorAccessorImpl.java:62)
at sun.reflect.DelegatingConstructorAccessorImpl.newInstance(DelegatingConstructorAccessorImpl.java:45)
at java.lang.reflect.Constructor.newInstance(Constructor.java:423)
at org.openqa.selenium.remote.ErrorHandler.createThrowable(ErrorHandler.java:214)
at org.openqa.selenium.remote.ErrorHandler.throwIfResponseFailed(ErrorHandler.java:166)
at org.openqa.selenium.remote.http.JsonHttpResponseCodec.reconstructValue(JsonHttpResponseCodec.java:40)
at org.openqa.selenium.remote.http.AbstractHttpResponseCodec.decode(AbstractHttpResponseCodec.java:80)
at org.openqa.selenium.remote.http.AbstractHttpResponseCodec.decode(AbstractHttpResponseCodec.java:44)
at org.openqa.selenium.remote.HttpCommandExecutor.execute(HttpCommandExecutor.java:158)
at org.openqa.selenium.remote.service.DriverCommandExecutor.execute(DriverCommandExecutor.java:83)
at org.openqa.selenium.remote.RemoteWebDriver.execute(RemoteWebDriver.java:552)
at org.openqa.selenium.remote.RemoteWebDriver.findElement(RemoteWebDriver.java:323)
at org.openqa.selenium.remote.RemoteWebDriver.findElementByXPath(RemoteWebDriver.java:428)
at org.openqa.selenium.By$ByXPath.findElement(By.java:353)
at org.openqa.selenium.remote.RemoteWebDriver.findElement(RemoteWebDriver.java:315)
at org.openqa.selenium.support.pagefactory.DefaultElementLocator.findElement(DefaultElementLocator.java:69)
at org.openqa.selenium.support.pagefactory.internal.LocatingElementHandler.invoke(LocatingElementHandler.java:38)
at com.sun.proxy.$Proxy17.findElements(Unknown Source)
at fawry.sofAutomation.tablesVerification.basicDefinitions.SearchFinanceTableVerifications.searchFinanceSetup(SearchFinanceTableVerifications.java:37)
at fawry.sofAutomation.testsActions.BasicDefinitions.SearchFinanceProgramSetupTest.searchFinanceProgramSetup(SearchFinanceProgramSetupTest.java:76)
at sun.reflect.NativeMethodAccessorImpl.invoke0(Native Method)
at sun.reflect.NativeMethodAccessorImpl.invoke(NativeMethodAccessorImpl.java:62)
at sun.reflect.DelegatingMethodAccessorImpl.invoke(DelegatingMethodAccessorImpl.java:43)
at java.lang.reflect.Method.invoke(Method.java:498)
at org.testng.internal.MethodInvocationHelper.invokeMethod(MethodInvocationHelper.java:124)
at org.testng.internal.Invoker.invokeMethod(Invoker.java:580)
at org.testng.internal.Invoker.invokeTestMethod(Invoker.java:716)
at org.testng.internal.Invoker.invokeTestMethods(Invoker.java:988)
at org.testng.internal.TestMethodWorker.invokeTestMethods(TestMethodWorker.java:125)
at org.testng.internal.TestMethodWorker.run(TestMethodWorker.java:109)
at org.testng.TestRunner.privateRun(TestRunner.java:648)
at org.testng.TestRunner.run(TestRunner.java:505)
at org.testng.SuiteRunner.runTest(SuiteRunner.java:455)
at org.testng.SuiteRunner.runSequentially(SuiteRunner.java:450)
at org.testng.SuiteRunner.privateRun(SuiteRunner.java:415)
at org.testng.SuiteRunner.run(SuiteRunner.java:364)
at org.testng.SuiteRunnerWorker.runSuite(SuiteRunnerWorker.java:52)
at org.testng.SuiteRunnerWorker.run(SuiteRunnerWorker.java:84)
at org.testng.TestNG.runSuitesSequentially(TestNG.java:1208)
at org.testng.TestNG.runSuitesLocally(TestNG.java:1137)
at org.testng.TestNG.runSuites(TestNG.java:1049)
at org.testng.TestNG.run(TestNG.java:1017)
at org.testng.remote.AbstractRemoteTestNG.run(AbstractRemoteTestNG.java:114)
at org.testng.remote.RemoteTestNG.initAndRun(RemoteTestNG.java:251)
at org.testng.remote.RemoteTestNG.main(RemoteTestNG.java:77)
]]>
    </failure>
  </testcase> <!-- searchFinanceProgramSetup -->
  <testcase name="searchFinanceProgramSetup" time="31.35" classname="fawry.sofAutomation.testsActions.BasicDefinitions.SearchFinanceProgramSetupTest"/>
  <testcase name="addVelocityCriteria" time="65.383" classname="fawry.sofAutomation.testsActions.BasicDefinitions.AddVelocityCriteriaTest">
    <failure type="java.lang.AssertionError" message="The following asserts failed:
	Error; Expected in Excel And actual on web page does NOT match expected [true] but found [false],
	Error; Data shown on web table and in db does NOT matchIn test Case With ID of expected [true] but found [false]">
      <![CDATA[java.lang.AssertionError: The following asserts failed:
Error; Expected in Excel And actual on web page does NOT match expected [true] but found [false],
Error; Data shown on web table and in db does NOT matchIn test Case With ID of expected [true] but found [false]
at org.testng.asserts.SoftAssert.assertAll(SoftAssert.java:43)
at fawry.sofAutomation.testsActions.BasicDefinitions.AddVelocityCriteriaTest.addVelocityCriteria(AddVelocityCriteriaTest.java:90)
at sun.reflect.NativeMethodAccessorImpl.invoke0(Native Method)
at sun.reflect.NativeMethodAccessorImpl.invoke(NativeMethodAccessorImpl.java:62)
at sun.reflect.DelegatingMethodAccessorImpl.invoke(DelegatingMethodAccessorImpl.java:43)
at java.lang.reflect.Method.invoke(Method.java:498)
at org.testng.internal.MethodInvocationHelper.invokeMethod(MethodInvocationHelper.java:124)
at org.testng.internal.Invoker.invokeMethod(Invoker.java:580)
at org.testng.internal.Invoker.invokeTestMethod(Invoker.java:716)
at org.testng.internal.Invoker.invokeTestMethods(Invoker.java:988)
at org.testng.internal.TestMethodWorker.invokeTestMethods(TestMethodWorker.java:125)
at org.testng.internal.TestMethodWorker.run(TestMethodWorker.java:109)
at org.testng.TestRunner.privateRun(TestRunner.java:648)
at org.testng.TestRunner.run(TestRunner.java:505)
at org.testng.SuiteRunner.runTest(SuiteRunner.java:455)
at org.testng.SuiteRunner.runSequentially(SuiteRunner.java:450)
at org.testng.SuiteRunner.privateRun(SuiteRunner.java:415)
at org.testng.SuiteRunner.run(SuiteRunner.java:364)
at org.testng.SuiteRunnerWorker.runSuite(SuiteRunnerWorker.java:52)
at org.testng.SuiteRunnerWorker.run(SuiteRunnerWorker.java:84)
at org.testng.TestNG.runSuitesSequentially(TestNG.java:1208)
at org.testng.TestNG.runSuitesLocally(TestNG.java:1137)
at org.testng.TestNG.runSuites(TestNG.java:1049)
at org.testng.TestNG.run(TestNG.java:1017)
at org.testng.remote.AbstractRemoteTestNG.run(AbstractRemoteTestNG.java:114)
at org.testng.remote.RemoteTestNG.initAndRun(RemoteTestNG.java:251)
at org.testng.remote.RemoteTestNG.main(RemoteTestNG.java:77)
]]>
    </failure>
  </testcase> <!-- addVelocityCriteria -->
  <testcase name="addVelocityCriteria" time="62.51" classname="fawry.sofAutomation.testsActions.BasicDefinitions.AddVelocityCriteriaTest"/>
  <testcase name="searchVelocityCriteria" time="2.596" classname="fawry.sofAutomation.testsActions.BasicDefinitions.SearchVelocityCriteriaTest"/>
  <testcase name="EditVelocityCriteria" time="4.303" classname="fawry.sofAutomation.testsActions.BasicDefinitions.EditVelocityCriteriaTest"/>
  <testcase name="EditVelocityCriteria" time="61.563" classname="fawry.sofAutomation.testsActions.BasicDefinitions.EditVelocityCriteriaTest"/>
  <testcase name="EditVelocityCriteria" time="32.731" classname="fawry.sofAutomation.testsActions.BasicDefinitions.EditVelocityCriteriaTest"/>
  <testcase name="EditVelocityCriteria" time="62.628" classname="fawry.sofAutomation.testsActions.BasicDefinitions.EditVelocityCriteriaTest"/>
  <testcase name="EditVelocityCriteria" time="62.432" classname="fawry.sofAutomation.testsActions.BasicDefinitions.EditVelocityCriteriaTest"/>
  <testcase name="EditVelocityCriteria" time="2.045" classname="fawry.sofAutomation.testsActions.BasicDefinitions.EditVelocityCriteriaTest">
    <failure type="java.lang.AssertionError" message="The following asserts failed:
	Error; Data shown on web table and in db does NOT matchIn test Case With ID of expected [true] but found [false]">
      <![CDATA[java.lang.AssertionError: The following asserts failed:
Error; Data shown on web table and in db does NOT matchIn test Case With ID of expected [true] but found [false]
at org.testng.asserts.SoftAssert.assertAll(SoftAssert.java:43)
at fawry.sofAutomation.testsActions.BasicDefinitions.EditVelocityCriteriaTest.EditVelocityCriteria(EditVelocityCriteriaTest.java:87)
at sun.reflect.NativeMethodAccessorImpl.invoke0(Native Method)
at sun.reflect.NativeMethodAccessorImpl.invoke(NativeMethodAccessorImpl.java:62)
at sun.reflect.DelegatingMethodAccessorImpl.invoke(DelegatingMethodAccessorImpl.java:43)
at java.lang.reflect.Method.invoke(Method.java:498)
at org.testng.internal.MethodInvocationHelper.invokeMethod(MethodInvocationHelper.java:124)
at org.testng.internal.Invoker.invokeMethod(Invoker.java:580)
at org.testng.internal.Invoker.invokeTestMethod(Invoker.java:716)
at org.testng.internal.Invoker.invokeTestMethods(Invoker.java:988)
at org.testng.internal.TestMethodWorker.invokeTestMethods(TestMethodWorker.java:125)
at org.testng.internal.TestMethodWorker.run(TestMethodWorker.java:109)
at org.testng.TestRunner.privateRun(TestRunner.java:648)
at org.testng.TestRunner.run(TestRunner.java:505)
at org.testng.SuiteRunner.runTest(SuiteRunner.java:455)
at org.testng.SuiteRunner.runSequentially(SuiteRunner.java:450)
at org.testng.SuiteRunner.privateRun(SuiteRunner.java:415)
at org.testng.SuiteRunner.run(SuiteRunner.java:364)
at org.testng.SuiteRunnerWorker.runSuite(SuiteRunnerWorker.java:52)
at org.testng.SuiteRunnerWorker.run(SuiteRunnerWorker.java:84)
at org.testng.TestNG.runSuitesSequentially(TestNG.java:1208)
at org.testng.TestNG.runSuitesLocally(TestNG.java:1137)
at org.testng.TestNG.runSuites(TestNG.java:1049)
at org.testng.TestNG.run(TestNG.java:1017)
at org.testng.remote.AbstractRemoteTestNG.run(AbstractRemoteTestNG.java:114)
at org.testng.remote.RemoteTestNG.initAndRun(RemoteTestNG.java:251)
at org.testng.remote.RemoteTestNG.main(RemoteTestNG.java:77)
]]>
    </failure>
  </testcase> <!-- EditVelocityCriteria -->
  <testcase name="@AfterSuite endTest" time="0.0" classname="fawry.sofAutomation.testsActions.basic.BasicTest">
    <ignored/>
  </testcase> <!-- @AfterSuite endTest -->
  <testcase name="@AfterSuite endTest" time="0.0" classname="fawry.sofAutomation.testsActions.basic.BasicTest">
    <ignored/>
  </testcase> <!-- @AfterSuite endTest -->
  <testcase name="@AfterSuite endTest" time="0.0" classname="fawry.sofAutomation.testsActions.basic.BasicTest">
    <ignored/>
  </testcase> <!-- @AfterSuite endTest -->
  <testcase name="@AfterSuite endTest" time="0.0" classname="fawry.sofAutomation.testsActions.basic.BasicTest">
    <ignored/>
  </testcase> <!-- @AfterSuite endTest -->
  <testcase name="@AfterSuite endTest" time="0.0" classname="fawry.sofAutomation.testsActions.basic.BasicTest">
    <ignored/>
  </testcase> <!-- @AfterSuite endTest -->
  <testcase name="@AfterSuite endTest" time="0.0" classname="fawry.sofAutomation.testsActions.basic.BasicTest">
    <ignored/>
  </testcase> <!-- @AfterSuite endTest -->
  <testcase name="@AfterSuite endTest" time="0.0" classname="fawry.sofAutomation.testsActions.basic.BasicTest">
    <ignored/>
  </testcase> <!-- @AfterSuite endTest -->
  <testcase name="@AfterSuite endTest" time="0.0" classname="fawry.sofAutomation.testsActions.basic.BasicTest">
    <ignored/>
  </testcase> <!-- @AfterSuite endTest -->
  <testcase name="@AfterSuite endTest" time="0.0" classname="fawry.sofAutomation.testsActions.basic.BasicTest">
    <ignored/>
  </testcase> <!-- @AfterSuite endTest -->
  <testcase name="@AfterSuite endTest" time="0.0" classname="fawry.sofAutomation.testsActions.basic.BasicTest">
    <ignored/>
  </testcase> <!-- @AfterSuite endTest -->
  <testcase name="@AfterSuite endTest" time="0.0" classname="fawry.sofAutomation.testsActions.basic.BasicTest">
    <ignored/>
  </testcase> <!-- @AfterSuite endTest -->
  <testcase name="@AfterSuite endTest" time="0.0" classname="fawry.sofAutomation.testsActions.basic.BasicTest">
    <ignored/>
  </testcase> <!-- @AfterSuite endTest -->
  <testcase name="@AfterSuite endTest" time="0.0" classname="fawry.sofAutomation.testsActions.basic.BasicTest">
    <ignored/>
  </testcase> <!-- @AfterSuite endTest -->
  <testcase name="@AfterSuite endTest" time="0.0" classname="fawry.sofAutomation.testsActions.basic.BasicTest">
    <ignored/>
  </testcase> <!-- @AfterSuite endTest -->
  <testcase name="@AfterSuite endTest" time="0.0" classname="fawry.sofAutomation.testsActions.basic.BasicTest">
    <ignored/>
  </testcase> <!-- @AfterSuite endTest -->
  <testcase name="@AfterSuite endTest" time="0.0" classname="fawry.sofAutomation.testsActions.basic.BasicTest">
    <ignored/>
  </testcase> <!-- @AfterSuite endTest -->
  <testcase name="@AfterSuite endTest" time="0.0" classname="fawry.sofAutomation.testsActions.basic.BasicTest">
    <ignored/>
  </testcase> <!-- @AfterSuite endTest -->
  <testcase name="@AfterSuite endTest" time="0.0" classname="fawry.sofAutomation.testsActions.basic.BasicTest">
    <ignored/>
  </testcase> <!-- @AfterSuite endTest -->
  <testcase name="@AfterSuite endTest" time="0.0" classname="fawry.sofAutomation.testsActions.basic.BasicTest">
    <ignored/>
  </testcase> <!-- @AfterSuite endTest -->
  <testcase name="@AfterSuite endTest" time="0.0" classname="fawry.sofAutomation.testsActions.basic.BasicTest">
    <ignored/>
  </testcase> <!-- @AfterSuite endTest -->
  <testcase name="@AfterSuite endTest" time="0.0" classname="fawry.sofAutomation.testsActions.basic.BasicTest">
    <ignored/>
  </testcase> <!-- @AfterSuite endTest -->
  <testcase name="@BeforeSuite deleteOldFiles" time="0.0" classname="fawry.sofAutomation.testsActions.basic.BasicTest">
    <ignored/>
  </testcase> <!-- @BeforeSuite deleteOldFiles -->
  <testcase name="@BeforeSuite deleteOldFiles" time="0.0" classname="fawry.sofAutomation.testsActions.basic.BasicTest">
    <ignored/>
  </testcase> <!-- @BeforeSuite deleteOldFiles -->
  <testcase name="@BeforeSuite deleteOldFiles" time="0.0" classname="fawry.sofAutomation.testsActions.basic.BasicTest">
    <ignored/>
  </testcase> <!-- @BeforeSuite deleteOldFiles -->
  <testcase name="@BeforeSuite deleteOldFiles" time="0.0" classname="fawry.sofAutomation.testsActions.basic.BasicTest">
    <ignored/>
  </testcase> <!-- @BeforeSuite deleteOldFiles -->
  <testcase name="@BeforeSuite deleteOldFiles" time="0.0" classname="fawry.sofAutomation.testsActions.basic.BasicTest">
    <ignored/>
  </testcase> <!-- @BeforeSuite deleteOldFiles -->
  <testcase name="@BeforeSuite deleteOldFiles" time="0.0" classname="fawry.sofAutomation.testsActions.basic.BasicTest">
    <ignored/>
  </testcase> <!-- @BeforeSuite deleteOldFiles -->
  <testcase name="@BeforeSuite deleteOldFiles" time="0.0" classname="fawry.sofAutomation.testsActions.basic.BasicTest">
    <ignored/>
  </testcase> <!-- @BeforeSuite deleteOldFiles -->
  <testcase name="@BeforeSuite deleteOldFiles" time="0.0" classname="fawry.sofAutomation.testsActions.basic.BasicTest">
    <ignored/>
  </testcase> <!-- @BeforeSuite deleteOldFiles -->
  <testcase name="@BeforeSuite deleteOldFiles" time="0.0" classname="fawry.sofAutomation.testsActions.basic.BasicTest">
    <ignored/>
  </testcase> <!-- @BeforeSuite deleteOldFiles -->
  <testcase name="@BeforeSuite deleteOldFiles" time="0.0" classname="fawry.sofAutomation.testsActions.basic.BasicTest">
    <ignored/>
  </testcase> <!-- @BeforeSuite deleteOldFiles -->
  <testcase name="@BeforeSuite deleteOldFiles" time="0.0" classname="fawry.sofAutomation.testsActions.basic.BasicTest">
    <ignored/>
  </testcase> <!-- @BeforeSuite deleteOldFiles -->
  <testcase name="@BeforeSuite deleteOldFiles" time="0.0" classname="fawry.sofAutomation.testsActions.basic.BasicTest">
    <ignored/>
  </testcase> <!-- @BeforeSuite deleteOldFiles -->
  <testcase name="@BeforeSuite deleteOldFiles" time="0.0" classname="fawry.sofAutomation.testsActions.basic.BasicTest">
    <ignored/>
  </testcase> <!-- @BeforeSuite deleteOldFiles -->
  <testcase name="@BeforeSuite deleteOldFiles" time="0.0" classname="fawry.sofAutomation.testsActions.basic.BasicTest">
    <ignored/>
  </testcase> <!-- @BeforeSuite deleteOldFiles -->
  <testcase name="@BeforeSuite deleteOldFiles" time="0.0" classname="fawry.sofAutomation.testsActions.basic.BasicTest">
    <ignored/>
  </testcase> <!-- @BeforeSuite deleteOldFiles -->
  <testcase name="@BeforeSuite deleteOldFiles" time="0.0" classname="fawry.sofAutomation.testsActions.basic.BasicTest">
    <ignored/>
  </testcase> <!-- @BeforeSuite deleteOldFiles -->
  <testcase name="@BeforeSuite deleteOldFiles" time="0.0" classname="fawry.sofAutomation.testsActions.basic.BasicTest">
    <ignored/>
  </testcase> <!-- @BeforeSuite deleteOldFiles -->
  <testcase name="@BeforeSuite deleteOldFiles" time="0.0" classname="fawry.sofAutomation.testsActions.basic.BasicTest">
    <ignored/>
  </testcase> <!-- @BeforeSuite deleteOldFiles -->
  <testcase name="@BeforeSuite deleteOldFiles" time="0.0" classname="fawry.sofAutomation.testsActions.basic.BasicTest">
    <ignored/>
  </testcase> <!-- @BeforeSuite deleteOldFiles -->
  <testcase name="@BeforeSuite deleteOldFiles" time="0.0" classname="fawry.sofAutomation.testsActions.basic.BasicTest">
    <ignored/>
  </testcase> <!-- @BeforeSuite deleteOldFiles -->
  <testcase name="@BeforeSuite deleteOldFiles" time="0.0" classname="fawry.sofAutomation.testsActions.basic.BasicTest">
    <ignored/>
  </testcase> <!-- @BeforeSuite deleteOldFiles -->
  <testcase name="@BeforeSuite setExtent" time="0.0" classname="fawry.sofAutomation.testsActions.basic.BasicTest">
    <ignored/>
  </testcase> <!-- @BeforeSuite setExtent -->
  <testcase name="@BeforeSuite setExtent" time="0.0" classname="fawry.sofAutomation.testsActions.basic.BasicTest">
    <ignored/>
  </testcase> <!-- @BeforeSuite setExtent -->
  <testcase name="@BeforeSuite setExtent" time="0.0" classname="fawry.sofAutomation.testsActions.basic.BasicTest">
    <ignored/>
  </testcase> <!-- @BeforeSuite setExtent -->
  <testcase name="@BeforeSuite setExtent" time="0.0" classname="fawry.sofAutomation.testsActions.basic.BasicTest">
    <ignored/>
  </testcase> <!-- @BeforeSuite setExtent -->
  <testcase name="@BeforeSuite setExtent" time="0.0" classname="fawry.sofAutomation.testsActions.basic.BasicTest">
    <ignored/>
  </testcase> <!-- @BeforeSuite setExtent -->
  <testcase name="@BeforeSuite setExtent" time="0.0" classname="fawry.sofAutomation.testsActions.basic.BasicTest">
    <ignored/>
  </testcase> <!-- @BeforeSuite setExtent -->
  <testcase name="@BeforeSuite setExtent" time="0.0" classname="fawry.sofAutomation.testsActions.basic.BasicTest">
    <ignored/>
  </testcase> <!-- @BeforeSuite setExtent -->
  <testcase name="@BeforeSuite setExtent" time="0.0" classname="fawry.sofAutomation.testsActions.basic.BasicTest">
    <ignored/>
  </testcase> <!-- @BeforeSuite setExtent -->
  <testcase name="@BeforeSuite setExtent" time="0.0" classname="fawry.sofAutomation.testsActions.basic.BasicTest">
    <ignored/>
  </testcase> <!-- @BeforeSuite setExtent -->
  <testcase name="@BeforeSuite setExtent" time="0.0" classname="fawry.sofAutomation.testsActions.basic.BasicTest">
    <ignored/>
  </testcase> <!-- @BeforeSuite setExtent -->
  <testcase name="@BeforeSuite setExtent" time="0.0" classname="fawry.sofAutomation.testsActions.basic.BasicTest">
    <ignored/>
  </testcase> <!-- @BeforeSuite setExtent -->
  <testcase name="@BeforeSuite setExtent" time="0.0" classname="fawry.sofAutomation.testsActions.basic.BasicTest">
    <ignored/>
  </testcase> <!-- @BeforeSuite setExtent -->
  <testcase name="@BeforeSuite setExtent" time="0.0" classname="fawry.sofAutomation.testsActions.basic.BasicTest">
    <ignored/>
  </testcase> <!-- @BeforeSuite setExtent -->
  <testcase name="@BeforeSuite setExtent" time="0.0" classname="fawry.sofAutomation.testsActions.basic.BasicTest">
    <ignored/>
  </testcase> <!-- @BeforeSuite setExtent -->
  <testcase name="@BeforeSuite setExtent" time="0.0" classname="fawry.sofAutomation.testsActions.basic.BasicTest">
    <ignored/>
  </testcase> <!-- @BeforeSuite setExtent -->
  <testcase name="@BeforeSuite setExtent" time="0.0" classname="fawry.sofAutomation.testsActions.basic.BasicTest">
    <ignored/>
  </testcase> <!-- @BeforeSuite setExtent -->
  <testcase name="@BeforeSuite setExtent" time="0.0" classname="fawry.sofAutomation.testsActions.basic.BasicTest">
    <ignored/>
  </testcase> <!-- @BeforeSuite setExtent -->
  <testcase name="@BeforeSuite setExtent" time="0.0" classname="fawry.sofAutomation.testsActions.basic.BasicTest">
    <ignored/>
  </testcase> <!-- @BeforeSuite setExtent -->
  <testcase name="@BeforeSuite setExtent" time="0.0" classname="fawry.sofAutomation.testsActions.basic.BasicTest">
    <ignored/>
  </testcase> <!-- @BeforeSuite setExtent -->
  <testcase name="@BeforeSuite setExtent" time="0.0" classname="fawry.sofAutomation.testsActions.basic.BasicTest">
    <ignored/>
  </testcase> <!-- @BeforeSuite setExtent -->
  <testcase name="@BeforeSuite setExtent" time="0.0" classname="fawry.sofAutomation.testsActions.basic.BasicTest">
    <ignored/>
  </testcase> <!-- @BeforeSuite setExtent -->
</testsuite> <!-- MainTest -->
