<html>
<head>
<title>TestNG:  MainTest</title>
<link href="../testng.css" rel="stylesheet" type="text/css" />
<link href="../my-testng.css" rel="stylesheet" type="text/css" />

<style type="text/css">
.log { display: none;} 
.stack-trace { display: none;} 
</style>
<script type="text/javascript">
<!--
function flip(e) {
  current = e.style.display;
  if (current == 'block') {
    e.style.display = 'none';
    return 0;
  }
  else {
    e.style.display = 'block';
    return 1;
  }
}

function toggleBox(szDivId, elem, msg1, msg2)
{
  var res = -1;  if (document.getElementById) {
    res = flip(document.getElementById(szDivId));
  }
  else if (document.all) {
    // this is the way old msie versions work
    res = flip(document.all[szDivId]);
  }
  if(elem) {
    if(res == 0) elem.innerHTML = msg1; else elem.innerHTML = msg2;
  }

}

function toggleAllBoxes() {
  if (document.getElementsByTagName) {
    d = document.getElementsByTagName('div');
    for (i = 0; i < d.length; i++) {
      if (d[i].className == 'log') {
        flip(d[i]);
      }
    }
  }
}

// -->
</script>

</head>
<body>
<h2 align='center'>MainTest</h2><table border='1' align="center">
<tr>
<td>Tests passed/Failed/Skipped:</td><td>19/7/0</td>
</tr><tr>
<td>Started on:</td><td>Mon Jul 01 11:46:14 EET 2019</td>
</tr>
<tr><td>Total time:</td><td>1244 seconds (1244053 ms)</td>
</tr><tr>
<td>Included groups:</td><td></td>
</tr><tr>
<td>Excluded groups:</td><td></td>
</tr>
</table><p/>
<small><i>(Hover the method name to see the test class name)</i></small><p/>
<table width='100%' border='1' class='invocation-failed'>
<tr><td colspan='4' align='center'><b>FAILED TESTS</b></td></tr>
<tr><td><b>Test method</b></td>
<td width="30%"><b>Exception</b></td>
<td width="10%"><b>Time (seconds)</b></td>
<td><b>Instance</b></td>
</tr>
<tr>
<td title='fawry.sofAutomation.testsActions.BasicDefinitions.EditVelocityCriteriaTest.EditVelocityCriteria()'><b>EditVelocityCriteria</b><br>Test class: fawry.sofAutomation.testsActions.BasicDefinitions.EditVelocityCriteriaTest<br>Test method: Validate Functionality<br>Parameters: fawry.sofAutomation.pojos.basicDefinitions.VelocityPojo@5c2f5dc</td>
<td><div><pre>java.lang.AssertionError: The following asserts failed:
	Error; Data shown on web table and in db does NOT matchIn test Case With ID of expected [true] but found [false]
	at org.testng.asserts.SoftAssert.assertAll(SoftAssert.java:43)
	at fawry.sofAutomation.testsActions.BasicDefinitions.EditVelocityCriteriaTest.EditVelocityCriteria(EditVelocityCriteriaTest.java:87)
	at sun.reflect.NativeMethodAccessorImpl.invoke0(Native Method)
	at sun.reflect.NativeMethodAccessorImpl.invoke(NativeMethodAccessorImpl.java:62)
	at sun.reflect.DelegatingMethodAccessorImpl.invoke(DelegatingMethodAccessorImpl.java:43)
	at java.lang.reflect.Method.invoke(Method.java:498)
	at org.testng.internal.MethodInvocationHelper.invokeMethod(MethodInvocationHelper.java:124)
	at org.testng.internal.Invoker.invokeMethod(Invoker.java:580)
	at org.testng.internal.Invoker.invokeTestMethod(Invoker.java:716)
	at org.testng.internal.Invoker.invokeTestMethods(Invoker.java:988)
	at org.testng.internal.TestMethodWorker.invokeTestMethods(TestMethodWorker.java:125)
	at org.testng.internal.TestMethodWorker.run(TestMethodWorker.java:109)
	at org.testng.TestRunner.privateRun(TestRunner.java:648)
	at org.testng.TestRunner.run(TestRunner.java:505)
	at org.testng.SuiteRunner.runTest(SuiteRunner.java:455)
	at org.testng.SuiteRunner.runSequentially(SuiteRunner.java:450)
	at org.testng.SuiteRunner.privateRun(SuiteRunner.java:415)
	at org.testng.SuiteRunner.run(SuiteRunner.java:364)
	at org.testng.SuiteRunnerWorker.runSuite(SuiteRunnerWorker.java:52)
	at org.testng.SuiteRunnerWorker.run(SuiteRunnerWorker.java:84)
	at org.testng.TestNG.runSuitesSequentially(TestNG.java:1208)
	at org.testng.TestNG.runSuitesLocally(TestNG.java:1137)
	at org.testng.TestNG.runSuites(TestNG.java:1049)
	at org.testng.TestNG.run(TestNG.java:1017)
	at org.testng.remote.AbstractRemoteTestNG.run(AbstractRemoteTestNG.java:114)
	at org.testng.remote.RemoteTestNG.initAndRun(RemoteTestNG.java:251)
	at org.testng.remote.RemoteTestNG.main(RemoteTestNG.java:77)
</pre></div><a href='#' onClick='toggleBox("stack-trace1715607464", this, "Click to show all stack frames", "Click to hide stack frames")'>Click to show all stack frames</a>
<div class='stack-trace' id='stack-trace1715607464'><pre>java.lang.AssertionError: The following asserts failed:
	Error; Data shown on web table and in db does NOT matchIn test Case With ID of expected [true] but found [false]
	at org.testng.asserts.SoftAssert.assertAll(SoftAssert.java:43)
	at fawry.sofAutomation.testsActions.BasicDefinitions.EditVelocityCriteriaTest.EditVelocityCriteria(EditVelocityCriteriaTest.java:87)
	at sun.reflect.NativeMethodAccessorImpl.invoke0(Native Method)
	at sun.reflect.NativeMethodAccessorImpl.invoke(NativeMethodAccessorImpl.java:62)
	at sun.reflect.DelegatingMethodAccessorImpl.invoke(DelegatingMethodAccessorImpl.java:43)
	at java.lang.reflect.Method.invoke(Method.java:498)
	at org.testng.internal.MethodInvocationHelper.invokeMethod(MethodInvocationHelper.java:124)
	at org.testng.internal.Invoker.invokeMethod(Invoker.java:580)
	at org.testng.internal.Invoker.invokeTestMethod(Invoker.java:716)
	at org.testng.internal.Invoker.invokeTestMethods(Invoker.java:988)
	at org.testng.internal.TestMethodWorker.invokeTestMethods(TestMethodWorker.java:125)
	at org.testng.internal.TestMethodWorker.run(TestMethodWorker.java:109)
	at org.testng.TestRunner.privateRun(TestRunner.java:648)
	at org.testng.TestRunner.run(TestRunner.java:505)
	at org.testng.SuiteRunner.runTest(SuiteRunner.java:455)
	at org.testng.SuiteRunner.runSequentially(SuiteRunner.java:450)
	at org.testng.SuiteRunner.privateRun(SuiteRunner.java:415)
	at org.testng.SuiteRunner.run(SuiteRunner.java:364)
	at org.testng.SuiteRunnerWorker.runSuite(SuiteRunnerWorker.java:52)
	at org.testng.SuiteRunnerWorker.run(SuiteRunnerWorker.java:84)
	at org.testng.TestNG.runSuitesSequentially(TestNG.java:1208)
	at org.testng.TestNG.runSuitesLocally(TestNG.java:1137)
	at org.testng.TestNG.runSuites(TestNG.java:1049)
	at org.testng.TestNG.run(TestNG.java:1017)
	at org.testng.remote.AbstractRemoteTestNG.run(AbstractRemoteTestNG.java:114)
	at org.testng.remote.RemoteTestNG.initAndRun(RemoteTestNG.java:251)
	at org.testng.remote.RemoteTestNG.main(RemoteTestNG.java:77)
</pre></div></td>
<td>2</td>
<td>fawry.sofAutomation.testsActions.BasicDefinitions.EditVelocityCriteriaTest@7ff95560</td></tr>
<tr>
<td title='fawry.sofAutomation.testsActions.BasicDefinitions.AddCspBillTypeTest.addCspBillType()'><b>addCspBillType</b><br>Test class: fawry.sofAutomation.testsActions.BasicDefinitions.AddCspBillTypeTest<br>Test method: Validate addCspBillType Functionality<br>Parameters: fawry.sofAutomation.pojos.basicDefinitions.CspBillTypePojo@5949eba8</td>
<td><div><pre>java.lang.AssertionError: The following asserts failed:
	Actual and Expectted Results not Matched
	at org.testng.asserts.SoftAssert.assertAll(SoftAssert.java:43)
	at fawry.sofAutomation.testsActions.BasicDefinitions.AddCspBillTypeTest.addCspBillType(AddCspBillTypeTest.java:63)
	at sun.reflect.NativeMethodAccessorImpl.invoke0(Native Method)
	at sun.reflect.NativeMethodAccessorImpl.invoke(NativeMethodAccessorImpl.java:62)
	at sun.reflect.DelegatingMethodAccessorImpl.invoke(DelegatingMethodAccessorImpl.java:43)
	at java.lang.reflect.Method.invoke(Method.java:498)
	at org.testng.internal.MethodInvocationHelper.invokeMethod(MethodInvocationHelper.java:124)
	at org.testng.internal.Invoker.invokeMethod(Invoker.java:580)
	at org.testng.internal.Invoker.invokeTestMethod(Invoker.java:716)
	at org.testng.internal.Invoker.invokeTestMethods(Invoker.java:988)
	at org.testng.internal.TestMethodWorker.invokeTestMethods(TestMethodWorker.java:125)
	at org.testng.internal.TestMethodWorker.run(TestMethodWorker.java:109)
	at org.testng.TestRunner.privateRun(TestRunner.java:648)
	at org.testng.TestRunner.run(TestRunner.java:505)
	at org.testng.SuiteRunner.runTest(SuiteRunner.java:455)
	at org.testng.SuiteRunner.runSequentially(SuiteRunner.java:450)
	at org.testng.SuiteRunner.privateRun(SuiteRunner.java:415)
	at org.testng.SuiteRunner.run(SuiteRunner.java:364)
	at org.testng.SuiteRunnerWorker.runSuite(SuiteRunnerWorker.java:52)
	at org.testng.SuiteRunnerWorker.run(SuiteRunnerWorker.java:84)
	at org.testng.TestNG.runSuitesSequentially(TestNG.java:1208)
	at org.testng.TestNG.runSuitesLocally(TestNG.java:1137)
	at org.testng.TestNG.runSuites(TestNG.java:1049)
	at org.testng.TestNG.run(TestNG.java:1017)
	at org.testng.remote.AbstractRemoteTestNG.run(AbstractRemoteTestNG.java:114)
	at org.testng.remote.RemoteTestNG.initAndRun(RemoteTestNG.java:251)
	at org.testng.remote.RemoteTestNG.main(RemoteTestNG.java:77)
</pre></div><a href='#' onClick='toggleBox("stack-trace435175610", this, "Click to show all stack frames", "Click to hide stack frames")'>Click to show all stack frames</a>
<div class='stack-trace' id='stack-trace435175610'><pre>java.lang.AssertionError: The following asserts failed:
	Actual and Expectted Results not Matched
	at org.testng.asserts.SoftAssert.assertAll(SoftAssert.java:43)
	at fawry.sofAutomation.testsActions.BasicDefinitions.AddCspBillTypeTest.addCspBillType(AddCspBillTypeTest.java:63)
	at sun.reflect.NativeMethodAccessorImpl.invoke0(Native Method)
	at sun.reflect.NativeMethodAccessorImpl.invoke(NativeMethodAccessorImpl.java:62)
	at sun.reflect.DelegatingMethodAccessorImpl.invoke(DelegatingMethodAccessorImpl.java:43)
	at java.lang.reflect.Method.invoke(Method.java:498)
	at org.testng.internal.MethodInvocationHelper.invokeMethod(MethodInvocationHelper.java:124)
	at org.testng.internal.Invoker.invokeMethod(Invoker.java:580)
	at org.testng.internal.Invoker.invokeTestMethod(Invoker.java:716)
	at org.testng.internal.Invoker.invokeTestMethods(Invoker.java:988)
	at org.testng.internal.TestMethodWorker.invokeTestMethods(TestMethodWorker.java:125)
	at org.testng.internal.TestMethodWorker.run(TestMethodWorker.java:109)
	at org.testng.TestRunner.privateRun(TestRunner.java:648)
	at org.testng.TestRunner.run(TestRunner.java:505)
	at org.testng.SuiteRunner.runTest(SuiteRunner.java:455)
	at org.testng.SuiteRunner.runSequentially(SuiteRunner.java:450)
	at org.testng.SuiteRunner.privateRun(SuiteRunner.java:415)
	at org.testng.SuiteRunner.run(SuiteRunner.java:364)
	at org.testng.SuiteRunnerWorker.runSuite(SuiteRunnerWorker.java:52)
	at org.testng.SuiteRunnerWorker.run(SuiteRunnerWorker.java:84)
	at org.testng.TestNG.runSuitesSequentially(TestNG.java:1208)
	at org.testng.TestNG.runSuitesLocally(TestNG.java:1137)
	at org.testng.TestNG.runSuites(TestNG.java:1049)
	at org.testng.TestNG.run(TestNG.java:1017)
	at org.testng.remote.AbstractRemoteTestNG.run(AbstractRemoteTestNG.java:114)
	at org.testng.remote.RemoteTestNG.initAndRun(RemoteTestNG.java:251)
	at org.testng.remote.RemoteTestNG.main(RemoteTestNG.java:77)
</pre></div></td>
<td>72</td>
<td>fawry.sofAutomation.testsActions.BasicDefinitions.AddCspBillTypeTest@78047b92</td></tr>
<tr>
<td title='fawry.sofAutomation.testsActions.BasicDefinitions.AddCspBillTypeTest.addCspBillType()'><b>addCspBillType</b><br>Test class: fawry.sofAutomation.testsActions.BasicDefinitions.AddCspBillTypeTest<br>Test method: Validate addCspBillType Functionality<br>Parameters: fawry.sofAutomation.pojos.basicDefinitions.CspBillTypePojo@4642b71d</td>
<td><div><pre>java.lang.AssertionError: The following asserts failed:
	Actual and Expectted Results not Matched
	at org.testng.asserts.SoftAssert.assertAll(SoftAssert.java:43)
	at fawry.sofAutomation.testsActions.BasicDefinitions.AddCspBillTypeTest.addCspBillType(AddCspBillTypeTest.java:63)
	at sun.reflect.NativeMethodAccessorImpl.invoke0(Native Method)
	at sun.reflect.NativeMethodAccessorImpl.invoke(NativeMethodAccessorImpl.java:62)
	at sun.reflect.DelegatingMethodAccessorImpl.invoke(DelegatingMethodAccessorImpl.java:43)
	at java.lang.reflect.Method.invoke(Method.java:498)
	at org.testng.internal.MethodInvocationHelper.invokeMethod(MethodInvocationHelper.java:124)
	at org.testng.internal.Invoker.invokeMethod(Invoker.java:580)
	at org.testng.internal.Invoker.invokeTestMethod(Invoker.java:716)
	at org.testng.internal.Invoker.invokeTestMethods(Invoker.java:988)
	at org.testng.internal.TestMethodWorker.invokeTestMethods(TestMethodWorker.java:125)
	at org.testng.internal.TestMethodWorker.run(TestMethodWorker.java:109)
	at org.testng.TestRunner.privateRun(TestRunner.java:648)
	at org.testng.TestRunner.run(TestRunner.java:505)
	at org.testng.SuiteRunner.runTest(SuiteRunner.java:455)
	at org.testng.SuiteRunner.runSequentially(SuiteRunner.java:450)
	at org.testng.SuiteRunner.privateRun(SuiteRunner.java:415)
	at org.testng.SuiteRunner.run(SuiteRunner.java:364)
	at org.testng.SuiteRunnerWorker.runSuite(SuiteRunnerWorker.java:52)
	at org.testng.SuiteRunnerWorker.run(SuiteRunnerWorker.java:84)
	at org.testng.TestNG.runSuitesSequentially(TestNG.java:1208)
	at org.testng.TestNG.runSuitesLocally(TestNG.java:1137)
	at org.testng.TestNG.runSuites(TestNG.java:1049)
	at org.testng.TestNG.run(TestNG.java:1017)
	at org.testng.remote.AbstractRemoteTestNG.run(AbstractRemoteTestNG.java:114)
	at org.testng.remote.RemoteTestNG.initAndRun(RemoteTestNG.java:251)
	at org.testng.remote.RemoteTestNG.main(RemoteTestNG.java:77)
</pre></div><a href='#' onClick='toggleBox("stack-trace16736375", this, "Click to show all stack frames", "Click to hide stack frames")'>Click to show all stack frames</a>
<div class='stack-trace' id='stack-trace16736375'><pre>java.lang.AssertionError: The following asserts failed:
	Actual and Expectted Results not Matched
	at org.testng.asserts.SoftAssert.assertAll(SoftAssert.java:43)
	at fawry.sofAutomation.testsActions.BasicDefinitions.AddCspBillTypeTest.addCspBillType(AddCspBillTypeTest.java:63)
	at sun.reflect.NativeMethodAccessorImpl.invoke0(Native Method)
	at sun.reflect.NativeMethodAccessorImpl.invoke(NativeMethodAccessorImpl.java:62)
	at sun.reflect.DelegatingMethodAccessorImpl.invoke(DelegatingMethodAccessorImpl.java:43)
	at java.lang.reflect.Method.invoke(Method.java:498)
	at org.testng.internal.MethodInvocationHelper.invokeMethod(MethodInvocationHelper.java:124)
	at org.testng.internal.Invoker.invokeMethod(Invoker.java:580)
	at org.testng.internal.Invoker.invokeTestMethod(Invoker.java:716)
	at org.testng.internal.Invoker.invokeTestMethods(Invoker.java:988)
	at org.testng.internal.TestMethodWorker.invokeTestMethods(TestMethodWorker.java:125)
	at org.testng.internal.TestMethodWorker.run(TestMethodWorker.java:109)
	at org.testng.TestRunner.privateRun(TestRunner.java:648)
	at org.testng.TestRunner.run(TestRunner.java:505)
	at org.testng.SuiteRunner.runTest(SuiteRunner.java:455)
	at org.testng.SuiteRunner.runSequentially(SuiteRunner.java:450)
	at org.testng.SuiteRunner.privateRun(SuiteRunner.java:415)
	at org.testng.SuiteRunner.run(SuiteRunner.java:364)
	at org.testng.SuiteRunnerWorker.runSuite(SuiteRunnerWorker.java:52)
	at org.testng.SuiteRunnerWorker.run(SuiteRunnerWorker.java:84)
	at org.testng.TestNG.runSuitesSequentially(TestNG.java:1208)
	at org.testng.TestNG.runSuitesLocally(TestNG.java:1137)
	at org.testng.TestNG.runSuites(TestNG.java:1049)
	at org.testng.TestNG.run(TestNG.java:1017)
	at org.testng.remote.AbstractRemoteTestNG.run(AbstractRemoteTestNG.java:114)
	at org.testng.remote.RemoteTestNG.initAndRun(RemoteTestNG.java:251)
	at org.testng.remote.RemoteTestNG.main(RemoteTestNG.java:77)
</pre></div></td>
<td>33</td>
<td>fawry.sofAutomation.testsActions.BasicDefinitions.AddCspBillTypeTest@78047b92</td></tr>
<tr>
<td title='fawry.sofAutomation.testsActions.BasicDefinitions.AddVelocityCriteriaTest.addVelocityCriteria()'><b>addVelocityCriteria</b><br>Test class: fawry.sofAutomation.testsActions.BasicDefinitions.AddVelocityCriteriaTest<br>Test method: Validate Functionality<br>Parameters: fawry.sofAutomation.pojos.basicDefinitions.VelocityPojo@29a1dab3</td>
<td><div><pre>java.lang.AssertionError: The following asserts failed:
	Error; Expected in Excel And actual on web page does NOT match expected [true] but found [false],
	Error; Data shown on web table and in db does NOT matchIn test Case With ID of expected [true] but found [false]
	at org.testng.asserts.SoftAssert.assertAll(SoftAssert.java:43)
	at fawry.sofAutomation.testsActions.BasicDefinitions.AddVelocityCriteriaTest.addVelocityCriteria(AddVelocityCriteriaTest.java:90)
	at sun.reflect.NativeMethodAccessorImpl.invoke0(Native Method)
	at sun.reflect.NativeMethodAccessorImpl.invoke(NativeMethodAccessorImpl.java:62)
	at sun.reflect.DelegatingMethodAccessorImpl.invoke(DelegatingMethodAccessorImpl.java:43)
	at java.lang.reflect.Method.invoke(Method.java:498)
	at org.testng.internal.MethodInvocationHelper.invokeMethod(MethodInvocationHelper.java:124)
	at org.testng.internal.Invoker.invokeMethod(Invoker.java:580)
	at org.testng.internal.Invoker.invokeTestMethod(Invoker.java:716)
	at org.testng.internal.Invoker.invokeTestMethods(Invoker.java:988)
	at org.testng.internal.TestMethodWorker.invokeTestMethods(TestMethodWorker.java:125)
	at org.testng.internal.TestMethodWorker.run(TestMethodWorker.java:109)
	at org.testng.TestRunner.privateRun(TestRunner.java:648)
	at org.testng.TestRunner.run(TestRunner.java:505)
	at org.testng.SuiteRunner.runTest(SuiteRunner.java:455)
	at org.testng.SuiteRunner.runSequentially(SuiteRunner.java:450)
	at org.testng.SuiteRunner.privateRun(SuiteRunner.java:415)
	at org.testng.SuiteRunner.run(SuiteRunner.java:364)
	at org.testng.SuiteRunnerWorker.runSuite(SuiteRunnerWorker.java:52)
	at org.testng.SuiteRunnerWorker.run(SuiteRunnerWorker.java:84)
	at org.testng.TestNG.runSuitesSequentially(TestNG.java:1208)
	at org.testng.TestNG.runSuitesLocally(TestNG.java:1137)
	at org.testng.TestNG.runSuites(TestNG.java:1049)
	at org.testng.TestNG.run(TestNG.java:1017)
	at org.testng.remote.AbstractRemoteTestNG.run(AbstractRemoteTestNG.java:114)
	at org.testng.remote.RemoteTestNG.initAndRun(RemoteTestNG.java:251)
	at org.testng.remote.RemoteTestNG.main(RemoteTestNG.java:77)
</pre></div><a href='#' onClick='toggleBox("stack-trace1678923217", this, "Click to show all stack frames", "Click to hide stack frames")'>Click to show all stack frames</a>
<div class='stack-trace' id='stack-trace1678923217'><pre>java.lang.AssertionError: The following asserts failed:
	Error; Expected in Excel And actual on web page does NOT match expected [true] but found [false],
	Error; Data shown on web table and in db does NOT matchIn test Case With ID of expected [true] but found [false]
	at org.testng.asserts.SoftAssert.assertAll(SoftAssert.java:43)
	at fawry.sofAutomation.testsActions.BasicDefinitions.AddVelocityCriteriaTest.addVelocityCriteria(AddVelocityCriteriaTest.java:90)
	at sun.reflect.NativeMethodAccessorImpl.invoke0(Native Method)
	at sun.reflect.NativeMethodAccessorImpl.invoke(NativeMethodAccessorImpl.java:62)
	at sun.reflect.DelegatingMethodAccessorImpl.invoke(DelegatingMethodAccessorImpl.java:43)
	at java.lang.reflect.Method.invoke(Method.java:498)
	at org.testng.internal.MethodInvocationHelper.invokeMethod(MethodInvocationHelper.java:124)
	at org.testng.internal.Invoker.invokeMethod(Invoker.java:580)
	at org.testng.internal.Invoker.invokeTestMethod(Invoker.java:716)
	at org.testng.internal.Invoker.invokeTestMethods(Invoker.java:988)
	at org.testng.internal.TestMethodWorker.invokeTestMethods(TestMethodWorker.java:125)
	at org.testng.internal.TestMethodWorker.run(TestMethodWorker.java:109)
	at org.testng.TestRunner.privateRun(TestRunner.java:648)
	at org.testng.TestRunner.run(TestRunner.java:505)
	at org.testng.SuiteRunner.runTest(SuiteRunner.java:455)
	at org.testng.SuiteRunner.runSequentially(SuiteRunner.java:450)
	at org.testng.SuiteRunner.privateRun(SuiteRunner.java:415)
	at org.testng.SuiteRunner.run(SuiteRunner.java:364)
	at org.testng.SuiteRunnerWorker.runSuite(SuiteRunnerWorker.java:52)
	at org.testng.SuiteRunnerWorker.run(SuiteRunnerWorker.java:84)
	at org.testng.TestNG.runSuitesSequentially(TestNG.java:1208)
	at org.testng.TestNG.runSuitesLocally(TestNG.java:1137)
	at org.testng.TestNG.runSuites(TestNG.java:1049)
	at org.testng.TestNG.run(TestNG.java:1017)
	at org.testng.remote.AbstractRemoteTestNG.run(AbstractRemoteTestNG.java:114)
	at org.testng.remote.RemoteTestNG.initAndRun(RemoteTestNG.java:251)
	at org.testng.remote.RemoteTestNG.main(RemoteTestNG.java:77)
</pre></div></td>
<td>65</td>
<td>fawry.sofAutomation.testsActions.BasicDefinitions.AddVelocityCriteriaTest@527e5409</td></tr>
<tr>
<td title='fawry.sofAutomation.testsActions.BasicDefinitions.ConfigureCspOverDraftFeesTest.configureOverDraftFees()'><b>configureOverDraftFees</b><br>Test class: fawry.sofAutomation.testsActions.BasicDefinitions.ConfigureCspOverDraftFeesTest<br>Test method: Validate ConfigureCspOverDraftFees Functionality<br>Parameters: fawry.sofAutomation.pojos.basicDefinitions.CSPFeesPojo@2de50ee4</td>
<td><div><pre>java.lang.AssertionError: The following asserts failed:
	Error; Expected in Excel And actual on web page does NOT matchTC_04 expected [true] but found [false]
	at org.testng.asserts.SoftAssert.assertAll(SoftAssert.java:43)
	at fawry.sofAutomation.testsActions.BasicDefinitions.ConfigureCspOverDraftFeesTest.configureOverDraftFees(ConfigureCspOverDraftFeesTest.java:70)
	at sun.reflect.NativeMethodAccessorImpl.invoke0(Native Method)
	at sun.reflect.NativeMethodAccessorImpl.invoke(NativeMethodAccessorImpl.java:62)
	at sun.reflect.DelegatingMethodAccessorImpl.invoke(DelegatingMethodAccessorImpl.java:43)
	at java.lang.reflect.Method.invoke(Method.java:498)
	at org.testng.internal.MethodInvocationHelper.invokeMethod(MethodInvocationHelper.java:124)
	at org.testng.internal.Invoker.invokeMethod(Invoker.java:580)
	at org.testng.internal.Invoker.invokeTestMethod(Invoker.java:716)
	at org.testng.internal.Invoker.invokeTestMethods(Invoker.java:988)
	at org.testng.internal.TestMethodWorker.invokeTestMethods(TestMethodWorker.java:125)
	at org.testng.internal.TestMethodWorker.run(TestMethodWorker.java:109)
	at org.testng.TestRunner.privateRun(TestRunner.java:648)
	at org.testng.TestRunner.run(TestRunner.java:505)
	at org.testng.SuiteRunner.runTest(SuiteRunner.java:455)
	at org.testng.SuiteRunner.runSequentially(SuiteRunner.java:450)
	at org.testng.SuiteRunner.privateRun(SuiteRunner.java:415)
	at org.testng.SuiteRunner.run(SuiteRunner.java:364)
	at org.testng.SuiteRunnerWorker.runSuite(SuiteRunnerWorker.java:52)
	at org.testng.SuiteRunnerWorker.run(SuiteRunnerWorker.java:84)
	at org.testng.TestNG.runSuitesSequentially(TestNG.java:1208)
	at org.testng.TestNG.runSuitesLocally(TestNG.java:1137)
	at org.testng.TestNG.runSuites(TestNG.java:1049)
	at org.testng.TestNG.run(TestNG.java:1017)
	at org.testng.remote.AbstractRemoteTestNG.run(AbstractRemoteTestNG.java:114)
	at org.testng.remote.RemoteTestNG.initAndRun(RemoteTestNG.java:251)
	at org.testng.remote.RemoteTestNG.main(RemoteTestNG.java:77)
</pre></div><a href='#' onClick='toggleBox("stack-trace247269033", this, "Click to show all stack frames", "Click to hide stack frames")'>Click to show all stack frames</a>
<div class='stack-trace' id='stack-trace247269033'><pre>java.lang.AssertionError: The following asserts failed:
	Error; Expected in Excel And actual on web page does NOT matchTC_04 expected [true] but found [false]
	at org.testng.asserts.SoftAssert.assertAll(SoftAssert.java:43)
	at fawry.sofAutomation.testsActions.BasicDefinitions.ConfigureCspOverDraftFeesTest.configureOverDraftFees(ConfigureCspOverDraftFeesTest.java:70)
	at sun.reflect.NativeMethodAccessorImpl.invoke0(Native Method)
	at sun.reflect.NativeMethodAccessorImpl.invoke(NativeMethodAccessorImpl.java:62)
	at sun.reflect.DelegatingMethodAccessorImpl.invoke(DelegatingMethodAccessorImpl.java:43)
	at java.lang.reflect.Method.invoke(Method.java:498)
	at org.testng.internal.MethodInvocationHelper.invokeMethod(MethodInvocationHelper.java:124)
	at org.testng.internal.Invoker.invokeMethod(Invoker.java:580)
	at org.testng.internal.Invoker.invokeTestMethod(Invoker.java:716)
	at org.testng.internal.Invoker.invokeTestMethods(Invoker.java:988)
	at org.testng.internal.TestMethodWorker.invokeTestMethods(TestMethodWorker.java:125)
	at org.testng.internal.TestMethodWorker.run(TestMethodWorker.java:109)
	at org.testng.TestRunner.privateRun(TestRunner.java:648)
	at org.testng.TestRunner.run(TestRunner.java:505)
	at org.testng.SuiteRunner.runTest(SuiteRunner.java:455)
	at org.testng.SuiteRunner.runSequentially(SuiteRunner.java:450)
	at org.testng.SuiteRunner.privateRun(SuiteRunner.java:415)
	at org.testng.SuiteRunner.run(SuiteRunner.java:364)
	at org.testng.SuiteRunnerWorker.runSuite(SuiteRunnerWorker.java:52)
	at org.testng.SuiteRunnerWorker.run(SuiteRunnerWorker.java:84)
	at org.testng.TestNG.runSuitesSequentially(TestNG.java:1208)
	at org.testng.TestNG.runSuitesLocally(TestNG.java:1137)
	at org.testng.TestNG.runSuites(TestNG.java:1049)
	at org.testng.TestNG.run(TestNG.java:1017)
	at org.testng.remote.AbstractRemoteTestNG.run(AbstractRemoteTestNG.java:114)
	at org.testng.remote.RemoteTestNG.initAndRun(RemoteTestNG.java:251)
	at org.testng.remote.RemoteTestNG.main(RemoteTestNG.java:77)
</pre></div></td>
<td>61</td>
<td>fawry.sofAutomation.testsActions.BasicDefinitions.ConfigureCspOverDraftFeesTest@4387b79e</td></tr>
<tr>
<td title='fawry.sofAutomation.testsActions.BasicDefinitions.SearchFinanceProgramSetupTest.searchFinanceProgramSetup()'><b>searchFinanceProgramSetup</b><br>Test class: fawry.sofAutomation.testsActions.BasicDefinitions.SearchFinanceProgramSetupTest<br>Test method: Validate Functionality<br>Parameters: fawry.sofAutomation.pojos.basicDefinitions.FinancePojo@2823b7c5</td>
<td><div><pre>java.lang.AssertionError: The following asserts failed:
	Error; Data shown on web table and in db does NOT matchIn test Case With ID of expected [true] but found [false]
	at org.testng.asserts.SoftAssert.assertAll(SoftAssert.java:43)
	at fawry.sofAutomation.testsActions.BasicDefinitions.SearchFinanceProgramSetupTest.searchFinanceProgramSetup(SearchFinanceProgramSetupTest.java:86)
	at sun.reflect.NativeMethodAccessorImpl.invoke0(Native Method)
	at sun.reflect.NativeMethodAccessorImpl.invoke(NativeMethodAccessorImpl.java:62)
	at sun.reflect.DelegatingMethodAccessorImpl.invoke(DelegatingMethodAccessorImpl.java:43)
	at java.lang.reflect.Method.invoke(Method.java:498)
	at org.testng.internal.MethodInvocationHelper.invokeMethod(MethodInvocationHelper.java:124)
	at org.testng.internal.Invoker.invokeMethod(Invoker.java:580)
	at org.testng.internal.Invoker.invokeTestMethod(Invoker.java:716)
	at org.testng.internal.Invoker.invokeTestMethods(Invoker.java:988)
	at org.testng.internal.TestMethodWorker.invokeTestMethods(TestMethodWorker.java:125)
	at org.testng.internal.TestMethodWorker.run(TestMethodWorker.java:109)
	at org.testng.TestRunner.privateRun(TestRunner.java:648)
	at org.testng.TestRunner.run(TestRunner.java:505)
	at org.testng.SuiteRunner.runTest(SuiteRunner.java:455)
	at org.testng.SuiteRunner.runSequentially(SuiteRunner.java:450)
	at org.testng.SuiteRunner.privateRun(SuiteRunner.java:415)
	at org.testng.SuiteRunner.run(SuiteRunner.java:364)
	at org.testng.SuiteRunnerWorker.runSuite(SuiteRunnerWorker.java:52)
	at org.testng.SuiteRunnerWorker.run(SuiteRunnerWorker.java:84)
	at org.testng.TestNG.runSuitesSequentially(TestNG.java:1208)
	at org.testng.TestNG.runSuitesLocally(TestNG.java:1137)
	at org.testng.TestNG.runSuites(TestNG.java:1049)
	at org.testng.TestNG.run(TestNG.java:1017)
	at org.testng.remote.AbstractRemoteTestNG.run(AbstractRemoteTestNG.java:114)
	at org.testng.remote.RemoteTestNG.initAndRun(RemoteTestNG.java:251)
	at org.testng.remote.RemoteTestNG.main(RemoteTestNG.java:77)
</pre></div><a href='#' onClick='toggleBox("stack-trace685339141", this, "Click to show all stack frames", "Click to hide stack frames")'>Click to show all stack frames</a>
<div class='stack-trace' id='stack-trace685339141'><pre>java.lang.AssertionError: The following asserts failed:
	Error; Data shown on web table and in db does NOT matchIn test Case With ID of expected [true] but found [false]
	at org.testng.asserts.SoftAssert.assertAll(SoftAssert.java:43)
	at fawry.sofAutomation.testsActions.BasicDefinitions.SearchFinanceProgramSetupTest.searchFinanceProgramSetup(SearchFinanceProgramSetupTest.java:86)
	at sun.reflect.NativeMethodAccessorImpl.invoke0(Native Method)
	at sun.reflect.NativeMethodAccessorImpl.invoke(NativeMethodAccessorImpl.java:62)
	at sun.reflect.DelegatingMethodAccessorImpl.invoke(DelegatingMethodAccessorImpl.java:43)
	at java.lang.reflect.Method.invoke(Method.java:498)
	at org.testng.internal.MethodInvocationHelper.invokeMethod(MethodInvocationHelper.java:124)
	at org.testng.internal.Invoker.invokeMethod(Invoker.java:580)
	at org.testng.internal.Invoker.invokeTestMethod(Invoker.java:716)
	at org.testng.internal.Invoker.invokeTestMethods(Invoker.java:988)
	at org.testng.internal.TestMethodWorker.invokeTestMethods(TestMethodWorker.java:125)
	at org.testng.internal.TestMethodWorker.run(TestMethodWorker.java:109)
	at org.testng.TestRunner.privateRun(TestRunner.java:648)
	at org.testng.TestRunner.run(TestRunner.java:505)
	at org.testng.SuiteRunner.runTest(SuiteRunner.java:455)
	at org.testng.SuiteRunner.runSequentially(SuiteRunner.java:450)
	at org.testng.SuiteRunner.privateRun(SuiteRunner.java:415)
	at org.testng.SuiteRunner.run(SuiteRunner.java:364)
	at org.testng.SuiteRunnerWorker.runSuite(SuiteRunnerWorker.java:52)
	at org.testng.SuiteRunnerWorker.run(SuiteRunnerWorker.java:84)
	at org.testng.TestNG.runSuitesSequentially(TestNG.java:1208)
	at org.testng.TestNG.runSuitesLocally(TestNG.java:1137)
	at org.testng.TestNG.runSuites(TestNG.java:1049)
	at org.testng.TestNG.run(TestNG.java:1017)
	at org.testng.remote.AbstractRemoteTestNG.run(AbstractRemoteTestNG.java:114)
	at org.testng.remote.RemoteTestNG.initAndRun(RemoteTestNG.java:251)
	at org.testng.remote.RemoteTestNG.main(RemoteTestNG.java:77)
</pre></div></td>
<td>7</td>
<td>fawry.sofAutomation.testsActions.BasicDefinitions.SearchFinanceProgramSetupTest@2cbb3d47</td></tr>
<tr>
<td title='fawry.sofAutomation.testsActions.BasicDefinitions.SearchFinanceProgramSetupTest.searchFinanceProgramSetup()'><b>searchFinanceProgramSetup</b><br>Test class: fawry.sofAutomation.testsActions.BasicDefinitions.SearchFinanceProgramSetupTest<br>Test method: Validate Functionality<br>Parameters: fawry.sofAutomation.pojos.basicDefinitions.FinancePojo@68722de3</td>
<td><div><pre>org.openqa.selenium.NoSuchElementException: no such element: Unable to locate element: {&quot;method&quot;:&quot;xpath&quot;,&quot;selector&quot;:&quot;//*[@id=&quot;searchTrx:tableEx1&quot;]/tbody&quot;}
  (Session info: chrome=75.0.3770.100)
  (Driver info: chromedriver=74.0.3729.6 (255758eccf3d244491b8a1317aa76e1ce10d57e9-refs/branch-heads/3729@{#29}),platform=Windows NT 6.1.7601 SP1 x86_64) (WARNING: The server did not provide any stacktrace information)
Command duration or timeout: 0 milliseconds
For documentation on this error, please visit: https://www.seleniumhq.org/exceptions/no_such_element.html
Build info: version: &apos;3.141.59&apos;, revision: &apos;e82be7d358&apos;, time: &apos;2018-11-14T08:17:03&apos;
System info: host: &apos;FB-133&apos;, ip: &apos;10.5.12.107&apos;, os.name: &apos;Windows 7&apos;, os.arch: &apos;amd64&apos;, os.version: &apos;6.1&apos;, java.version: &apos;1.8.0_112&apos;
Driver info: org.openqa.selenium.chrome.ChromeDriver
Capabilities {acceptInsecureCerts: false, acceptSslCerts: false, applicationCacheEnabled: false, browserConnectionEnabled: false, browserName: chrome, chrome: {chromedriverVersion: 74.0.3729.6 (255758eccf3d24..., userDataDir: C:\Users\TAREQ~1.SHA\AppDat...}, cssSelectorsEnabled: true, databaseEnabled: false, goog:chromeOptions: {debuggerAddress: localhost:41246}, handlesAlerts: true, hasTouchScreen: false, javascriptEnabled: true, locationContextEnabled: true, mobileEmulationEnabled: false, nativeEvents: true, networkConnectionEnabled: false, pageLoadStrategy: normal, platform: XP, platformName: XP, proxy: Proxy(), rotatable: false, setWindowRect: true, strictFileInteractability: false, takesHeapSnapshot: true, takesScreenshot: true, timeouts: {implicit: 0, pageLoad: 300000, script: 30000}, unexpectedAlertBehaviour: ignore, unhandledPromptBehavior: ignore, version: 75.0.3770.100, webStorageEnabled: true}
Session ID: b8acf1a6f932647a21005abb6c524828
*** Element info: {Using=xpath, value=//*[@id=&quot;searchTrx:tableEx1&quot;]/tbody}
	at sun.reflect.NativeConstructorAccessorImpl.newInstance0(Native Method)
	at sun.reflect.NativeConstructorAccessorImpl.newInstance(NativeConstructorAccessorImpl.java:62)
	at sun.reflect.DelegatingConstructorAccessorImpl.newInstance(DelegatingConstructorAccessorImpl.java:45)
	at java.lang.reflect.Constructor.newInstance(Constructor.java:423)
	at org.openqa.selenium.remote.ErrorHandler.createThrowable(ErrorHandler.java:214)
	at org.openqa.selenium.remote.ErrorHandler.throwIfResponseFailed(ErrorHandler.java:166)
	at org.openqa.selenium.remote.http.JsonHttpResponseCodec.reconstructValue(JsonHttpResponseCodec.java:40)
	at org.openqa.selenium.remote.http.AbstractHttpResponseCodec.decode(AbstractHttpResponseCodec.java:80)
	at org.openqa.selenium.remote.http.AbstractHttpResponseCodec.decode(AbstractHttpResponseCodec.java:44)
	at org.openqa.selenium.remote.HttpCommandExecutor.execute(HttpCommandExecutor.java:158)
	at org.openqa.selenium.remote.service.DriverCommandExecutor.execute(DriverCommandExecutor.java:83)
	at org.openqa.selenium.remote.RemoteWebDriver.execute(RemoteWebDriver.java:552)
	at org.openqa.selenium.remote.RemoteWebDriver.findElement(RemoteWebDriver.java:323)
	at org.openqa.selenium.remote.RemoteWebDriver.findElementByXPath(RemoteWebDriver.java:428)
	at org.openqa.selenium.By$ByXPath.findElement(By.java:353)
	at org.openqa.selenium.remote.RemoteWebDriver.findElement(RemoteWebDriver.java:315)
	at org.openqa.selenium.support.pagefactory.DefaultElementLocator.findElement(DefaultElementLocator.java:69)
	at org.openqa.selenium.support.pagefactory.internal.LocatingElementHandler.invoke(LocatingElementHandler.java:38)
	at com.sun.proxy.$Proxy17.findElements(Unknown Source)
	at fawry.sofAutomation.tablesVerification.basicDefinitions.SearchFinanceTableVerifications.searchFinanceSetup(SearchFinanceTableVerifications.java:37)
	at fawry.sofAutomation.testsActions.BasicDefinitions.SearchFinanceProgramSetupTest.searchFinanceProgramSetup(SearchFinanceProgramSetupTest.java:76)
	at sun.reflect.NativeMethodAccessorImpl.invoke0(Native Method)
	at sun.reflect.NativeMethodAccessorImpl.invoke(NativeMethodAccessorImpl.java:62)
	at sun.reflect.DelegatingMethodAccessorImpl.invoke(DelegatingMethodAccessorImpl.java:43)
	at java.lang.reflect.Method.invoke(Method.java:498)
	at org.testng.internal.MethodInvocationHelper.invokeMethod(MethodInvocationHelper.java:124)
	at org.testng.internal.Invoker.invokeMethod(Invoker.java:580)
	at org.testng.internal.Invoker.invokeTestMethod(Invoker.java:716)
	at org.testng.internal.Invoker.invokeTestMethods(Invoker.java:988)
	at org.testng.internal.TestMethodWorker.invokeTestMethods(TestMethodWorker.java:125)
	at org.testng.internal.TestMethodWorker.run(TestMethodWorker.java:109)
	at org.testng.TestRunner.privateRun(TestRunner.java:648)
	at org.testng.TestRunner.run(TestRunner.java:505)
	at org.testng.SuiteRunner.runTest(SuiteRunner.java:455)
	at org.testng.SuiteRunner.runSequentially(SuiteRunner.java:450)
	at org.testng.SuiteRunner.privateRun(SuiteRunner.java:415)
	at org.testng.SuiteRunner.run(SuiteRunner.java:364)
	at org.testng.SuiteRunnerWorker.runSuite(SuiteRunnerWorker.java:52)
	at org.testng.SuiteRunnerWorker.run(SuiteRunnerWorker.java:84)
	at org.testng.TestNG.runSuitesSequentially(TestNG.java:1208)
	at org.testng.TestNG.runSuitesLocally(TestNG.java:1137)
	at org.testng.TestNG.runSuites(TestNG.java:1049)
	at org.testng.TestNG.run(TestNG.java:1017)
	at org.testng.remote.AbstractRemoteTestNG.run(AbstractRemoteTestNG.java:114)
	at org.testng.remote.RemoteTestNG.initAndRun(RemoteTestNG.java:251)
	at org.testng.remote.RemoteTestNG.main(RemoteTestNG.java:77)
</pre></div><a href='#' onClick='toggleBox("stack-trace1659650374", this, "Click to show all stack frames", "Click to hide stack frames")'>Click to show all stack frames</a>
<div class='stack-trace' id='stack-trace1659650374'><pre>org.openqa.selenium.NoSuchElementException: no such element: Unable to locate element: {&quot;method&quot;:&quot;xpath&quot;,&quot;selector&quot;:&quot;//*[@id=&quot;searchTrx:tableEx1&quot;]/tbody&quot;}
  (Session info: chrome=75.0.3770.100)
  (Driver info: chromedriver=74.0.3729.6 (255758eccf3d244491b8a1317aa76e1ce10d57e9-refs/branch-heads/3729@{#29}),platform=Windows NT 6.1.7601 SP1 x86_64) (WARNING: The server did not provide any stacktrace information)
Command duration or timeout: 0 milliseconds
For documentation on this error, please visit: https://www.seleniumhq.org/exceptions/no_such_element.html
Build info: version: &apos;3.141.59&apos;, revision: &apos;e82be7d358&apos;, time: &apos;2018-11-14T08:17:03&apos;
System info: host: &apos;FB-133&apos;, ip: &apos;10.5.12.107&apos;, os.name: &apos;Windows 7&apos;, os.arch: &apos;amd64&apos;, os.version: &apos;6.1&apos;, java.version: &apos;1.8.0_112&apos;
Driver info: org.openqa.selenium.chrome.ChromeDriver
Capabilities {acceptInsecureCerts: false, acceptSslCerts: false, applicationCacheEnabled: false, browserConnectionEnabled: false, browserName: chrome, chrome: {chromedriverVersion: 74.0.3729.6 (255758eccf3d24..., userDataDir: C:\Users\TAREQ~1.SHA\AppDat...}, cssSelectorsEnabled: true, databaseEnabled: false, goog:chromeOptions: {debuggerAddress: localhost:41246}, handlesAlerts: true, hasTouchScreen: false, javascriptEnabled: true, locationContextEnabled: true, mobileEmulationEnabled: false, nativeEvents: true, networkConnectionEnabled: false, pageLoadStrategy: normal, platform: XP, platformName: XP, proxy: Proxy(), rotatable: false, setWindowRect: true, strictFileInteractability: false, takesHeapSnapshot: true, takesScreenshot: true, timeouts: {implicit: 0, pageLoad: 300000, script: 30000}, unexpectedAlertBehaviour: ignore, unhandledPromptBehavior: ignore, version: 75.0.3770.100, webStorageEnabled: true}
Session ID: b8acf1a6f932647a21005abb6c524828
*** Element info: {Using=xpath, value=//*[@id=&quot;searchTrx:tableEx1&quot;]/tbody}
	at sun.reflect.NativeConstructorAccessorImpl.newInstance0(Native Method)
	at sun.reflect.NativeConstructorAccessorImpl.newInstance(NativeConstructorAccessorImpl.java:62)
	at sun.reflect.DelegatingConstructorAccessorImpl.newInstance(DelegatingConstructorAccessorImpl.java:45)
	at java.lang.reflect.Constructor.newInstance(Constructor.java:423)
	at org.openqa.selenium.remote.ErrorHandler.createThrowable(ErrorHandler.java:214)
	at org.openqa.selenium.remote.ErrorHandler.throwIfResponseFailed(ErrorHandler.java:166)
	at org.openqa.selenium.remote.http.JsonHttpResponseCodec.reconstructValue(JsonHttpResponseCodec.java:40)
	at org.openqa.selenium.remote.http.AbstractHttpResponseCodec.decode(AbstractHttpResponseCodec.java:80)
	at org.openqa.selenium.remote.http.AbstractHttpResponseCodec.decode(AbstractHttpResponseCodec.java:44)
	at org.openqa.selenium.remote.HttpCommandExecutor.execute(HttpCommandExecutor.java:158)
	at org.openqa.selenium.remote.service.DriverCommandExecutor.execute(DriverCommandExecutor.java:83)
	at org.openqa.selenium.remote.RemoteWebDriver.execute(RemoteWebDriver.java:552)
	at org.openqa.selenium.remote.RemoteWebDriver.findElement(RemoteWebDriver.java:323)
	at org.openqa.selenium.remote.RemoteWebDriver.findElementByXPath(RemoteWebDriver.java:428)
	at org.openqa.selenium.By$ByXPath.findElement(By.java:353)
	at org.openqa.selenium.remote.RemoteWebDriver.findElement(RemoteWebDriver.java:315)
	at org.openqa.selenium.support.pagefactory.DefaultElementLocator.findElement(DefaultElementLocator.java:69)
	at org.openqa.selenium.support.pagefactory.internal.LocatingElementHandler.invoke(LocatingElementHandler.java:38)
	at com.sun.proxy.$Proxy17.findElements(Unknown Source)
	at fawry.sofAutomation.tablesVerification.basicDefinitions.SearchFinanceTableVerifications.searchFinanceSetup(SearchFinanceTableVerifications.java:37)
	at fawry.sofAutomation.testsActions.BasicDefinitions.SearchFinanceProgramSetupTest.searchFinanceProgramSetup(SearchFinanceProgramSetupTest.java:76)
	at sun.reflect.NativeMethodAccessorImpl.invoke0(Native Method)
	at sun.reflect.NativeMethodAccessorImpl.invoke(NativeMethodAccessorImpl.java:62)
	at sun.reflect.DelegatingMethodAccessorImpl.invoke(DelegatingMethodAccessorImpl.java:43)
	at java.lang.reflect.Method.invoke(Method.java:498)
	at org.testng.internal.MethodInvocationHelper.invokeMethod(MethodInvocationHelper.java:124)
	at org.testng.internal.Invoker.invokeMethod(Invoker.java:580)
	at org.testng.internal.Invoker.invokeTestMethod(Invoker.java:716)
	at org.testng.internal.Invoker.invokeTestMethods(Invoker.java:988)
	at org.testng.internal.TestMethodWorker.invokeTestMethods(TestMethodWorker.java:125)
	at org.testng.internal.TestMethodWorker.run(TestMethodWorker.java:109)
	at org.testng.TestRunner.privateRun(TestRunner.java:648)
	at org.testng.TestRunner.run(TestRunner.java:505)
	at org.testng.SuiteRunner.runTest(SuiteRunner.java:455)
	at org.testng.SuiteRunner.runSequentially(SuiteRunner.java:450)
	at org.testng.SuiteRunner.privateRun(SuiteRunner.java:415)
	at org.testng.SuiteRunner.run(SuiteRunner.java:364)
	at org.testng.SuiteRunnerWorker.runSuite(SuiteRunnerWorker.java:52)
	at org.testng.SuiteRunnerWorker.run(SuiteRunnerWorker.java:84)
	at org.testng.TestNG.runSuitesSequentially(TestNG.java:1208)
	at org.testng.TestNG.runSuitesLocally(TestNG.java:1137)
	at org.testng.TestNG.runSuites(TestNG.java:1049)
	at org.testng.TestNG.run(TestNG.java:1017)
	at org.testng.remote.AbstractRemoteTestNG.run(AbstractRemoteTestNG.java:114)
	at org.testng.remote.RemoteTestNG.initAndRun(RemoteTestNG.java:251)
	at org.testng.remote.RemoteTestNG.main(RemoteTestNG.java:77)
</pre></div></td>
<td>94</td>
<td>fawry.sofAutomation.testsActions.BasicDefinitions.SearchFinanceProgramSetupTest@2cbb3d47</td></tr>
</table><p>
<table width='100%' border='1' class='invocation-passed'>
<tr><td colspan='4' align='center'><b>PASSED TESTS</b></td></tr>
<tr><td><b>Test method</b></td>
<td width="30%"><b>Exception</b></td>
<td width="10%"><b>Time (seconds)</b></td>
<td><b>Instance</b></td>
</tr>
<tr>
<td title='fawry.sofAutomation.testsActions.BasicDefinitions.EditVelocityCriteriaTest.EditVelocityCriteria()'><b>EditVelocityCriteria</b><br>Test class: fawry.sofAutomation.testsActions.BasicDefinitions.EditVelocityCriteriaTest<br>Test method: Validate Functionality<br>Parameters: fawry.sofAutomation.pojos.basicDefinitions.VelocityPojo@58a5b69c</td>
<td></td>
<td>4</td>
<td>fawry.sofAutomation.testsActions.BasicDefinitions.EditVelocityCriteriaTest@7ff95560</td></tr>
<tr>
<td title='fawry.sofAutomation.testsActions.BasicDefinitions.EditVelocityCriteriaTest.EditVelocityCriteria()'><b>EditVelocityCriteria</b><br>Test class: fawry.sofAutomation.testsActions.BasicDefinitions.EditVelocityCriteriaTest<br>Test method: Validate Functionality<br>Parameters: fawry.sofAutomation.pojos.basicDefinitions.VelocityPojo@14060410</td>
<td></td>
<td>61</td>
<td>fawry.sofAutomation.testsActions.BasicDefinitions.EditVelocityCriteriaTest@7ff95560</td></tr>
<tr>
<td title='fawry.sofAutomation.testsActions.BasicDefinitions.EditVelocityCriteriaTest.EditVelocityCriteria()'><b>EditVelocityCriteria</b><br>Test class: fawry.sofAutomation.testsActions.BasicDefinitions.EditVelocityCriteriaTest<br>Test method: Validate Functionality<br>Parameters: fawry.sofAutomation.pojos.basicDefinitions.VelocityPojo@24b05292</td>
<td></td>
<td>32</td>
<td>fawry.sofAutomation.testsActions.BasicDefinitions.EditVelocityCriteriaTest@7ff95560</td></tr>
<tr>
<td title='fawry.sofAutomation.testsActions.BasicDefinitions.EditVelocityCriteriaTest.EditVelocityCriteria()'><b>EditVelocityCriteria</b><br>Test class: fawry.sofAutomation.testsActions.BasicDefinitions.EditVelocityCriteriaTest<br>Test method: Validate Functionality<br>Parameters: fawry.sofAutomation.pojos.basicDefinitions.VelocityPojo@7fec6c2f</td>
<td></td>
<td>62</td>
<td>fawry.sofAutomation.testsActions.BasicDefinitions.EditVelocityCriteriaTest@7ff95560</td></tr>
<tr>
<td title='fawry.sofAutomation.testsActions.BasicDefinitions.EditVelocityCriteriaTest.EditVelocityCriteria()'><b>EditVelocityCriteria</b><br>Test class: fawry.sofAutomation.testsActions.BasicDefinitions.EditVelocityCriteriaTest<br>Test method: Validate Functionality<br>Parameters: fawry.sofAutomation.pojos.basicDefinitions.VelocityPojo@58a93f51</td>
<td></td>
<td>62</td>
<td>fawry.sofAutomation.testsActions.BasicDefinitions.EditVelocityCriteriaTest@7ff95560</td></tr>
<tr>
<td title='fawry.sofAutomation.testsActions.BasicDefinitions.AddCspBillTypeTest.addCspBillType()'><b>addCspBillType</b><br>Test class: fawry.sofAutomation.testsActions.BasicDefinitions.AddCspBillTypeTest<br>Test method: Validate addCspBillType Functionality<br>Parameters: fawry.sofAutomation.pojos.basicDefinitions.CspBillTypePojo@44afefd5</td>
<td></td>
<td>32</td>
<td>fawry.sofAutomation.testsActions.BasicDefinitions.AddCspBillTypeTest@78047b92</td></tr>
<tr>
<td title='fawry.sofAutomation.testsActions.BasicDefinitions.AddCspBillTypeTest.addCspBillType()'><b>addCspBillType</b><br>Test class: fawry.sofAutomation.testsActions.BasicDefinitions.AddCspBillTypeTest<br>Test method: Validate addCspBillType Functionality<br>Parameters: fawry.sofAutomation.pojos.basicDefinitions.CspBillTypePojo@4cdd2c73</td>
<td></td>
<td>2</td>
<td>fawry.sofAutomation.testsActions.BasicDefinitions.AddCspBillTypeTest@78047b92</td></tr>
<tr>
<td title='fawry.sofAutomation.testsActions.BasicDefinitions.AddCspBillTypeTest.addCspBillType()'><b>addCspBillType</b><br>Test class: fawry.sofAutomation.testsActions.BasicDefinitions.AddCspBillTypeTest<br>Test method: Validate addCspBillType Functionality<br>Parameters: fawry.sofAutomation.pojos.basicDefinitions.CspBillTypePojo@1f38957</td>
<td></td>
<td>1</td>
<td>fawry.sofAutomation.testsActions.BasicDefinitions.AddCspBillTypeTest@78047b92</td></tr>
<tr>
<td title='fawry.sofAutomation.testsActions.BasicDefinitions.AddCspBillTypeTest.addCspBillType()'><b>addCspBillType</b><br>Test class: fawry.sofAutomation.testsActions.BasicDefinitions.AddCspBillTypeTest<br>Test method: Validate addCspBillType Functionality<br>Parameters: fawry.sofAutomation.pojos.basicDefinitions.CspBillTypePojo@dcc6211</td>
<td></td>
<td>2</td>
<td>fawry.sofAutomation.testsActions.BasicDefinitions.AddCspBillTypeTest@78047b92</td></tr>
<tr>
<td title='fawry.sofAutomation.testsActions.BasicDefinitions.AddVelocityCriteriaTest.addVelocityCriteria()'><b>addVelocityCriteria</b><br>Test class: fawry.sofAutomation.testsActions.BasicDefinitions.AddVelocityCriteriaTest<br>Test method: Validate Functionality<br>Parameters: fawry.sofAutomation.pojos.basicDefinitions.VelocityPojo@74159dc9</td>
<td></td>
<td>62</td>
<td>fawry.sofAutomation.testsActions.BasicDefinitions.AddVelocityCriteriaTest@527e5409</td></tr>
<tr>
<td title='fawry.sofAutomation.testsActions.BasicDefinitions.ConfigureCspSettingsTest.configureCSPSettings()'><b>configureCSPSettings</b><br>Test class: fawry.sofAutomation.testsActions.BasicDefinitions.ConfigureCspSettingsTest<br>Test method: Validate configure CSP Settings Functionality<br>Parameters: fawry.sofAutomation.pojos.basicDefinitions.CSPFeesPojo@29b4444a</td>
<td></td>
<td>30</td>
<td>fawry.sofAutomation.testsActions.BasicDefinitions.ConfigureCspSettingsTest@7fc229ab</td></tr>
<tr>
<td title='fawry.sofAutomation.testsActions.BasicDefinitions.ConfigureCspSettingsTest.configureCSPSettings()'><b>configureCSPSettings</b><br>Test class: fawry.sofAutomation.testsActions.BasicDefinitions.ConfigureCspSettingsTest<br>Test method: Validate configure CSP Settings Functionality<br>Parameters: fawry.sofAutomation.pojos.basicDefinitions.CSPFeesPojo@6e22d6bf</td>
<td></td>
<td>76</td>
<td>fawry.sofAutomation.testsActions.BasicDefinitions.ConfigureCspSettingsTest@7fc229ab</td></tr>
<tr>
<td title='fawry.sofAutomation.testsActions.BasicDefinitions.ConfigureCspOverDraftClassFactorsTest.configureOverDraftClassFactors()'><b>configureOverDraftClassFactors</b><br>Test class: fawry.sofAutomation.testsActions.BasicDefinitions.ConfigureCspOverDraftClassFactorsTest<br>Test method: Validate Cofiguring CSP OverDraft Class Factors Functionality<br>Parameters: fawry.sofAutomation.pojos.basicDefinitions.CSPFeesPojo@767a014e</td>
<td></td>
<td>71</td>
<td>fawry.sofAutomation.testsActions.BasicDefinitions.ConfigureCspOverDraftClassFactorsTest@6e75aa0d</td></tr>
<tr>
<td title='fawry.sofAutomation.testsActions.BasicDefinitions.ConfigureCspOverDraftClassFactorsTest.configureOverDraftClassFactors()'><b>configureOverDraftClassFactors</b><br>Test class: fawry.sofAutomation.testsActions.BasicDefinitions.ConfigureCspOverDraftClassFactorsTest<br>Test method: Validate Cofiguring CSP OverDraft Class Factors Functionality<br>Parameters: fawry.sofAutomation.pojos.basicDefinitions.CSPFeesPojo@2287395</td>
<td></td>
<td>6</td>
<td>fawry.sofAutomation.testsActions.BasicDefinitions.ConfigureCspOverDraftClassFactorsTest@6e75aa0d</td></tr>
<tr>
<td title='fawry.sofAutomation.testsActions.BasicDefinitions.ConfigureCspOverDraftClassFactorsTest.configureOverDraftClassFactors()'><b>configureOverDraftClassFactors</b><br>Test class: fawry.sofAutomation.testsActions.BasicDefinitions.ConfigureCspOverDraftClassFactorsTest<br>Test method: Validate Cofiguring CSP OverDraft Class Factors Functionality<br>Parameters: fawry.sofAutomation.pojos.basicDefinitions.CSPFeesPojo@26874f2c</td>
<td></td>
<td>74</td>
<td>fawry.sofAutomation.testsActions.BasicDefinitions.ConfigureCspOverDraftClassFactorsTest@6e75aa0d</td></tr>
<tr>
<td title='fawry.sofAutomation.testsActions.BasicDefinitions.ConfigureCspOverDraftClassFactorsTest.configureOverDraftClassFactors()'><b>configureOverDraftClassFactors</b><br>Test class: fawry.sofAutomation.testsActions.BasicDefinitions.ConfigureCspOverDraftClassFactorsTest<br>Test method: Validate Cofiguring CSP OverDraft Class Factors Functionality<br>Parameters: fawry.sofAutomation.pojos.basicDefinitions.CSPFeesPojo@43b172e3</td>
<td></td>
<td>68</td>
<td>fawry.sofAutomation.testsActions.BasicDefinitions.ConfigureCspOverDraftClassFactorsTest@6e75aa0d</td></tr>
<tr>
<td title='fawry.sofAutomation.testsActions.BasicDefinitions.SearchFinanceProgramSetupTest.searchFinanceProgramSetup()'><b>searchFinanceProgramSetup</b><br>Test class: fawry.sofAutomation.testsActions.BasicDefinitions.SearchFinanceProgramSetupTest<br>Test method: Validate Functionality<br>Parameters: fawry.sofAutomation.pojos.basicDefinitions.FinancePojo@367fbb28</td>
<td></td>
<td>61</td>
<td>fawry.sofAutomation.testsActions.BasicDefinitions.SearchFinanceProgramSetupTest@2cbb3d47</td></tr>
<tr>
<td title='fawry.sofAutomation.testsActions.BasicDefinitions.SearchFinanceProgramSetupTest.searchFinanceProgramSetup()'><b>searchFinanceProgramSetup</b><br>Test class: fawry.sofAutomation.testsActions.BasicDefinitions.SearchFinanceProgramSetupTest<br>Test method: Validate Functionality<br>Parameters: fawry.sofAutomation.pojos.basicDefinitions.FinancePojo@eea0b48</td>
<td></td>
<td>31</td>
<td>fawry.sofAutomation.testsActions.BasicDefinitions.SearchFinanceProgramSetupTest@2cbb3d47</td></tr>
<tr>
<td title='fawry.sofAutomation.testsActions.BasicDefinitions.SearchVelocityCriteriaTest.searchVelocityCriteria()'><b>searchVelocityCriteria</b><br>Test class: fawry.sofAutomation.testsActions.BasicDefinitions.SearchVelocityCriteriaTest<br>Test method: Validate Functionality<br>Parameters: fawry.sofAutomation.pojos.basicDefinitions.VelocityPojo@513ddf5f</td>
<td></td>
<td>2</td>
<td>fawry.sofAutomation.testsActions.BasicDefinitions.SearchVelocityCriteriaTest@1198b989</td></tr>
</table><p>
</body>
</html>