<!DOCTYPE html PUBLIC "-//W3C//DTD XHTML 1.1//EN" "http://www.w3.org/TR/xhtml11/DTD/xhtml11.dtd">
<html xmlns="http://www.w3.org/1999/xhtml">
<head>
<meta http-equiv="content-type" content="text/html; charset=UTF-8"/>
<title>TestNG Report</title>
<style type="text/css">table {margin-bottom:10px;border-collapse:collapse;empty-cells:show}th,td {border:1px solid #009;padding:.25em .5em}th {vertical-align:bottom}td {vertical-align:top}table a {font-weight:bold}.stripe td {background-color: #E6EBF9}.num {text-align:right}.passedodd td {background-color: #3F3}.passedeven td {background-color: #0A0}.skippedodd td {background-color: #DDD}.skippedeven td {background-color: #CCC}.failedodd td,.attn {background-color: #F33}.failedeven td,.stripe .attn {background-color: #D00}.stacktrace {white-space:pre;font-family:monospace}.totop {font-size:85%;text-align:center;border-bottom:2px solid #000}.invisible {display:none}</style>
</head>
<body>
<table>
<tr><th>Test</th><th># Passed</th><th># Skipped</th><th># Failed</th><th>Time (ms)</th><th>Included Groups</th><th>Excluded Groups</th></tr>
<tr><th colspan="7">Suite</th></tr>
<tr><td><a href="#t0">MainTest</a></td><td class="num">19</td><td class="num">0</td><td class="num attn">7</td><td class="num">1,244,053</td><td></td><td></td></tr>
</table>
<table id='summary'><thead><tr><th>Class</th><th>Method</th><th>Start</th><th>Time (ms)</th></tr></thead><tbody><tr><th colspan="4">Suite</th></tr></tbody><tbody id="t0"><tr><th colspan="4">MainTest &#8212; failed</th></tr><tr class="failedeven"><td rowspan="2">fawry.sofAutomation.testsActions.BasicDefinitions.AddCspBillTypeTest</td><td><a href="#m0">addCspBillType</a></td><td rowspan="2">1561974469491</td><td rowspan="2">33239</td></tr><tr class="failedeven"><td><a href="#m1">addCspBillType</a></td></tr><tr class="failedodd"><td rowspan="1">fawry.sofAutomation.testsActions.BasicDefinitions.AddVelocityCriteriaTest</td><td><a href="#m2">addVelocityCriteria</a></td><td rowspan="1">1561975231361</td><td rowspan="1">65383</td></tr><tr class="failedeven"><td rowspan="1">fawry.sofAutomation.testsActions.BasicDefinitions.ConfigureCspOverDraftFeesTest</td><td><a href="#m3">configureOverDraftFees</a></td><td rowspan="1">1561974563747</td><td rowspan="1">61269</td></tr><tr class="failedodd"><td rowspan="1">fawry.sofAutomation.testsActions.BasicDefinitions.EditVelocityCriteriaTest</td><td><a href="#m4">EditVelocityCriteria</a></td><td rowspan="1">1561975615158</td><td rowspan="1">2045</td></tr><tr class="failedeven"><td rowspan="2">fawry.sofAutomation.testsActions.BasicDefinitions.SearchFinanceProgramSetupTest</td><td><a href="#m5">searchFinanceProgramSetup</a></td><td rowspan="2">1561975087348</td><td rowspan="2">94042</td></tr><tr class="failedeven"><td><a href="#m6">searchFinanceProgramSetup</a></td></tr><tr><th colspan="4">MainTest &#8212; passed</th></tr><tr class="passedeven"><td rowspan="4">fawry.sofAutomation.testsActions.BasicDefinitions.AddCspBillTypeTest</td><td><a href="#m7">addCspBillType</a></td><td rowspan="4">1561974503140</td><td rowspan="4">32164</td></tr><tr class="passedeven"><td><a href="#m8">addCspBillType</a></td></tr><tr class="passedeven"><td><a href="#m9">addCspBillType</a></td></tr><tr class="passedeven"><td><a href="#m10">addCspBillType</a></td></tr><tr class="passedodd"><td rowspan="1">fawry.sofAutomation.testsActions.BasicDefinitions.AddVelocityCriteriaTest</td><td><a href="#m11">addVelocityCriteria</a></td><td rowspan="1">1561975297166</td><td rowspan="1">62510</td></tr><tr class="passedeven"><td rowspan="4">fawry.sofAutomation.testsActions.BasicDefinitions.ConfigureCspOverDraftClassFactorsTest</td><td><a href="#m12">configureOverDraftClassFactors</a></td><td rowspan="4">1561974800421</td><td rowspan="4">68164</td></tr><tr class="passedeven"><td><a href="#m13">configureOverDraftClassFactors</a></td></tr><tr class="passedeven"><td><a href="#m14">configureOverDraftClassFactors</a></td></tr><tr class="passedeven"><td><a href="#m15">configureOverDraftClassFactors</a></td></tr><tr class="passedodd"><td rowspan="2">fawry.sofAutomation.testsActions.BasicDefinitions.ConfigureCspSettingsTest</td><td><a href="#m16">configureCSPSettings</a></td><td rowspan="2">1561974893810</td><td rowspan="2">30224</td></tr><tr class="passedodd"><td><a href="#m17">configureCSPSettings</a></td></tr><tr class="passedeven"><td rowspan="5">fawry.sofAutomation.testsActions.BasicDefinitions.EditVelocityCriteriaTest</td><td><a href="#m18">EditVelocityCriteria</a></td><td rowspan="5">1561975552677</td><td rowspan="5">62432</td></tr><tr class="passedeven"><td><a href="#m19">EditVelocityCriteria</a></td></tr><tr class="passedeven"><td><a href="#m20">EditVelocityCriteria</a></td></tr><tr class="passedeven"><td><a href="#m21">EditVelocityCriteria</a></td></tr><tr class="passedeven"><td><a href="#m22">EditVelocityCriteria</a></td></tr><tr class="passedodd"><td rowspan="2">fawry.sofAutomation.testsActions.BasicDefinitions.SearchFinanceProgramSetupTest</td><td><a href="#m23">searchFinanceProgramSetup</a></td><td rowspan="2">1561975026152</td><td rowspan="2">61169</td></tr><tr class="passedodd"><td><a href="#m24">searchFinanceProgramSetup</a></td></tr><tr class="passedeven"><td rowspan="1">fawry.sofAutomation.testsActions.BasicDefinitions.SearchVelocityCriteriaTest</td><td><a href="#m25">searchVelocityCriteria</a></td><td rowspan="1">1561975375209</td><td rowspan="1">2596</td></tr></tbody>
</table>
<h2>MainTest</h2><h3 id="m0">fawry.sofAutomation.testsActions.BasicDefinitions.AddCspBillTypeTest#addCspBillType</h3><table class="result"><tr class="param"><th>Parameter #1</th></tr><tr class="param stripe"><td>fawry.sofAutomation.pojos.basicDefinitions.CspBillTypePojo@4642b71d</td></tr><tr><th>Exception</th></tr><tr><td><div class="stacktrace">java.lang.AssertionError: The following asserts failed:
	Actual and Expectted Results not Matched
	at org.testng.asserts.SoftAssert.assertAll(SoftAssert.java:43)
	at fawry.sofAutomation.testsActions.BasicDefinitions.AddCspBillTypeTest.addCspBillType(AddCspBillTypeTest.java:63)
	at sun.reflect.NativeMethodAccessorImpl.invoke0(Native Method)
	at sun.reflect.NativeMethodAccessorImpl.invoke(NativeMethodAccessorImpl.java:62)
	at sun.reflect.DelegatingMethodAccessorImpl.invoke(DelegatingMethodAccessorImpl.java:43)
	at java.lang.reflect.Method.invoke(Method.java:498)
	at org.testng.internal.MethodInvocationHelper.invokeMethod(MethodInvocationHelper.java:124)
	at org.testng.internal.Invoker.invokeMethod(Invoker.java:580)
	at org.testng.internal.Invoker.invokeTestMethod(Invoker.java:716)
	at org.testng.internal.Invoker.invokeTestMethods(Invoker.java:988)
	at org.testng.internal.TestMethodWorker.invokeTestMethods(TestMethodWorker.java:125)
	at org.testng.internal.TestMethodWorker.run(TestMethodWorker.java:109)
	at org.testng.TestRunner.privateRun(TestRunner.java:648)
	at org.testng.TestRunner.run(TestRunner.java:505)
	at org.testng.SuiteRunner.runTest(SuiteRunner.java:455)
	at org.testng.SuiteRunner.runSequentially(SuiteRunner.java:450)
	at org.testng.SuiteRunner.privateRun(SuiteRunner.java:415)
	at org.testng.SuiteRunner.run(SuiteRunner.java:364)
	at org.testng.SuiteRunnerWorker.runSuite(SuiteRunnerWorker.java:52)
	at org.testng.SuiteRunnerWorker.run(SuiteRunnerWorker.java:84)
	at org.testng.TestNG.runSuitesSequentially(TestNG.java:1208)
	at org.testng.TestNG.runSuitesLocally(TestNG.java:1137)
	at org.testng.TestNG.runSuites(TestNG.java:1049)
	at org.testng.TestNG.run(TestNG.java:1017)
	at org.testng.remote.AbstractRemoteTestNG.run(AbstractRemoteTestNG.java:114)
	at org.testng.remote.RemoteTestNG.initAndRun(RemoteTestNG.java:251)
	at org.testng.remote.RemoteTestNG.main(RemoteTestNG.java:77)
</div></td></tr></table><p class="totop"><a href="#summary">back to summary</a></p>
<h3 id="m1">fawry.sofAutomation.testsActions.BasicDefinitions.AddCspBillTypeTest#addCspBillType</h3><table class="result"><tr class="param"><th>Parameter #1</th></tr><tr class="param stripe"><td>fawry.sofAutomation.pojos.basicDefinitions.CspBillTypePojo@5949eba8</td></tr><tr><th>Exception</th></tr><tr><td><div class="stacktrace">java.lang.AssertionError: The following asserts failed:
	Actual and Expectted Results not Matched
	at org.testng.asserts.SoftAssert.assertAll(SoftAssert.java:43)
	at fawry.sofAutomation.testsActions.BasicDefinitions.AddCspBillTypeTest.addCspBillType(AddCspBillTypeTest.java:63)
	at sun.reflect.NativeMethodAccessorImpl.invoke0(Native Method)
	at sun.reflect.NativeMethodAccessorImpl.invoke(NativeMethodAccessorImpl.java:62)
	at sun.reflect.DelegatingMethodAccessorImpl.invoke(DelegatingMethodAccessorImpl.java:43)
	at java.lang.reflect.Method.invoke(Method.java:498)
	at org.testng.internal.MethodInvocationHelper.invokeMethod(MethodInvocationHelper.java:124)
	at org.testng.internal.Invoker.invokeMethod(Invoker.java:580)
	at org.testng.internal.Invoker.invokeTestMethod(Invoker.java:716)
	at org.testng.internal.Invoker.invokeTestMethods(Invoker.java:988)
	at org.testng.internal.TestMethodWorker.invokeTestMethods(TestMethodWorker.java:125)
	at org.testng.internal.TestMethodWorker.run(TestMethodWorker.java:109)
	at org.testng.TestRunner.privateRun(TestRunner.java:648)
	at org.testng.TestRunner.run(TestRunner.java:505)
	at org.testng.SuiteRunner.runTest(SuiteRunner.java:455)
	at org.testng.SuiteRunner.runSequentially(SuiteRunner.java:450)
	at org.testng.SuiteRunner.privateRun(SuiteRunner.java:415)
	at org.testng.SuiteRunner.run(SuiteRunner.java:364)
	at org.testng.SuiteRunnerWorker.runSuite(SuiteRunnerWorker.java:52)
	at org.testng.SuiteRunnerWorker.run(SuiteRunnerWorker.java:84)
	at org.testng.TestNG.runSuitesSequentially(TestNG.java:1208)
	at org.testng.TestNG.runSuitesLocally(TestNG.java:1137)
	at org.testng.TestNG.runSuites(TestNG.java:1049)
	at org.testng.TestNG.run(TestNG.java:1017)
	at org.testng.remote.AbstractRemoteTestNG.run(AbstractRemoteTestNG.java:114)
	at org.testng.remote.RemoteTestNG.initAndRun(RemoteTestNG.java:251)
	at org.testng.remote.RemoteTestNG.main(RemoteTestNG.java:77)
</div></td></tr></table><p class="totop"><a href="#summary">back to summary</a></p>
<h3 id="m2">fawry.sofAutomation.testsActions.BasicDefinitions.AddVelocityCriteriaTest#addVelocityCriteria</h3><table class="result"><tr class="param"><th>Parameter #1</th></tr><tr class="param stripe"><td>fawry.sofAutomation.pojos.basicDefinitions.VelocityPojo@29a1dab3</td></tr><tr><th>Exception</th></tr><tr><td><div class="stacktrace">java.lang.AssertionError: The following asserts failed:
	Error; Expected in Excel And actual on web page does NOT match expected [true] but found [false],
	Error; Data shown on web table and in db does NOT matchIn test Case With ID of expected [true] but found [false]
	at org.testng.asserts.SoftAssert.assertAll(SoftAssert.java:43)
	at fawry.sofAutomation.testsActions.BasicDefinitions.AddVelocityCriteriaTest.addVelocityCriteria(AddVelocityCriteriaTest.java:90)
	at sun.reflect.NativeMethodAccessorImpl.invoke0(Native Method)
	at sun.reflect.NativeMethodAccessorImpl.invoke(NativeMethodAccessorImpl.java:62)
	at sun.reflect.DelegatingMethodAccessorImpl.invoke(DelegatingMethodAccessorImpl.java:43)
	at java.lang.reflect.Method.invoke(Method.java:498)
	at org.testng.internal.MethodInvocationHelper.invokeMethod(MethodInvocationHelper.java:124)
	at org.testng.internal.Invoker.invokeMethod(Invoker.java:580)
	at org.testng.internal.Invoker.invokeTestMethod(Invoker.java:716)
	at org.testng.internal.Invoker.invokeTestMethods(Invoker.java:988)
	at org.testng.internal.TestMethodWorker.invokeTestMethods(TestMethodWorker.java:125)
	at org.testng.internal.TestMethodWorker.run(TestMethodWorker.java:109)
	at org.testng.TestRunner.privateRun(TestRunner.java:648)
	at org.testng.TestRunner.run(TestRunner.java:505)
	at org.testng.SuiteRunner.runTest(SuiteRunner.java:455)
	at org.testng.SuiteRunner.runSequentially(SuiteRunner.java:450)
	at org.testng.SuiteRunner.privateRun(SuiteRunner.java:415)
	at org.testng.SuiteRunner.run(SuiteRunner.java:364)
	at org.testng.SuiteRunnerWorker.runSuite(SuiteRunnerWorker.java:52)
	at org.testng.SuiteRunnerWorker.run(SuiteRunnerWorker.java:84)
	at org.testng.TestNG.runSuitesSequentially(TestNG.java:1208)
	at org.testng.TestNG.runSuitesLocally(TestNG.java:1137)
	at org.testng.TestNG.runSuites(TestNG.java:1049)
	at org.testng.TestNG.run(TestNG.java:1017)
	at org.testng.remote.AbstractRemoteTestNG.run(AbstractRemoteTestNG.java:114)
	at org.testng.remote.RemoteTestNG.initAndRun(RemoteTestNG.java:251)
	at org.testng.remote.RemoteTestNG.main(RemoteTestNG.java:77)
</div></td></tr></table><p class="totop"><a href="#summary">back to summary</a></p>
<h3 id="m3">fawry.sofAutomation.testsActions.BasicDefinitions.ConfigureCspOverDraftFeesTest#configureOverDraftFees</h3><table class="result"><tr class="param"><th>Parameter #1</th></tr><tr class="param stripe"><td>fawry.sofAutomation.pojos.basicDefinitions.CSPFeesPojo@2de50ee4</td></tr><tr><th>Exception</th></tr><tr><td><div class="stacktrace">java.lang.AssertionError: The following asserts failed:
	Error; Expected in Excel And actual on web page does NOT matchTC_04 expected [true] but found [false]
	at org.testng.asserts.SoftAssert.assertAll(SoftAssert.java:43)
	at fawry.sofAutomation.testsActions.BasicDefinitions.ConfigureCspOverDraftFeesTest.configureOverDraftFees(ConfigureCspOverDraftFeesTest.java:70)
	at sun.reflect.NativeMethodAccessorImpl.invoke0(Native Method)
	at sun.reflect.NativeMethodAccessorImpl.invoke(NativeMethodAccessorImpl.java:62)
	at sun.reflect.DelegatingMethodAccessorImpl.invoke(DelegatingMethodAccessorImpl.java:43)
	at java.lang.reflect.Method.invoke(Method.java:498)
	at org.testng.internal.MethodInvocationHelper.invokeMethod(MethodInvocationHelper.java:124)
	at org.testng.internal.Invoker.invokeMethod(Invoker.java:580)
	at org.testng.internal.Invoker.invokeTestMethod(Invoker.java:716)
	at org.testng.internal.Invoker.invokeTestMethods(Invoker.java:988)
	at org.testng.internal.TestMethodWorker.invokeTestMethods(TestMethodWorker.java:125)
	at org.testng.internal.TestMethodWorker.run(TestMethodWorker.java:109)
	at org.testng.TestRunner.privateRun(TestRunner.java:648)
	at org.testng.TestRunner.run(TestRunner.java:505)
	at org.testng.SuiteRunner.runTest(SuiteRunner.java:455)
	at org.testng.SuiteRunner.runSequentially(SuiteRunner.java:450)
	at org.testng.SuiteRunner.privateRun(SuiteRunner.java:415)
	at org.testng.SuiteRunner.run(SuiteRunner.java:364)
	at org.testng.SuiteRunnerWorker.runSuite(SuiteRunnerWorker.java:52)
	at org.testng.SuiteRunnerWorker.run(SuiteRunnerWorker.java:84)
	at org.testng.TestNG.runSuitesSequentially(TestNG.java:1208)
	at org.testng.TestNG.runSuitesLocally(TestNG.java:1137)
	at org.testng.TestNG.runSuites(TestNG.java:1049)
	at org.testng.TestNG.run(TestNG.java:1017)
	at org.testng.remote.AbstractRemoteTestNG.run(AbstractRemoteTestNG.java:114)
	at org.testng.remote.RemoteTestNG.initAndRun(RemoteTestNG.java:251)
	at org.testng.remote.RemoteTestNG.main(RemoteTestNG.java:77)
</div></td></tr></table><p class="totop"><a href="#summary">back to summary</a></p>
<h3 id="m4">fawry.sofAutomation.testsActions.BasicDefinitions.EditVelocityCriteriaTest#EditVelocityCriteria</h3><table class="result"><tr class="param"><th>Parameter #1</th></tr><tr class="param stripe"><td>fawry.sofAutomation.pojos.basicDefinitions.VelocityPojo@5c2f5dc</td></tr><tr><th>Exception</th></tr><tr><td><div class="stacktrace">java.lang.AssertionError: The following asserts failed:
	Error; Data shown on web table and in db does NOT matchIn test Case With ID of expected [true] but found [false]
	at org.testng.asserts.SoftAssert.assertAll(SoftAssert.java:43)
	at fawry.sofAutomation.testsActions.BasicDefinitions.EditVelocityCriteriaTest.EditVelocityCriteria(EditVelocityCriteriaTest.java:87)
	at sun.reflect.NativeMethodAccessorImpl.invoke0(Native Method)
	at sun.reflect.NativeMethodAccessorImpl.invoke(NativeMethodAccessorImpl.java:62)
	at sun.reflect.DelegatingMethodAccessorImpl.invoke(DelegatingMethodAccessorImpl.java:43)
	at java.lang.reflect.Method.invoke(Method.java:498)
	at org.testng.internal.MethodInvocationHelper.invokeMethod(MethodInvocationHelper.java:124)
	at org.testng.internal.Invoker.invokeMethod(Invoker.java:580)
	at org.testng.internal.Invoker.invokeTestMethod(Invoker.java:716)
	at org.testng.internal.Invoker.invokeTestMethods(Invoker.java:988)
	at org.testng.internal.TestMethodWorker.invokeTestMethods(TestMethodWorker.java:125)
	at org.testng.internal.TestMethodWorker.run(TestMethodWorker.java:109)
	at org.testng.TestRunner.privateRun(TestRunner.java:648)
	at org.testng.TestRunner.run(TestRunner.java:505)
	at org.testng.SuiteRunner.runTest(SuiteRunner.java:455)
	at org.testng.SuiteRunner.runSequentially(SuiteRunner.java:450)
	at org.testng.SuiteRunner.privateRun(SuiteRunner.java:415)
	at org.testng.SuiteRunner.run(SuiteRunner.java:364)
	at org.testng.SuiteRunnerWorker.runSuite(SuiteRunnerWorker.java:52)
	at org.testng.SuiteRunnerWorker.run(SuiteRunnerWorker.java:84)
	at org.testng.TestNG.runSuitesSequentially(TestNG.java:1208)
	at org.testng.TestNG.runSuitesLocally(TestNG.java:1137)
	at org.testng.TestNG.runSuites(TestNG.java:1049)
	at org.testng.TestNG.run(TestNG.java:1017)
	at org.testng.remote.AbstractRemoteTestNG.run(AbstractRemoteTestNG.java:114)
	at org.testng.remote.RemoteTestNG.initAndRun(RemoteTestNG.java:251)
	at org.testng.remote.RemoteTestNG.main(RemoteTestNG.java:77)
</div></td></tr></table><p class="totop"><a href="#summary">back to summary</a></p>
<h3 id="m5">fawry.sofAutomation.testsActions.BasicDefinitions.SearchFinanceProgramSetupTest#searchFinanceProgramSetup</h3><table class="result"><tr class="param"><th>Parameter #1</th></tr><tr class="param stripe"><td>fawry.sofAutomation.pojos.basicDefinitions.FinancePojo@68722de3</td></tr><tr><th>Exception</th></tr><tr><td><div class="stacktrace">org.openqa.selenium.NoSuchElementException: no such element: Unable to locate element: {&quot;method&quot;:&quot;xpath&quot;,&quot;selector&quot;:&quot;//*[@id=&quot;searchTrx:tableEx1&quot;]/tbody&quot;}
  (Session info: chrome=75.0.3770.100)
  (Driver info: chromedriver=74.0.3729.6 (255758eccf3d244491b8a1317aa76e1ce10d57e9-refs/branch-heads/3729@{#29}),platform=Windows NT 6.1.7601 SP1 x86_64) (WARNING: The server did not provide any stacktrace information)
Command duration or timeout: 0 milliseconds
For documentation on this error, please visit: https://www.seleniumhq.org/exceptions/no_such_element.html
Build info: version: &apos;3.141.59&apos;, revision: &apos;e82be7d358&apos;, time: &apos;2018-11-14T08:17:03&apos;
System info: host: &apos;FB-133&apos;, ip: &apos;10.5.12.107&apos;, os.name: &apos;Windows 7&apos;, os.arch: &apos;amd64&apos;, os.version: &apos;6.1&apos;, java.version: &apos;1.8.0_112&apos;
Driver info: org.openqa.selenium.chrome.ChromeDriver
Capabilities {acceptInsecureCerts: false, acceptSslCerts: false, applicationCacheEnabled: false, browserConnectionEnabled: false, browserName: chrome, chrome: {chromedriverVersion: 74.0.3729.6 (255758eccf3d24..., userDataDir: C:\Users\TAREQ~1.SHA\AppDat...}, cssSelectorsEnabled: true, databaseEnabled: false, goog:chromeOptions: {debuggerAddress: localhost:41246}, handlesAlerts: true, hasTouchScreen: false, javascriptEnabled: true, locationContextEnabled: true, mobileEmulationEnabled: false, nativeEvents: true, networkConnectionEnabled: false, pageLoadStrategy: normal, platform: XP, platformName: XP, proxy: Proxy(), rotatable: false, setWindowRect: true, strictFileInteractability: false, takesHeapSnapshot: true, takesScreenshot: true, timeouts: {implicit: 0, pageLoad: 300000, script: 30000}, unexpectedAlertBehaviour: ignore, unhandledPromptBehavior: ignore, version: 75.0.3770.100, webStorageEnabled: true}
Session ID: b8acf1a6f932647a21005abb6c524828
*** Element info: {Using=xpath, value=//*[@id=&quot;searchTrx:tableEx1&quot;]/tbody}
	at sun.reflect.NativeConstructorAccessorImpl.newInstance0(Native Method)
	at sun.reflect.NativeConstructorAccessorImpl.newInstance(NativeConstructorAccessorImpl.java:62)
	at sun.reflect.DelegatingConstructorAccessorImpl.newInstance(DelegatingConstructorAccessorImpl.java:45)
	at java.lang.reflect.Constructor.newInstance(Constructor.java:423)
	at org.openqa.selenium.remote.ErrorHandler.createThrowable(ErrorHandler.java:214)
	at org.openqa.selenium.remote.ErrorHandler.throwIfResponseFailed(ErrorHandler.java:166)
	at org.openqa.selenium.remote.http.JsonHttpResponseCodec.reconstructValue(JsonHttpResponseCodec.java:40)
	at org.openqa.selenium.remote.http.AbstractHttpResponseCodec.decode(AbstractHttpResponseCodec.java:80)
	at org.openqa.selenium.remote.http.AbstractHttpResponseCodec.decode(AbstractHttpResponseCodec.java:44)
	at org.openqa.selenium.remote.HttpCommandExecutor.execute(HttpCommandExecutor.java:158)
	at org.openqa.selenium.remote.service.DriverCommandExecutor.execute(DriverCommandExecutor.java:83)
	at org.openqa.selenium.remote.RemoteWebDriver.execute(RemoteWebDriver.java:552)
	at org.openqa.selenium.remote.RemoteWebDriver.findElement(RemoteWebDriver.java:323)
	at org.openqa.selenium.remote.RemoteWebDriver.findElementByXPath(RemoteWebDriver.java:428)
	at org.openqa.selenium.By$ByXPath.findElement(By.java:353)
	at org.openqa.selenium.remote.RemoteWebDriver.findElement(RemoteWebDriver.java:315)
	at org.openqa.selenium.support.pagefactory.DefaultElementLocator.findElement(DefaultElementLocator.java:69)
	at org.openqa.selenium.support.pagefactory.internal.LocatingElementHandler.invoke(LocatingElementHandler.java:38)
	at com.sun.proxy.$Proxy17.findElements(Unknown Source)
	at fawry.sofAutomation.tablesVerification.basicDefinitions.SearchFinanceTableVerifications.searchFinanceSetup(SearchFinanceTableVerifications.java:37)
	at fawry.sofAutomation.testsActions.BasicDefinitions.SearchFinanceProgramSetupTest.searchFinanceProgramSetup(SearchFinanceProgramSetupTest.java:76)
	at sun.reflect.NativeMethodAccessorImpl.invoke0(Native Method)
	at sun.reflect.NativeMethodAccessorImpl.invoke(NativeMethodAccessorImpl.java:62)
	at sun.reflect.DelegatingMethodAccessorImpl.invoke(DelegatingMethodAccessorImpl.java:43)
	at java.lang.reflect.Method.invoke(Method.java:498)
	at org.testng.internal.MethodInvocationHelper.invokeMethod(MethodInvocationHelper.java:124)
	at org.testng.internal.Invoker.invokeMethod(Invoker.java:580)
	at org.testng.internal.Invoker.invokeTestMethod(Invoker.java:716)
	at org.testng.internal.Invoker.invokeTestMethods(Invoker.java:988)
	at org.testng.internal.TestMethodWorker.invokeTestMethods(TestMethodWorker.java:125)
	at org.testng.internal.TestMethodWorker.run(TestMethodWorker.java:109)
	at org.testng.TestRunner.privateRun(TestRunner.java:648)
	at org.testng.TestRunner.run(TestRunner.java:505)
	at org.testng.SuiteRunner.runTest(SuiteRunner.java:455)
	at org.testng.SuiteRunner.runSequentially(SuiteRunner.java:450)
	at org.testng.SuiteRunner.privateRun(SuiteRunner.java:415)
	at org.testng.SuiteRunner.run(SuiteRunner.java:364)
	at org.testng.SuiteRunnerWorker.runSuite(SuiteRunnerWorker.java:52)
	at org.testng.SuiteRunnerWorker.run(SuiteRunnerWorker.java:84)
	at org.testng.TestNG.runSuitesSequentially(TestNG.java:1208)
	at org.testng.TestNG.runSuitesLocally(TestNG.java:1137)
	at org.testng.TestNG.runSuites(TestNG.java:1049)
	at org.testng.TestNG.run(TestNG.java:1017)
	at org.testng.remote.AbstractRemoteTestNG.run(AbstractRemoteTestNG.java:114)
	at org.testng.remote.RemoteTestNG.initAndRun(RemoteTestNG.java:251)
	at org.testng.remote.RemoteTestNG.main(RemoteTestNG.java:77)
</div></td></tr></table><p class="totop"><a href="#summary">back to summary</a></p>
<h3 id="m6">fawry.sofAutomation.testsActions.BasicDefinitions.SearchFinanceProgramSetupTest#searchFinanceProgramSetup</h3><table class="result"><tr class="param"><th>Parameter #1</th></tr><tr class="param stripe"><td>fawry.sofAutomation.pojos.basicDefinitions.FinancePojo@2823b7c5</td></tr><tr><th>Exception</th></tr><tr><td><div class="stacktrace">java.lang.AssertionError: The following asserts failed:
	Error; Data shown on web table and in db does NOT matchIn test Case With ID of expected [true] but found [false]
	at org.testng.asserts.SoftAssert.assertAll(SoftAssert.java:43)
	at fawry.sofAutomation.testsActions.BasicDefinitions.SearchFinanceProgramSetupTest.searchFinanceProgramSetup(SearchFinanceProgramSetupTest.java:86)
	at sun.reflect.NativeMethodAccessorImpl.invoke0(Native Method)
	at sun.reflect.NativeMethodAccessorImpl.invoke(NativeMethodAccessorImpl.java:62)
	at sun.reflect.DelegatingMethodAccessorImpl.invoke(DelegatingMethodAccessorImpl.java:43)
	at java.lang.reflect.Method.invoke(Method.java:498)
	at org.testng.internal.MethodInvocationHelper.invokeMethod(MethodInvocationHelper.java:124)
	at org.testng.internal.Invoker.invokeMethod(Invoker.java:580)
	at org.testng.internal.Invoker.invokeTestMethod(Invoker.java:716)
	at org.testng.internal.Invoker.invokeTestMethods(Invoker.java:988)
	at org.testng.internal.TestMethodWorker.invokeTestMethods(TestMethodWorker.java:125)
	at org.testng.internal.TestMethodWorker.run(TestMethodWorker.java:109)
	at org.testng.TestRunner.privateRun(TestRunner.java:648)
	at org.testng.TestRunner.run(TestRunner.java:505)
	at org.testng.SuiteRunner.runTest(SuiteRunner.java:455)
	at org.testng.SuiteRunner.runSequentially(SuiteRunner.java:450)
	at org.testng.SuiteRunner.privateRun(SuiteRunner.java:415)
	at org.testng.SuiteRunner.run(SuiteRunner.java:364)
	at org.testng.SuiteRunnerWorker.runSuite(SuiteRunnerWorker.java:52)
	at org.testng.SuiteRunnerWorker.run(SuiteRunnerWorker.java:84)
	at org.testng.TestNG.runSuitesSequentially(TestNG.java:1208)
	at org.testng.TestNG.runSuitesLocally(TestNG.java:1137)
	at org.testng.TestNG.runSuites(TestNG.java:1049)
	at org.testng.TestNG.run(TestNG.java:1017)
	at org.testng.remote.AbstractRemoteTestNG.run(AbstractRemoteTestNG.java:114)
	at org.testng.remote.RemoteTestNG.initAndRun(RemoteTestNG.java:251)
	at org.testng.remote.RemoteTestNG.main(RemoteTestNG.java:77)
</div></td></tr></table><p class="totop"><a href="#summary">back to summary</a></p>
<h3 id="m7">fawry.sofAutomation.testsActions.BasicDefinitions.AddCspBillTypeTest#addCspBillType</h3><table class="result"><tr class="param"><th>Parameter #1</th></tr><tr class="param stripe"><td>fawry.sofAutomation.pojos.basicDefinitions.CspBillTypePojo@44afefd5</td></tr></table><p class="totop"><a href="#summary">back to summary</a></p>
<h3 id="m8">fawry.sofAutomation.testsActions.BasicDefinitions.AddCspBillTypeTest#addCspBillType</h3><table class="result"><tr class="param"><th>Parameter #1</th></tr><tr class="param stripe"><td>fawry.sofAutomation.pojos.basicDefinitions.CspBillTypePojo@dcc6211</td></tr></table><p class="totop"><a href="#summary">back to summary</a></p>
<h3 id="m9">fawry.sofAutomation.testsActions.BasicDefinitions.AddCspBillTypeTest#addCspBillType</h3><table class="result"><tr class="param"><th>Parameter #1</th></tr><tr class="param stripe"><td>fawry.sofAutomation.pojos.basicDefinitions.CspBillTypePojo@1f38957</td></tr></table><p class="totop"><a href="#summary">back to summary</a></p>
<h3 id="m10">fawry.sofAutomation.testsActions.BasicDefinitions.AddCspBillTypeTest#addCspBillType</h3><table class="result"><tr class="param"><th>Parameter #1</th></tr><tr class="param stripe"><td>fawry.sofAutomation.pojos.basicDefinitions.CspBillTypePojo@4cdd2c73</td></tr></table><p class="totop"><a href="#summary">back to summary</a></p>
<h3 id="m11">fawry.sofAutomation.testsActions.BasicDefinitions.AddVelocityCriteriaTest#addVelocityCriteria</h3><table class="result"><tr class="param"><th>Parameter #1</th></tr><tr class="param stripe"><td>fawry.sofAutomation.pojos.basicDefinitions.VelocityPojo@74159dc9</td></tr></table><p class="totop"><a href="#summary">back to summary</a></p>
<h3 id="m12">fawry.sofAutomation.testsActions.BasicDefinitions.ConfigureCspOverDraftClassFactorsTest#configureOverDraftClassFactors</h3><table class="result"><tr class="param"><th>Parameter #1</th></tr><tr class="param stripe"><td>fawry.sofAutomation.pojos.basicDefinitions.CSPFeesPojo@43b172e3</td></tr></table><p class="totop"><a href="#summary">back to summary</a></p>
<h3 id="m13">fawry.sofAutomation.testsActions.BasicDefinitions.ConfigureCspOverDraftClassFactorsTest#configureOverDraftClassFactors</h3><table class="result"><tr class="param"><th>Parameter #1</th></tr><tr class="param stripe"><td>fawry.sofAutomation.pojos.basicDefinitions.CSPFeesPojo@26874f2c</td></tr></table><p class="totop"><a href="#summary">back to summary</a></p>
<h3 id="m14">fawry.sofAutomation.testsActions.BasicDefinitions.ConfigureCspOverDraftClassFactorsTest#configureOverDraftClassFactors</h3><table class="result"><tr class="param"><th>Parameter #1</th></tr><tr class="param stripe"><td>fawry.sofAutomation.pojos.basicDefinitions.CSPFeesPojo@767a014e</td></tr></table><p class="totop"><a href="#summary">back to summary</a></p>
<h3 id="m15">fawry.sofAutomation.testsActions.BasicDefinitions.ConfigureCspOverDraftClassFactorsTest#configureOverDraftClassFactors</h3><table class="result"><tr class="param"><th>Parameter #1</th></tr><tr class="param stripe"><td>fawry.sofAutomation.pojos.basicDefinitions.CSPFeesPojo@2287395</td></tr></table><p class="totop"><a href="#summary">back to summary</a></p>
<h3 id="m16">fawry.sofAutomation.testsActions.BasicDefinitions.ConfigureCspSettingsTest#configureCSPSettings</h3><table class="result"><tr class="param"><th>Parameter #1</th></tr><tr class="param stripe"><td>fawry.sofAutomation.pojos.basicDefinitions.CSPFeesPojo@29b4444a</td></tr></table><p class="totop"><a href="#summary">back to summary</a></p>
<h3 id="m17">fawry.sofAutomation.testsActions.BasicDefinitions.ConfigureCspSettingsTest#configureCSPSettings</h3><table class="result"><tr class="param"><th>Parameter #1</th></tr><tr class="param stripe"><td>fawry.sofAutomation.pojos.basicDefinitions.CSPFeesPojo@6e22d6bf</td></tr></table><p class="totop"><a href="#summary">back to summary</a></p>
<h3 id="m18">fawry.sofAutomation.testsActions.BasicDefinitions.EditVelocityCriteriaTest#EditVelocityCriteria</h3><table class="result"><tr class="param"><th>Parameter #1</th></tr><tr class="param stripe"><td>fawry.sofAutomation.pojos.basicDefinitions.VelocityPojo@58a93f51</td></tr></table><p class="totop"><a href="#summary">back to summary</a></p>
<h3 id="m19">fawry.sofAutomation.testsActions.BasicDefinitions.EditVelocityCriteriaTest#EditVelocityCriteria</h3><table class="result"><tr class="param"><th>Parameter #1</th></tr><tr class="param stripe"><td>fawry.sofAutomation.pojos.basicDefinitions.VelocityPojo@24b05292</td></tr></table><p class="totop"><a href="#summary">back to summary</a></p>
<h3 id="m20">fawry.sofAutomation.testsActions.BasicDefinitions.EditVelocityCriteriaTest#EditVelocityCriteria</h3><table class="result"><tr class="param"><th>Parameter #1</th></tr><tr class="param stripe"><td>fawry.sofAutomation.pojos.basicDefinitions.VelocityPojo@14060410</td></tr></table><p class="totop"><a href="#summary">back to summary</a></p>
<h3 id="m21">fawry.sofAutomation.testsActions.BasicDefinitions.EditVelocityCriteriaTest#EditVelocityCriteria</h3><table class="result"><tr class="param"><th>Parameter #1</th></tr><tr class="param stripe"><td>fawry.sofAutomation.pojos.basicDefinitions.VelocityPojo@58a5b69c</td></tr></table><p class="totop"><a href="#summary">back to summary</a></p>
<h3 id="m22">fawry.sofAutomation.testsActions.BasicDefinitions.EditVelocityCriteriaTest#EditVelocityCriteria</h3><table class="result"><tr class="param"><th>Parameter #1</th></tr><tr class="param stripe"><td>fawry.sofAutomation.pojos.basicDefinitions.VelocityPojo@7fec6c2f</td></tr></table><p class="totop"><a href="#summary">back to summary</a></p>
<h3 id="m23">fawry.sofAutomation.testsActions.BasicDefinitions.SearchFinanceProgramSetupTest#searchFinanceProgramSetup</h3><table class="result"><tr class="param"><th>Parameter #1</th></tr><tr class="param stripe"><td>fawry.sofAutomation.pojos.basicDefinitions.FinancePojo@367fbb28</td></tr></table><p class="totop"><a href="#summary">back to summary</a></p>
<h3 id="m24">fawry.sofAutomation.testsActions.BasicDefinitions.SearchFinanceProgramSetupTest#searchFinanceProgramSetup</h3><table class="result"><tr class="param"><th>Parameter #1</th></tr><tr class="param stripe"><td>fawry.sofAutomation.pojos.basicDefinitions.FinancePojo@eea0b48</td></tr></table><p class="totop"><a href="#summary">back to summary</a></p>
<h3 id="m25">fawry.sofAutomation.testsActions.BasicDefinitions.SearchVelocityCriteriaTest#searchVelocityCriteria</h3><table class="result"><tr class="param"><th>Parameter #1</th></tr><tr class="param stripe"><td>fawry.sofAutomation.pojos.basicDefinitions.VelocityPojo@513ddf5f</td></tr></table><p class="totop"><a href="#summary">back to summary</a></p>
</body>
</html>
