<!DOCTYPE html>

<html>
  <head>
  <meta charset='utf-8'>
  <title>TestNG reports</title>

    <link type="text/css" href="testng-reports.css" rel="stylesheet" />
    <script type="text/javascript" src="jquery-1.7.1.min.js"></script>
    <script type="text/javascript" src="testng-reports.js"></script>
    <script type="text/javascript" src="https://www.google.com/jsapi"></script>
    <script type='text/javascript'>
      google.load('visualization', '1', {packages:['table']});
      google.setOnLoadCallback(drawTable);
      var suiteTableInitFunctions = new Array();
      var suiteTableData = new Array();
    </script>
    <!--
      <script type="text/javascript" src="jquery-ui/js/jquery-ui-1.8.16.custom.min.js"></script>
     -->
  </head>

  <body>
    <div class="top-banner-root">
      <span class="top-banner-title-font">Test results</span>
      <br/>
      <span class="top-banner-font-1">1 suite, 7 failed tests</span>
    </div> <!-- top-banner-root -->
    <div class="navigator-root">
      <div class="navigator-suite-header">
        <span>All suites</span>
        <a href="#" class="collapse-all-link" title="Collapse/expand all the suites">
          <img class="collapse-all-icon" src="collapseall.gif">
          </img> <!-- collapse-all-icon -->
        </a> <!-- collapse-all-link -->
      </div> <!-- navigator-suite-header -->
      <div class="suite">
        <div class="rounded-window">
          <div class="suite-header light-rounded-window-top">
            <a href="#" class="navigator-link" panel-name="suite-Suite">
              <span class="suite-name border-failed">Suite</span>
            </a> <!-- navigator-link -->
          </div> <!-- suite-header light-rounded-window-top -->
          <div class="navigator-suite-content">
            <div class="suite-section-title">
              <span>Info</span>
            </div> <!-- suite-section-title -->
            <div class="suite-section-content">
              <ul>
                <li>
                  <a href="#" class="navigator-link " panel-name="test-xml-Suite">
                    <span>D:\Projects\SOF_Testing_GIT\Development\SOFTestAutomation\src\test\resources\testng.xml</span>
                  </a> <!-- navigator-link  -->
                </li>
                <li>
                  <a href="#" class="navigator-link " panel-name="testlist-Suite">
                    <span class="test-stats">1 test</span>
                  </a> <!-- navigator-link  -->
                </li>
                <li>
                  <a href="#" class="navigator-link " panel-name="group-Suite">
                    <span>0 groups</span>
                  </a> <!-- navigator-link  -->
                </li>
                <li>
                  <a href="#" class="navigator-link " panel-name="times-Suite">
                    <span>Times</span>
                  </a> <!-- navigator-link  -->
                </li>
                <li>
                  <a href="#" class="navigator-link " panel-name="reporter-Suite">
                    <span>Reporter output</span>
                  </a> <!-- navigator-link  -->
                </li>
                <li>
                  <a href="#" class="navigator-link " panel-name="ignored-methods-Suite">
                    <span>Ignored methods</span>
                  </a> <!-- navigator-link  -->
                </li>
                <li>
                  <a href="#" class="navigator-link " panel-name="chronological-Suite">
                    <span>Chronological view</span>
                  </a> <!-- navigator-link  -->
                </li>
              </ul>
            </div> <!-- suite-section-content -->
            <div class="result-section">
              <div class="suite-section-title">
                <span>Results</span>
              </div> <!-- suite-section-title -->
              <div class="suite-section-content">
                <ul>
                  <li>
                    <span class="method-stats">26 methods, 7 failed,   19 passed</span>
                  </li>
                  <li>
                    <span class="method-list-title failed">Failed methods</span>
                    <span class="show-or-hide-methods failed">
                      <a href="#" panel-name="suite-Suite" class="hide-methods failed suite-Suite"> (hide)</a> <!-- hide-methods failed suite-Suite -->
                      <a href="#" panel-name="suite-Suite" class="show-methods failed suite-Suite"> (show)</a> <!-- show-methods failed suite-Suite -->
                    </span>
                    <div class="method-list-content failed suite-Suite">
                      <span>
                        <img width="3%" src="failed.png"/>
                        <a href="#" class="method navigator-link" panel-name="suite-Suite" title="fawry.sofAutomation.testsActions.BasicDefinitions.EditVelocityCriteriaTest" hash-for-method="EditVelocityCriteria(fawry.sofAutomation.pojos.basicDefinitions.VelocityPojo@5c2f5dc)">EditVelocityCriteria(fawry.sofAutomation.pojos.basicDefinitions.VelocityPojo@5c2f5dc)</a> <!-- method navigator-link -->
                      </span>
                      <br/>
                      <span>
                        <img width="3%" src="failed.png"/>
                        <a href="#" class="method navigator-link" panel-name="suite-Suite" title="fawry.sofAutomation.testsActions.BasicDefinitions.AddCspBillTypeTest" hash-for-method="addCspBillType(fawry.sofAutomation.pojos.basicDefinitions.CspBillTypePojo@4642b71d)">addCspBillType(fawry.sofAutomation.pojos.basicDefinitions.CspBillTypePojo@4642b71d)</a> <!-- method navigator-link -->
                      </span>
                      <br/>
                      <span>
                        <img width="3%" src="failed.png"/>
                        <a href="#" class="method navigator-link" panel-name="suite-Suite" title="fawry.sofAutomation.testsActions.BasicDefinitions.AddCspBillTypeTest" hash-for-method="addCspBillType(fawry.sofAutomation.pojos.basicDefinitions.CspBillTypePojo@5949eba8)">addCspBillType(fawry.sofAutomation.pojos.basicDefinitions.CspBillTypePojo@5949eba8)</a> <!-- method navigator-link -->
                      </span>
                      <br/>
                      <span>
                        <img width="3%" src="failed.png"/>
                        <a href="#" class="method navigator-link" panel-name="suite-Suite" title="fawry.sofAutomation.testsActions.BasicDefinitions.AddVelocityCriteriaTest" hash-for-method="addVelocityCriteria(fawry.sofAutomation.pojos.basicDefinitions.VelocityPojo@29a1dab3)">addVelocityCriteria(fawry.sofAutomation.pojos.basicDefinitions.VelocityPojo@29a1dab3)</a> <!-- method navigator-link -->
                      </span>
                      <br/>
                      <span>
                        <img width="3%" src="failed.png"/>
                        <a href="#" class="method navigator-link" panel-name="suite-Suite" title="fawry.sofAutomation.testsActions.BasicDefinitions.ConfigureCspOverDraftFeesTest" hash-for-method="configureOverDraftFees(fawry.sofAutomation.pojos.basicDefinitions.CSPFeesPojo@2de50ee4)">configureOverDraftFees(fawry.sofAutomation.pojos.basicDefinitions.CSPFeesPojo@2de50ee4)</a> <!-- method navigator-link -->
                      </span>
                      <br/>
                      <span>
                        <img width="3%" src="failed.png"/>
                        <a href="#" class="method navigator-link" panel-name="suite-Suite" title="fawry.sofAutomation.testsActions.BasicDefinitions.SearchFinanceProgramSetupTest" hash-for-method="searchFinanceProgramSetup(fawry.sofAutomation.pojos.basicDefinitions.FinancePojo@68722de3)">searchFinanceProgramSetup(fawry.sofAutomation.pojos.basicDefinitions.FinancePojo@68722de3)</a> <!-- method navigator-link -->
                      </span>
                      <br/>
                      <span>
                        <img width="3%" src="failed.png"/>
                        <a href="#" class="method navigator-link" panel-name="suite-Suite" title="fawry.sofAutomation.testsActions.BasicDefinitions.SearchFinanceProgramSetupTest" hash-for-method="searchFinanceProgramSetup(fawry.sofAutomation.pojos.basicDefinitions.FinancePojo@2823b7c5)">searchFinanceProgramSetup(fawry.sofAutomation.pojos.basicDefinitions.FinancePojo@2823b7c5)</a> <!-- method navigator-link -->
                      </span>
                      <br/>
                    </div> <!-- method-list-content failed suite-Suite -->
                  </li>
                  <li>
                    <span class="method-list-title passed">Passed methods</span>
                    <span class="show-or-hide-methods passed">
                      <a href="#" panel-name="suite-Suite" class="hide-methods passed suite-Suite"> (hide)</a> <!-- hide-methods passed suite-Suite -->
                      <a href="#" panel-name="suite-Suite" class="show-methods passed suite-Suite"> (show)</a> <!-- show-methods passed suite-Suite -->
                    </span>
                    <div class="method-list-content passed suite-Suite">
                      <span>
                        <img width="3%" src="passed.png"/>
                        <a href="#" class="method navigator-link" panel-name="suite-Suite" title="fawry.sofAutomation.testsActions.BasicDefinitions.EditVelocityCriteriaTest" hash-for-method="EditVelocityCriteria(fawry.sofAutomation.pojos.basicDefinitions.VelocityPojo@58a93f51)">EditVelocityCriteria(fawry.sofAutomation.pojos.basicDefinitions.VelocityPojo@58a93f51)</a> <!-- method navigator-link -->
                      </span>
                      <br/>
                      <span>
                        <img width="3%" src="passed.png"/>
                        <a href="#" class="method navigator-link" panel-name="suite-Suite" title="fawry.sofAutomation.testsActions.BasicDefinitions.EditVelocityCriteriaTest" hash-for-method="EditVelocityCriteria(fawry.sofAutomation.pojos.basicDefinitions.VelocityPojo@24b05292)">EditVelocityCriteria(fawry.sofAutomation.pojos.basicDefinitions.VelocityPojo@24b05292)</a> <!-- method navigator-link -->
                      </span>
                      <br/>
                      <span>
                        <img width="3%" src="passed.png"/>
                        <a href="#" class="method navigator-link" panel-name="suite-Suite" title="fawry.sofAutomation.testsActions.BasicDefinitions.EditVelocityCriteriaTest" hash-for-method="EditVelocityCriteria(fawry.sofAutomation.pojos.basicDefinitions.VelocityPojo@14060410)">EditVelocityCriteria(fawry.sofAutomation.pojos.basicDefinitions.VelocityPojo@14060410)</a> <!-- method navigator-link -->
                      </span>
                      <br/>
                      <span>
                        <img width="3%" src="passed.png"/>
                        <a href="#" class="method navigator-link" panel-name="suite-Suite" title="fawry.sofAutomation.testsActions.BasicDefinitions.EditVelocityCriteriaTest" hash-for-method="EditVelocityCriteria(fawry.sofAutomation.pojos.basicDefinitions.VelocityPojo@58a5b69c)">EditVelocityCriteria(fawry.sofAutomation.pojos.basicDefinitions.VelocityPojo@58a5b69c)</a> <!-- method navigator-link -->
                      </span>
                      <br/>
                      <span>
                        <img width="3%" src="passed.png"/>
                        <a href="#" class="method navigator-link" panel-name="suite-Suite" title="fawry.sofAutomation.testsActions.BasicDefinitions.EditVelocityCriteriaTest" hash-for-method="EditVelocityCriteria(fawry.sofAutomation.pojos.basicDefinitions.VelocityPojo@7fec6c2f)">EditVelocityCriteria(fawry.sofAutomation.pojos.basicDefinitions.VelocityPojo@7fec6c2f)</a> <!-- method navigator-link -->
                      </span>
                      <br/>
                      <span>
                        <img width="3%" src="passed.png"/>
                        <a href="#" class="method navigator-link" panel-name="suite-Suite" title="fawry.sofAutomation.testsActions.BasicDefinitions.AddCspBillTypeTest" hash-for-method="addCspBillType(fawry.sofAutomation.pojos.basicDefinitions.CspBillTypePojo@44afefd5)">addCspBillType(fawry.sofAutomation.pojos.basicDefinitions.CspBillTypePojo@44afefd5)</a> <!-- method navigator-link -->
                      </span>
                      <br/>
                      <span>
                        <img width="3%" src="passed.png"/>
                        <a href="#" class="method navigator-link" panel-name="suite-Suite" title="fawry.sofAutomation.testsActions.BasicDefinitions.AddCspBillTypeTest" hash-for-method="addCspBillType(fawry.sofAutomation.pojos.basicDefinitions.CspBillTypePojo@dcc6211)">addCspBillType(fawry.sofAutomation.pojos.basicDefinitions.CspBillTypePojo@dcc6211)</a> <!-- method navigator-link -->
                      </span>
                      <br/>
                      <span>
                        <img width="3%" src="passed.png"/>
                        <a href="#" class="method navigator-link" panel-name="suite-Suite" title="fawry.sofAutomation.testsActions.BasicDefinitions.AddCspBillTypeTest" hash-for-method="addCspBillType(fawry.sofAutomation.pojos.basicDefinitions.CspBillTypePojo@1f38957)">addCspBillType(fawry.sofAutomation.pojos.basicDefinitions.CspBillTypePojo@1f38957)</a> <!-- method navigator-link -->
                      </span>
                      <br/>
                      <span>
                        <img width="3%" src="passed.png"/>
                        <a href="#" class="method navigator-link" panel-name="suite-Suite" title="fawry.sofAutomation.testsActions.BasicDefinitions.AddCspBillTypeTest" hash-for-method="addCspBillType(fawry.sofAutomation.pojos.basicDefinitions.CspBillTypePojo@4cdd2c73)">addCspBillType(fawry.sofAutomation.pojos.basicDefinitions.CspBillTypePojo@4cdd2c73)</a> <!-- method navigator-link -->
                      </span>
                      <br/>
                      <span>
                        <img width="3%" src="passed.png"/>
                        <a href="#" class="method navigator-link" panel-name="suite-Suite" title="fawry.sofAutomation.testsActions.BasicDefinitions.AddVelocityCriteriaTest" hash-for-method="addVelocityCriteria(fawry.sofAutomation.pojos.basicDefinitions.VelocityPojo@74159dc9)">addVelocityCriteria(fawry.sofAutomation.pojos.basicDefinitions.VelocityPojo@74159dc9)</a> <!-- method navigator-link -->
                      </span>
                      <br/>
                      <span>
                        <img width="3%" src="passed.png"/>
                        <a href="#" class="method navigator-link" panel-name="suite-Suite" title="fawry.sofAutomation.testsActions.BasicDefinitions.ConfigureCspSettingsTest" hash-for-method="configureCSPSettings(fawry.sofAutomation.pojos.basicDefinitions.CSPFeesPojo@29b4444a)">configureCSPSettings(fawry.sofAutomation.pojos.basicDefinitions.CSPFeesPojo@29b4444a)</a> <!-- method navigator-link -->
                      </span>
                      <br/>
                      <span>
                        <img width="3%" src="passed.png"/>
                        <a href="#" class="method navigator-link" panel-name="suite-Suite" title="fawry.sofAutomation.testsActions.BasicDefinitions.ConfigureCspSettingsTest" hash-for-method="configureCSPSettings(fawry.sofAutomation.pojos.basicDefinitions.CSPFeesPojo@6e22d6bf)">configureCSPSettings(fawry.sofAutomation.pojos.basicDefinitions.CSPFeesPojo@6e22d6bf)</a> <!-- method navigator-link -->
                      </span>
                      <br/>
                      <span>
                        <img width="3%" src="passed.png"/>
                        <a href="#" class="method navigator-link" panel-name="suite-Suite" title="fawry.sofAutomation.testsActions.BasicDefinitions.ConfigureCspOverDraftClassFactorsTest" hash-for-method="configureOverDraftClassFactors(fawry.sofAutomation.pojos.basicDefinitions.CSPFeesPojo@43b172e3)">configureOverDraftClassFactors(fawry.sofAutomation.pojos.basicDefinitions.CSPFeesPojo@43b172e3)</a> <!-- method navigator-link -->
                      </span>
                      <br/>
                      <span>
                        <img width="3%" src="passed.png"/>
                        <a href="#" class="method navigator-link" panel-name="suite-Suite" title="fawry.sofAutomation.testsActions.BasicDefinitions.ConfigureCspOverDraftClassFactorsTest" hash-for-method="configureOverDraftClassFactors(fawry.sofAutomation.pojos.basicDefinitions.CSPFeesPojo@26874f2c)">configureOverDraftClassFactors(fawry.sofAutomation.pojos.basicDefinitions.CSPFeesPojo@26874f2c)</a> <!-- method navigator-link -->
                      </span>
                      <br/>
                      <span>
                        <img width="3%" src="passed.png"/>
                        <a href="#" class="method navigator-link" panel-name="suite-Suite" title="fawry.sofAutomation.testsActions.BasicDefinitions.ConfigureCspOverDraftClassFactorsTest" hash-for-method="configureOverDraftClassFactors(fawry.sofAutomation.pojos.basicDefinitions.CSPFeesPojo@767a014e)">configureOverDraftClassFactors(fawry.sofAutomation.pojos.basicDefinitions.CSPFeesPojo@767a014e)</a> <!-- method navigator-link -->
                      </span>
                      <br/>
                      <span>
                        <img width="3%" src="passed.png"/>
                        <a href="#" class="method navigator-link" panel-name="suite-Suite" title="fawry.sofAutomation.testsActions.BasicDefinitions.ConfigureCspOverDraftClassFactorsTest" hash-for-method="configureOverDraftClassFactors(fawry.sofAutomation.pojos.basicDefinitions.CSPFeesPojo@2287395)">configureOverDraftClassFactors(fawry.sofAutomation.pojos.basicDefinitions.CSPFeesPojo@2287395)</a> <!-- method navigator-link -->
                      </span>
                      <br/>
                      <span>
                        <img width="3%" src="passed.png"/>
                        <a href="#" class="method navigator-link" panel-name="suite-Suite" title="fawry.sofAutomation.testsActions.BasicDefinitions.SearchFinanceProgramSetupTest" hash-for-method="searchFinanceProgramSetup(fawry.sofAutomation.pojos.basicDefinitions.FinancePojo@367fbb28)">searchFinanceProgramSetup(fawry.sofAutomation.pojos.basicDefinitions.FinancePojo@367fbb28)</a> <!-- method navigator-link -->
                      </span>
                      <br/>
                      <span>
                        <img width="3%" src="passed.png"/>
                        <a href="#" class="method navigator-link" panel-name="suite-Suite" title="fawry.sofAutomation.testsActions.BasicDefinitions.SearchFinanceProgramSetupTest" hash-for-method="searchFinanceProgramSetup(fawry.sofAutomation.pojos.basicDefinitions.FinancePojo@eea0b48)">searchFinanceProgramSetup(fawry.sofAutomation.pojos.basicDefinitions.FinancePojo@eea0b48)</a> <!-- method navigator-link -->
                      </span>
                      <br/>
                      <span>
                        <img width="3%" src="passed.png"/>
                        <a href="#" class="method navigator-link" panel-name="suite-Suite" title="fawry.sofAutomation.testsActions.BasicDefinitions.SearchVelocityCriteriaTest" hash-for-method="searchVelocityCriteria(fawry.sofAutomation.pojos.basicDefinitions.VelocityPojo@513ddf5f)">searchVelocityCriteria(fawry.sofAutomation.pojos.basicDefinitions.VelocityPojo@513ddf5f)</a> <!-- method navigator-link -->
                      </span>
                      <br/>
                    </div> <!-- method-list-content passed suite-Suite -->
                  </li>
                </ul>
              </div> <!-- suite-section-content -->
            </div> <!-- result-section -->
          </div> <!-- navigator-suite-content -->
        </div> <!-- rounded-window -->
      </div> <!-- suite -->
    </div> <!-- navigator-root -->
    <div class="wrapper">
      <div class="main-panel-root">
        <div panel-name="suite-Suite" class="panel Suite">
          <div class="suite-Suite-class-failed">
            <div class="main-panel-header rounded-window-top">
              <img src="failed.png"/>
              <span class="class-name">fawry.sofAutomation.testsActions.BasicDefinitions.AddVelocityCriteriaTest</span>
            </div> <!-- main-panel-header rounded-window-top -->
            <div class="main-panel-content rounded-window-bottom">
              <div class="method">
                <div class="method-content">
                  <a name="addVelocityCriteria(fawry.sofAutomation.pojos.basicDefinitions.VelocityPojo@29a1dab3)">
                  </a> <!-- addVelocityCriteria(fawry.sofAutomation.pojos.basicDefinitions.VelocityPojo@29a1dab3) -->
                  <span class="method-name">addVelocityCriteria</span>
                  <span class="parameters">(fawry.sofAutomation.pojos.basicDefinitions.VelocityPojo@29a1dab3)</span>
                  <div class="stack-trace">java.lang.AssertionError: The following asserts failed:
	Error; Expected in Excel And actual on web page does NOT match expected [true] but found [false],
	Error; Data shown on web table and in db does NOT matchIn test Case With ID of expected [true] but found [false]
	at org.testng.asserts.SoftAssert.assertAll(SoftAssert.java:43)
	at fawry.sofAutomation.testsActions.BasicDefinitions.AddVelocityCriteriaTest.addVelocityCriteria(AddVelocityCriteriaTest.java:90)
	at sun.reflect.NativeMethodAccessorImpl.invoke0(Native Method)
	at sun.reflect.NativeMethodAccessorImpl.invoke(NativeMethodAccessorImpl.java:62)
	at sun.reflect.DelegatingMethodAccessorImpl.invoke(DelegatingMethodAccessorImpl.java:43)
	at java.lang.reflect.Method.invoke(Method.java:498)
	at org.testng.internal.MethodInvocationHelper.invokeMethod(MethodInvocationHelper.java:124)
	at org.testng.internal.Invoker.invokeMethod(Invoker.java:580)
	at org.testng.internal.Invoker.invokeTestMethod(Invoker.java:716)
	at org.testng.internal.Invoker.invokeTestMethods(Invoker.java:988)
	at org.testng.internal.TestMethodWorker.invokeTestMethods(TestMethodWorker.java:125)
	at org.testng.internal.TestMethodWorker.run(TestMethodWorker.java:109)
	at org.testng.TestRunner.privateRun(TestRunner.java:648)
	at org.testng.TestRunner.run(TestRunner.java:505)
	at org.testng.SuiteRunner.runTest(SuiteRunner.java:455)
	at org.testng.SuiteRunner.runSequentially(SuiteRunner.java:450)
	at org.testng.SuiteRunner.privateRun(SuiteRunner.java:415)
	at org.testng.SuiteRunner.run(SuiteRunner.java:364)
	at org.testng.SuiteRunnerWorker.runSuite(SuiteRunnerWorker.java:52)
	at org.testng.SuiteRunnerWorker.run(SuiteRunnerWorker.java:84)
	at org.testng.TestNG.runSuitesSequentially(TestNG.java:1208)
	at org.testng.TestNG.runSuitesLocally(TestNG.java:1137)
	at org.testng.TestNG.runSuites(TestNG.java:1049)
	at org.testng.TestNG.run(TestNG.java:1017)
	at org.testng.remote.AbstractRemoteTestNG.run(AbstractRemoteTestNG.java:114)
	at org.testng.remote.RemoteTestNG.initAndRun(RemoteTestNG.java:251)
	at org.testng.remote.RemoteTestNG.main(RemoteTestNG.java:77)

</div> <!-- stack-trace -->
                  <em>
(Validate Functionality)                  </em>
                </div> <!-- method-content -->
              </div> <!-- method -->
            </div> <!-- main-panel-content rounded-window-bottom -->
          </div> <!-- suite-Suite-class-failed -->
          <div class="suite-Suite-class-failed">
            <div class="main-panel-header rounded-window-top">
              <img src="failed.png"/>
              <span class="class-name">fawry.sofAutomation.testsActions.BasicDefinitions.ConfigureCspOverDraftFeesTest</span>
            </div> <!-- main-panel-header rounded-window-top -->
            <div class="main-panel-content rounded-window-bottom">
              <div class="method">
                <div class="method-content">
                  <a name="configureOverDraftFees(fawry.sofAutomation.pojos.basicDefinitions.CSPFeesPojo@2de50ee4)">
                  </a> <!-- configureOverDraftFees(fawry.sofAutomation.pojos.basicDefinitions.CSPFeesPojo@2de50ee4) -->
                  <span class="method-name">configureOverDraftFees</span>
                  <span class="parameters">(fawry.sofAutomation.pojos.basicDefinitions.CSPFeesPojo@2de50ee4)</span>
                  <div class="stack-trace">java.lang.AssertionError: The following asserts failed:
	Error; Expected in Excel And actual on web page does NOT matchTC_04 expected [true] but found [false]
	at org.testng.asserts.SoftAssert.assertAll(SoftAssert.java:43)
	at fawry.sofAutomation.testsActions.BasicDefinitions.ConfigureCspOverDraftFeesTest.configureOverDraftFees(ConfigureCspOverDraftFeesTest.java:70)
	at sun.reflect.NativeMethodAccessorImpl.invoke0(Native Method)
	at sun.reflect.NativeMethodAccessorImpl.invoke(NativeMethodAccessorImpl.java:62)
	at sun.reflect.DelegatingMethodAccessorImpl.invoke(DelegatingMethodAccessorImpl.java:43)
	at java.lang.reflect.Method.invoke(Method.java:498)
	at org.testng.internal.MethodInvocationHelper.invokeMethod(MethodInvocationHelper.java:124)
	at org.testng.internal.Invoker.invokeMethod(Invoker.java:580)
	at org.testng.internal.Invoker.invokeTestMethod(Invoker.java:716)
	at org.testng.internal.Invoker.invokeTestMethods(Invoker.java:988)
	at org.testng.internal.TestMethodWorker.invokeTestMethods(TestMethodWorker.java:125)
	at org.testng.internal.TestMethodWorker.run(TestMethodWorker.java:109)
	at org.testng.TestRunner.privateRun(TestRunner.java:648)
	at org.testng.TestRunner.run(TestRunner.java:505)
	at org.testng.SuiteRunner.runTest(SuiteRunner.java:455)
	at org.testng.SuiteRunner.runSequentially(SuiteRunner.java:450)
	at org.testng.SuiteRunner.privateRun(SuiteRunner.java:415)
	at org.testng.SuiteRunner.run(SuiteRunner.java:364)
	at org.testng.SuiteRunnerWorker.runSuite(SuiteRunnerWorker.java:52)
	at org.testng.SuiteRunnerWorker.run(SuiteRunnerWorker.java:84)
	at org.testng.TestNG.runSuitesSequentially(TestNG.java:1208)
	at org.testng.TestNG.runSuitesLocally(TestNG.java:1137)
	at org.testng.TestNG.runSuites(TestNG.java:1049)
	at org.testng.TestNG.run(TestNG.java:1017)
	at org.testng.remote.AbstractRemoteTestNG.run(AbstractRemoteTestNG.java:114)
	at org.testng.remote.RemoteTestNG.initAndRun(RemoteTestNG.java:251)
	at org.testng.remote.RemoteTestNG.main(RemoteTestNG.java:77)

</div> <!-- stack-trace -->
                  <em>
(Validate ConfigureCspOverDraftFees Functionality)                  </em>
                </div> <!-- method-content -->
              </div> <!-- method -->
            </div> <!-- main-panel-content rounded-window-bottom -->
          </div> <!-- suite-Suite-class-failed -->
          <div class="suite-Suite-class-failed">
            <div class="main-panel-header rounded-window-top">
              <img src="failed.png"/>
              <span class="class-name">fawry.sofAutomation.testsActions.BasicDefinitions.AddCspBillTypeTest</span>
            </div> <!-- main-panel-header rounded-window-top -->
            <div class="main-panel-content rounded-window-bottom">
              <div class="method">
                <div class="method-content">
                  <a name="addCspBillType(fawry.sofAutomation.pojos.basicDefinitions.CspBillTypePojo@4642b71d)">
                  </a> <!-- addCspBillType(fawry.sofAutomation.pojos.basicDefinitions.CspBillTypePojo@4642b71d) -->
                  <span class="method-name">addCspBillType</span>
                  <span class="parameters">(fawry.sofAutomation.pojos.basicDefinitions.CspBillTypePojo@4642b71d)</span>
                  <div class="stack-trace">java.lang.AssertionError: The following asserts failed:
	Actual and Expectted Results not Matched
	at org.testng.asserts.SoftAssert.assertAll(SoftAssert.java:43)
	at fawry.sofAutomation.testsActions.BasicDefinitions.AddCspBillTypeTest.addCspBillType(AddCspBillTypeTest.java:63)
	at sun.reflect.NativeMethodAccessorImpl.invoke0(Native Method)
	at sun.reflect.NativeMethodAccessorImpl.invoke(NativeMethodAccessorImpl.java:62)
	at sun.reflect.DelegatingMethodAccessorImpl.invoke(DelegatingMethodAccessorImpl.java:43)
	at java.lang.reflect.Method.invoke(Method.java:498)
	at org.testng.internal.MethodInvocationHelper.invokeMethod(MethodInvocationHelper.java:124)
	at org.testng.internal.Invoker.invokeMethod(Invoker.java:580)
	at org.testng.internal.Invoker.invokeTestMethod(Invoker.java:716)
	at org.testng.internal.Invoker.invokeTestMethods(Invoker.java:988)
	at org.testng.internal.TestMethodWorker.invokeTestMethods(TestMethodWorker.java:125)
	at org.testng.internal.TestMethodWorker.run(TestMethodWorker.java:109)
	at org.testng.TestRunner.privateRun(TestRunner.java:648)
	at org.testng.TestRunner.run(TestRunner.java:505)
	at org.testng.SuiteRunner.runTest(SuiteRunner.java:455)
	at org.testng.SuiteRunner.runSequentially(SuiteRunner.java:450)
	at org.testng.SuiteRunner.privateRun(SuiteRunner.java:415)
	at org.testng.SuiteRunner.run(SuiteRunner.java:364)
	at org.testng.SuiteRunnerWorker.runSuite(SuiteRunnerWorker.java:52)
	at org.testng.SuiteRunnerWorker.run(SuiteRunnerWorker.java:84)
	at org.testng.TestNG.runSuitesSequentially(TestNG.java:1208)
	at org.testng.TestNG.runSuitesLocally(TestNG.java:1137)
	at org.testng.TestNG.runSuites(TestNG.java:1049)
	at org.testng.TestNG.run(TestNG.java:1017)
	at org.testng.remote.AbstractRemoteTestNG.run(AbstractRemoteTestNG.java:114)
	at org.testng.remote.RemoteTestNG.initAndRun(RemoteTestNG.java:251)
	at org.testng.remote.RemoteTestNG.main(RemoteTestNG.java:77)

</div> <!-- stack-trace -->
                  <em>
(Validate addCspBillType Functionality)                  </em>
                </div> <!-- method-content -->
              </div> <!-- method -->
              <div class="method">
                <div class="method-content">
                  <a name="addCspBillType(fawry.sofAutomation.pojos.basicDefinitions.CspBillTypePojo@5949eba8)">
                  </a> <!-- addCspBillType(fawry.sofAutomation.pojos.basicDefinitions.CspBillTypePojo@5949eba8) -->
                  <span class="method-name">addCspBillType</span>
                  <span class="parameters">(fawry.sofAutomation.pojos.basicDefinitions.CspBillTypePojo@5949eba8)</span>
                  <div class="stack-trace">java.lang.AssertionError: The following asserts failed:
	Actual and Expectted Results not Matched
	at org.testng.asserts.SoftAssert.assertAll(SoftAssert.java:43)
	at fawry.sofAutomation.testsActions.BasicDefinitions.AddCspBillTypeTest.addCspBillType(AddCspBillTypeTest.java:63)
	at sun.reflect.NativeMethodAccessorImpl.invoke0(Native Method)
	at sun.reflect.NativeMethodAccessorImpl.invoke(NativeMethodAccessorImpl.java:62)
	at sun.reflect.DelegatingMethodAccessorImpl.invoke(DelegatingMethodAccessorImpl.java:43)
	at java.lang.reflect.Method.invoke(Method.java:498)
	at org.testng.internal.MethodInvocationHelper.invokeMethod(MethodInvocationHelper.java:124)
	at org.testng.internal.Invoker.invokeMethod(Invoker.java:580)
	at org.testng.internal.Invoker.invokeTestMethod(Invoker.java:716)
	at org.testng.internal.Invoker.invokeTestMethods(Invoker.java:988)
	at org.testng.internal.TestMethodWorker.invokeTestMethods(TestMethodWorker.java:125)
	at org.testng.internal.TestMethodWorker.run(TestMethodWorker.java:109)
	at org.testng.TestRunner.privateRun(TestRunner.java:648)
	at org.testng.TestRunner.run(TestRunner.java:505)
	at org.testng.SuiteRunner.runTest(SuiteRunner.java:455)
	at org.testng.SuiteRunner.runSequentially(SuiteRunner.java:450)
	at org.testng.SuiteRunner.privateRun(SuiteRunner.java:415)
	at org.testng.SuiteRunner.run(SuiteRunner.java:364)
	at org.testng.SuiteRunnerWorker.runSuite(SuiteRunnerWorker.java:52)
	at org.testng.SuiteRunnerWorker.run(SuiteRunnerWorker.java:84)
	at org.testng.TestNG.runSuitesSequentially(TestNG.java:1208)
	at org.testng.TestNG.runSuitesLocally(TestNG.java:1137)
	at org.testng.TestNG.runSuites(TestNG.java:1049)
	at org.testng.TestNG.run(TestNG.java:1017)
	at org.testng.remote.AbstractRemoteTestNG.run(AbstractRemoteTestNG.java:114)
	at org.testng.remote.RemoteTestNG.initAndRun(RemoteTestNG.java:251)
	at org.testng.remote.RemoteTestNG.main(RemoteTestNG.java:77)

</div> <!-- stack-trace -->
                  <em>
(Validate addCspBillType Functionality)                  </em>
                </div> <!-- method-content -->
              </div> <!-- method -->
            </div> <!-- main-panel-content rounded-window-bottom -->
          </div> <!-- suite-Suite-class-failed -->
          <div class="suite-Suite-class-failed">
            <div class="main-panel-header rounded-window-top">
              <img src="failed.png"/>
              <span class="class-name">fawry.sofAutomation.testsActions.BasicDefinitions.SearchFinanceProgramSetupTest</span>
            </div> <!-- main-panel-header rounded-window-top -->
            <div class="main-panel-content rounded-window-bottom">
              <div class="method">
                <div class="method-content">
                  <a name="searchFinanceProgramSetup(fawry.sofAutomation.pojos.basicDefinitions.FinancePojo@68722de3)">
                  </a> <!-- searchFinanceProgramSetup(fawry.sofAutomation.pojos.basicDefinitions.FinancePojo@68722de3) -->
                  <span class="method-name">searchFinanceProgramSetup</span>
                  <span class="parameters">(fawry.sofAutomation.pojos.basicDefinitions.FinancePojo@68722de3)</span>
                  <div class="stack-trace">org.openqa.selenium.NoSuchElementException: no such element: Unable to locate element: {&quot;method&quot;:&quot;xpath&quot;,&quot;selector&quot;:&quot;//*[@id=&quot;searchTrx:tableEx1&quot;]/tbody&quot;}
  (Session info: chrome=75.0.3770.100)
  (Driver info: chromedriver=74.0.3729.6 (255758eccf3d244491b8a1317aa76e1ce10d57e9-refs/branch-heads/3729@{#29}),platform=Windows NT 6.1.7601 SP1 x86_64) (WARNING: The server did not provide any stacktrace information)
Command duration or timeout: 0 milliseconds
For documentation on this error, please visit: https://www.seleniumhq.org/exceptions/no_such_element.html
Build info: version: &apos;3.141.59&apos;, revision: &apos;e82be7d358&apos;, time: &apos;2018-11-14T08:17:03&apos;
System info: host: &apos;FB-133&apos;, ip: &apos;10.5.12.107&apos;, os.name: &apos;Windows 7&apos;, os.arch: &apos;amd64&apos;, os.version: &apos;6.1&apos;, java.version: &apos;1.8.0_112&apos;
Driver info: org.openqa.selenium.chrome.ChromeDriver
Capabilities {acceptInsecureCerts: false, acceptSslCerts: false, applicationCacheEnabled: false, browserConnectionEnabled: false, browserName: chrome, chrome: {chromedriverVersion: 74.0.3729.6 (255758eccf3d24..., userDataDir: C:\Users\TAREQ~1.SHA\AppDat...}, cssSelectorsEnabled: true, databaseEnabled: false, goog:chromeOptions: {debuggerAddress: localhost:41246}, handlesAlerts: true, hasTouchScreen: false, javascriptEnabled: true, locationContextEnabled: true, mobileEmulationEnabled: false, nativeEvents: true, networkConnectionEnabled: false, pageLoadStrategy: normal, platform: XP, platformName: XP, proxy: Proxy(), rotatable: false, setWindowRect: true, strictFileInteractability: false, takesHeapSnapshot: true, takesScreenshot: true, timeouts: {implicit: 0, pageLoad: 300000, script: 30000}, unexpectedAlertBehaviour: ignore, unhandledPromptBehavior: ignore, version: 75.0.3770.100, webStorageEnabled: true}
Session ID: b8acf1a6f932647a21005abb6c524828
*** Element info: {Using=xpath, value=//*[@id=&quot;searchTrx:tableEx1&quot;]/tbody}
	at sun.reflect.NativeConstructorAccessorImpl.newInstance0(Native Method)
	at sun.reflect.NativeConstructorAccessorImpl.newInstance(NativeConstructorAccessorImpl.java:62)
	at sun.reflect.DelegatingConstructorAccessorImpl.newInstance(DelegatingConstructorAccessorImpl.java:45)
	at java.lang.reflect.Constructor.newInstance(Constructor.java:423)
	at org.openqa.selenium.remote.ErrorHandler.createThrowable(ErrorHandler.java:214)
	at org.openqa.selenium.remote.ErrorHandler.throwIfResponseFailed(ErrorHandler.java:166)
	at org.openqa.selenium.remote.http.JsonHttpResponseCodec.reconstructValue(JsonHttpResponseCodec.java:40)
	at org.openqa.selenium.remote.http.AbstractHttpResponseCodec.decode(AbstractHttpResponseCodec.java:80)
	at org.openqa.selenium.remote.http.AbstractHttpResponseCodec.decode(AbstractHttpResponseCodec.java:44)
	at org.openqa.selenium.remote.HttpCommandExecutor.execute(HttpCommandExecutor.java:158)
	at org.openqa.selenium.remote.service.DriverCommandExecutor.execute(DriverCommandExecutor.java:83)
	at org.openqa.selenium.remote.RemoteWebDriver.execute(RemoteWebDriver.java:552)
	at org.openqa.selenium.remote.RemoteWebDriver.findElement(RemoteWebDriver.java:323)
	at org.openqa.selenium.remote.RemoteWebDriver.findElementByXPath(RemoteWebDriver.java:428)
	at org.openqa.selenium.By$ByXPath.findElement(By.java:353)
	at org.openqa.selenium.remote.RemoteWebDriver.findElement(RemoteWebDriver.java:315)
	at org.openqa.selenium.support.pagefactory.DefaultElementLocator.findElement(DefaultElementLocator.java:69)
	at org.openqa.selenium.support.pagefactory.internal.LocatingElementHandler.invoke(LocatingElementHandler.java:38)
	at com.sun.proxy.$Proxy17.findElements(Unknown Source)
	at fawry.sofAutomation.tablesVerification.basicDefinitions.SearchFinanceTableVerifications.searchFinanceSetup(SearchFinanceTableVerifications.java:37)
	at fawry.sofAutomation.testsActions.BasicDefinitions.SearchFinanceProgramSetupTest.searchFinanceProgramSetup(SearchFinanceProgramSetupTest.java:76)
	at sun.reflect.NativeMethodAccessorImpl.invoke0(Native Method)
	at sun.reflect.NativeMethodAccessorImpl.invoke(NativeMethodAccessorImpl.java:62)
	at sun.reflect.DelegatingMethodAccessorImpl.invoke(DelegatingMethodAccessorImpl.java:43)
	at java.lang.reflect.Method.invoke(Method.java:498)
	at org.testng.internal.MethodInvocationHelper.invokeMethod(MethodInvocationHelper.java:124)
	at org.testng.internal.Invoker.invokeMethod(Invoker.java:580)
	at org.testng.internal.Invoker.invokeTestMethod(Invoker.java:716)
	at org.testng.internal.Invoker.invokeTestMethods(Invoker.java:988)
	at org.testng.internal.TestMethodWorker.invokeTestMethods(TestMethodWorker.java:125)
	at org.testng.internal.TestMethodWorker.run(TestMethodWorker.java:109)
	at org.testng.TestRunner.privateRun(TestRunner.java:648)
	at org.testng.TestRunner.run(TestRunner.java:505)
	at org.testng.SuiteRunner.runTest(SuiteRunner.java:455)
	at org.testng.SuiteRunner.runSequentially(SuiteRunner.java:450)
	at org.testng.SuiteRunner.privateRun(SuiteRunner.java:415)
	at org.testng.SuiteRunner.run(SuiteRunner.java:364)
	at org.testng.SuiteRunnerWorker.runSuite(SuiteRunnerWorker.java:52)
	at org.testng.SuiteRunnerWorker.run(SuiteRunnerWorker.java:84)
	at org.testng.TestNG.runSuitesSequentially(TestNG.java:1208)
	at org.testng.TestNG.runSuitesLocally(TestNG.java:1137)
	at org.testng.TestNG.runSuites(TestNG.java:1049)
	at org.testng.TestNG.run(TestNG.java:1017)
	at org.testng.remote.AbstractRemoteTestNG.run(AbstractRemoteTestNG.java:114)
	at org.testng.remote.RemoteTestNG.initAndRun(RemoteTestNG.java:251)
	at org.testng.remote.RemoteTestNG.main(RemoteTestNG.java:77)

</div> <!-- stack-trace -->
                  <em>
(Validate Functionality)                  </em>
                </div> <!-- method-content -->
              </div> <!-- method -->
              <div class="method">
                <div class="method-content">
                  <a name="searchFinanceProgramSetup(fawry.sofAutomation.pojos.basicDefinitions.FinancePojo@2823b7c5)">
                  </a> <!-- searchFinanceProgramSetup(fawry.sofAutomation.pojos.basicDefinitions.FinancePojo@2823b7c5) -->
                  <span class="method-name">searchFinanceProgramSetup</span>
                  <span class="parameters">(fawry.sofAutomation.pojos.basicDefinitions.FinancePojo@2823b7c5)</span>
                  <div class="stack-trace">java.lang.AssertionError: The following asserts failed:
	Error; Data shown on web table and in db does NOT matchIn test Case With ID of expected [true] but found [false]
	at org.testng.asserts.SoftAssert.assertAll(SoftAssert.java:43)
	at fawry.sofAutomation.testsActions.BasicDefinitions.SearchFinanceProgramSetupTest.searchFinanceProgramSetup(SearchFinanceProgramSetupTest.java:86)
	at sun.reflect.NativeMethodAccessorImpl.invoke0(Native Method)
	at sun.reflect.NativeMethodAccessorImpl.invoke(NativeMethodAccessorImpl.java:62)
	at sun.reflect.DelegatingMethodAccessorImpl.invoke(DelegatingMethodAccessorImpl.java:43)
	at java.lang.reflect.Method.invoke(Method.java:498)
	at org.testng.internal.MethodInvocationHelper.invokeMethod(MethodInvocationHelper.java:124)
	at org.testng.internal.Invoker.invokeMethod(Invoker.java:580)
	at org.testng.internal.Invoker.invokeTestMethod(Invoker.java:716)
	at org.testng.internal.Invoker.invokeTestMethods(Invoker.java:988)
	at org.testng.internal.TestMethodWorker.invokeTestMethods(TestMethodWorker.java:125)
	at org.testng.internal.TestMethodWorker.run(TestMethodWorker.java:109)
	at org.testng.TestRunner.privateRun(TestRunner.java:648)
	at org.testng.TestRunner.run(TestRunner.java:505)
	at org.testng.SuiteRunner.runTest(SuiteRunner.java:455)
	at org.testng.SuiteRunner.runSequentially(SuiteRunner.java:450)
	at org.testng.SuiteRunner.privateRun(SuiteRunner.java:415)
	at org.testng.SuiteRunner.run(SuiteRunner.java:364)
	at org.testng.SuiteRunnerWorker.runSuite(SuiteRunnerWorker.java:52)
	at org.testng.SuiteRunnerWorker.run(SuiteRunnerWorker.java:84)
	at org.testng.TestNG.runSuitesSequentially(TestNG.java:1208)
	at org.testng.TestNG.runSuitesLocally(TestNG.java:1137)
	at org.testng.TestNG.runSuites(TestNG.java:1049)
	at org.testng.TestNG.run(TestNG.java:1017)
	at org.testng.remote.AbstractRemoteTestNG.run(AbstractRemoteTestNG.java:114)
	at org.testng.remote.RemoteTestNG.initAndRun(RemoteTestNG.java:251)
	at org.testng.remote.RemoteTestNG.main(RemoteTestNG.java:77)

</div> <!-- stack-trace -->
                  <em>
(Validate Functionality)                  </em>
                </div> <!-- method-content -->
              </div> <!-- method -->
            </div> <!-- main-panel-content rounded-window-bottom -->
          </div> <!-- suite-Suite-class-failed -->
          <div class="suite-Suite-class-failed">
            <div class="main-panel-header rounded-window-top">
              <img src="failed.png"/>
              <span class="class-name">fawry.sofAutomation.testsActions.BasicDefinitions.EditVelocityCriteriaTest</span>
            </div> <!-- main-panel-header rounded-window-top -->
            <div class="main-panel-content rounded-window-bottom">
              <div class="method">
                <div class="method-content">
                  <a name="EditVelocityCriteria(fawry.sofAutomation.pojos.basicDefinitions.VelocityPojo@5c2f5dc)">
                  </a> <!-- EditVelocityCriteria(fawry.sofAutomation.pojos.basicDefinitions.VelocityPojo@5c2f5dc) -->
                  <span class="method-name">EditVelocityCriteria</span>
                  <span class="parameters">(fawry.sofAutomation.pojos.basicDefinitions.VelocityPojo@5c2f5dc)</span>
                  <div class="stack-trace">java.lang.AssertionError: The following asserts failed:
	Error; Data shown on web table and in db does NOT matchIn test Case With ID of expected [true] but found [false]
	at org.testng.asserts.SoftAssert.assertAll(SoftAssert.java:43)
	at fawry.sofAutomation.testsActions.BasicDefinitions.EditVelocityCriteriaTest.EditVelocityCriteria(EditVelocityCriteriaTest.java:87)
	at sun.reflect.NativeMethodAccessorImpl.invoke0(Native Method)
	at sun.reflect.NativeMethodAccessorImpl.invoke(NativeMethodAccessorImpl.java:62)
	at sun.reflect.DelegatingMethodAccessorImpl.invoke(DelegatingMethodAccessorImpl.java:43)
	at java.lang.reflect.Method.invoke(Method.java:498)
	at org.testng.internal.MethodInvocationHelper.invokeMethod(MethodInvocationHelper.java:124)
	at org.testng.internal.Invoker.invokeMethod(Invoker.java:580)
	at org.testng.internal.Invoker.invokeTestMethod(Invoker.java:716)
	at org.testng.internal.Invoker.invokeTestMethods(Invoker.java:988)
	at org.testng.internal.TestMethodWorker.invokeTestMethods(TestMethodWorker.java:125)
	at org.testng.internal.TestMethodWorker.run(TestMethodWorker.java:109)
	at org.testng.TestRunner.privateRun(TestRunner.java:648)
	at org.testng.TestRunner.run(TestRunner.java:505)
	at org.testng.SuiteRunner.runTest(SuiteRunner.java:455)
	at org.testng.SuiteRunner.runSequentially(SuiteRunner.java:450)
	at org.testng.SuiteRunner.privateRun(SuiteRunner.java:415)
	at org.testng.SuiteRunner.run(SuiteRunner.java:364)
	at org.testng.SuiteRunnerWorker.runSuite(SuiteRunnerWorker.java:52)
	at org.testng.SuiteRunnerWorker.run(SuiteRunnerWorker.java:84)
	at org.testng.TestNG.runSuitesSequentially(TestNG.java:1208)
	at org.testng.TestNG.runSuitesLocally(TestNG.java:1137)
	at org.testng.TestNG.runSuites(TestNG.java:1049)
	at org.testng.TestNG.run(TestNG.java:1017)
	at org.testng.remote.AbstractRemoteTestNG.run(AbstractRemoteTestNG.java:114)
	at org.testng.remote.RemoteTestNG.initAndRun(RemoteTestNG.java:251)
	at org.testng.remote.RemoteTestNG.main(RemoteTestNG.java:77)

</div> <!-- stack-trace -->
                  <em>
(Validate Functionality)                  </em>
                </div> <!-- method-content -->
              </div> <!-- method -->
            </div> <!-- main-panel-content rounded-window-bottom -->
          </div> <!-- suite-Suite-class-failed -->
          <div class="suite-Suite-class-passed">
            <div class="main-panel-header rounded-window-top">
              <img src="passed.png"/>
              <span class="class-name">fawry.sofAutomation.testsActions.BasicDefinitions.AddVelocityCriteriaTest</span>
            </div> <!-- main-panel-header rounded-window-top -->
            <div class="main-panel-content rounded-window-bottom">
              <div class="method">
                <div class="method-content">
                  <a name="addVelocityCriteria(fawry.sofAutomation.pojos.basicDefinitions.VelocityPojo@74159dc9)">
                  </a> <!-- addVelocityCriteria(fawry.sofAutomation.pojos.basicDefinitions.VelocityPojo@74159dc9) -->
                  <span class="method-name">addVelocityCriteria</span>
                  <span class="parameters">(fawry.sofAutomation.pojos.basicDefinitions.VelocityPojo@74159dc9)</span>
                  <em>
(Validate Functionality)                  </em>
                </div> <!-- method-content -->
              </div> <!-- method -->
            </div> <!-- main-panel-content rounded-window-bottom -->
          </div> <!-- suite-Suite-class-passed -->
          <div class="suite-Suite-class-passed">
            <div class="main-panel-header rounded-window-top">
              <img src="passed.png"/>
              <span class="class-name">fawry.sofAutomation.testsActions.BasicDefinitions.ConfigureCspOverDraftClassFactorsTest</span>
            </div> <!-- main-panel-header rounded-window-top -->
            <div class="main-panel-content rounded-window-bottom">
              <div class="method">
                <div class="method-content">
                  <a name="configureOverDraftClassFactors(fawry.sofAutomation.pojos.basicDefinitions.CSPFeesPojo@43b172e3)">
                  </a> <!-- configureOverDraftClassFactors(fawry.sofAutomation.pojos.basicDefinitions.CSPFeesPojo@43b172e3) -->
                  <span class="method-name">configureOverDraftClassFactors</span>
                  <span class="parameters">(fawry.sofAutomation.pojos.basicDefinitions.CSPFeesPojo@43b172e3)</span>
                  <em>
(Validate Cofiguring CSP OverDraft Class Factors Functionality)                  </em>
                </div> <!-- method-content -->
              </div> <!-- method -->
              <div class="method">
                <div class="method-content">
                  <a name="configureOverDraftClassFactors(fawry.sofAutomation.pojos.basicDefinitions.CSPFeesPojo@26874f2c)">
                  </a> <!-- configureOverDraftClassFactors(fawry.sofAutomation.pojos.basicDefinitions.CSPFeesPojo@26874f2c) -->
                  <span class="method-name">configureOverDraftClassFactors</span>
                  <span class="parameters">(fawry.sofAutomation.pojos.basicDefinitions.CSPFeesPojo@26874f2c)</span>
                  <em>
(Validate Cofiguring CSP OverDraft Class Factors Functionality)                  </em>
                </div> <!-- method-content -->
              </div> <!-- method -->
              <div class="method">
                <div class="method-content">
                  <a name="configureOverDraftClassFactors(fawry.sofAutomation.pojos.basicDefinitions.CSPFeesPojo@767a014e)">
                  </a> <!-- configureOverDraftClassFactors(fawry.sofAutomation.pojos.basicDefinitions.CSPFeesPojo@767a014e) -->
                  <span class="method-name">configureOverDraftClassFactors</span>
                  <span class="parameters">(fawry.sofAutomation.pojos.basicDefinitions.CSPFeesPojo@767a014e)</span>
                  <em>
(Validate Cofiguring CSP OverDraft Class Factors Functionality)                  </em>
                </div> <!-- method-content -->
              </div> <!-- method -->
              <div class="method">
                <div class="method-content">
                  <a name="configureOverDraftClassFactors(fawry.sofAutomation.pojos.basicDefinitions.CSPFeesPojo@2287395)">
                  </a> <!-- configureOverDraftClassFactors(fawry.sofAutomation.pojos.basicDefinitions.CSPFeesPojo@2287395) -->
                  <span class="method-name">configureOverDraftClassFactors</span>
                  <span class="parameters">(fawry.sofAutomation.pojos.basicDefinitions.CSPFeesPojo@2287395)</span>
                  <em>
(Validate Cofiguring CSP OverDraft Class Factors Functionality)                  </em>
                </div> <!-- method-content -->
              </div> <!-- method -->
            </div> <!-- main-panel-content rounded-window-bottom -->
          </div> <!-- suite-Suite-class-passed -->
          <div class="suite-Suite-class-passed">
            <div class="main-panel-header rounded-window-top">
              <img src="passed.png"/>
              <span class="class-name">fawry.sofAutomation.testsActions.BasicDefinitions.AddCspBillTypeTest</span>
            </div> <!-- main-panel-header rounded-window-top -->
            <div class="main-panel-content rounded-window-bottom">
              <div class="method">
                <div class="method-content">
                  <a name="addCspBillType(fawry.sofAutomation.pojos.basicDefinitions.CspBillTypePojo@44afefd5)">
                  </a> <!-- addCspBillType(fawry.sofAutomation.pojos.basicDefinitions.CspBillTypePojo@44afefd5) -->
                  <span class="method-name">addCspBillType</span>
                  <span class="parameters">(fawry.sofAutomation.pojos.basicDefinitions.CspBillTypePojo@44afefd5)</span>
                  <em>
(Validate addCspBillType Functionality)                  </em>
                </div> <!-- method-content -->
              </div> <!-- method -->
              <div class="method">
                <div class="method-content">
                  <a name="addCspBillType(fawry.sofAutomation.pojos.basicDefinitions.CspBillTypePojo@dcc6211)">
                  </a> <!-- addCspBillType(fawry.sofAutomation.pojos.basicDefinitions.CspBillTypePojo@dcc6211) -->
                  <span class="method-name">addCspBillType</span>
                  <span class="parameters">(fawry.sofAutomation.pojos.basicDefinitions.CspBillTypePojo@dcc6211)</span>
                  <em>
(Validate addCspBillType Functionality)                  </em>
                </div> <!-- method-content -->
              </div> <!-- method -->
              <div class="method">
                <div class="method-content">
                  <a name="addCspBillType(fawry.sofAutomation.pojos.basicDefinitions.CspBillTypePojo@1f38957)">
                  </a> <!-- addCspBillType(fawry.sofAutomation.pojos.basicDefinitions.CspBillTypePojo@1f38957) -->
                  <span class="method-name">addCspBillType</span>
                  <span class="parameters">(fawry.sofAutomation.pojos.basicDefinitions.CspBillTypePojo@1f38957)</span>
                  <em>
(Validate addCspBillType Functionality)                  </em>
                </div> <!-- method-content -->
              </div> <!-- method -->
              <div class="method">
                <div class="method-content">
                  <a name="addCspBillType(fawry.sofAutomation.pojos.basicDefinitions.CspBillTypePojo@4cdd2c73)">
                  </a> <!-- addCspBillType(fawry.sofAutomation.pojos.basicDefinitions.CspBillTypePojo@4cdd2c73) -->
                  <span class="method-name">addCspBillType</span>
                  <span class="parameters">(fawry.sofAutomation.pojos.basicDefinitions.CspBillTypePojo@4cdd2c73)</span>
                  <em>
(Validate addCspBillType Functionality)                  </em>
                </div> <!-- method-content -->
              </div> <!-- method -->
            </div> <!-- main-panel-content rounded-window-bottom -->
          </div> <!-- suite-Suite-class-passed -->
          <div class="suite-Suite-class-passed">
            <div class="main-panel-header rounded-window-top">
              <img src="passed.png"/>
              <span class="class-name">fawry.sofAutomation.testsActions.BasicDefinitions.ConfigureCspSettingsTest</span>
            </div> <!-- main-panel-header rounded-window-top -->
            <div class="main-panel-content rounded-window-bottom">
              <div class="method">
                <div class="method-content">
                  <a name="configureCSPSettings(fawry.sofAutomation.pojos.basicDefinitions.CSPFeesPojo@29b4444a)">
                  </a> <!-- configureCSPSettings(fawry.sofAutomation.pojos.basicDefinitions.CSPFeesPojo@29b4444a) -->
                  <span class="method-name">configureCSPSettings</span>
                  <span class="parameters">(fawry.sofAutomation.pojos.basicDefinitions.CSPFeesPojo@29b4444a)</span>
                  <em>
(Validate configure CSP Settings Functionality)                  </em>
                </div> <!-- method-content -->
              </div> <!-- method -->
              <div class="method">
                <div class="method-content">
                  <a name="configureCSPSettings(fawry.sofAutomation.pojos.basicDefinitions.CSPFeesPojo@6e22d6bf)">
                  </a> <!-- configureCSPSettings(fawry.sofAutomation.pojos.basicDefinitions.CSPFeesPojo@6e22d6bf) -->
                  <span class="method-name">configureCSPSettings</span>
                  <span class="parameters">(fawry.sofAutomation.pojos.basicDefinitions.CSPFeesPojo@6e22d6bf)</span>
                  <em>
(Validate configure CSP Settings Functionality)                  </em>
                </div> <!-- method-content -->
              </div> <!-- method -->
            </div> <!-- main-panel-content rounded-window-bottom -->
          </div> <!-- suite-Suite-class-passed -->
          <div class="suite-Suite-class-passed">
            <div class="main-panel-header rounded-window-top">
              <img src="passed.png"/>
              <span class="class-name">fawry.sofAutomation.testsActions.BasicDefinitions.SearchVelocityCriteriaTest</span>
            </div> <!-- main-panel-header rounded-window-top -->
            <div class="main-panel-content rounded-window-bottom">
              <div class="method">
                <div class="method-content">
                  <a name="searchVelocityCriteria(fawry.sofAutomation.pojos.basicDefinitions.VelocityPojo@513ddf5f)">
                  </a> <!-- searchVelocityCriteria(fawry.sofAutomation.pojos.basicDefinitions.VelocityPojo@513ddf5f) -->
                  <span class="method-name">searchVelocityCriteria</span>
                  <span class="parameters">(fawry.sofAutomation.pojos.basicDefinitions.VelocityPojo@513ddf5f)</span>
                  <em>
(Validate Functionality)                  </em>
                </div> <!-- method-content -->
              </div> <!-- method -->
            </div> <!-- main-panel-content rounded-window-bottom -->
          </div> <!-- suite-Suite-class-passed -->
          <div class="suite-Suite-class-passed">
            <div class="main-panel-header rounded-window-top">
              <img src="passed.png"/>
              <span class="class-name">fawry.sofAutomation.testsActions.BasicDefinitions.SearchFinanceProgramSetupTest</span>
            </div> <!-- main-panel-header rounded-window-top -->
            <div class="main-panel-content rounded-window-bottom">
              <div class="method">
                <div class="method-content">
                  <a name="searchFinanceProgramSetup(fawry.sofAutomation.pojos.basicDefinitions.FinancePojo@367fbb28)">
                  </a> <!-- searchFinanceProgramSetup(fawry.sofAutomation.pojos.basicDefinitions.FinancePojo@367fbb28) -->
                  <span class="method-name">searchFinanceProgramSetup</span>
                  <span class="parameters">(fawry.sofAutomation.pojos.basicDefinitions.FinancePojo@367fbb28)</span>
                  <em>
(Validate Functionality)                  </em>
                </div> <!-- method-content -->
              </div> <!-- method -->
              <div class="method">
                <div class="method-content">
                  <a name="searchFinanceProgramSetup(fawry.sofAutomation.pojos.basicDefinitions.FinancePojo@eea0b48)">
                  </a> <!-- searchFinanceProgramSetup(fawry.sofAutomation.pojos.basicDefinitions.FinancePojo@eea0b48) -->
                  <span class="method-name">searchFinanceProgramSetup</span>
                  <span class="parameters">(fawry.sofAutomation.pojos.basicDefinitions.FinancePojo@eea0b48)</span>
                  <em>
(Validate Functionality)                  </em>
                </div> <!-- method-content -->
              </div> <!-- method -->
            </div> <!-- main-panel-content rounded-window-bottom -->
          </div> <!-- suite-Suite-class-passed -->
          <div class="suite-Suite-class-passed">
            <div class="main-panel-header rounded-window-top">
              <img src="passed.png"/>
              <span class="class-name">fawry.sofAutomation.testsActions.BasicDefinitions.EditVelocityCriteriaTest</span>
            </div> <!-- main-panel-header rounded-window-top -->
            <div class="main-panel-content rounded-window-bottom">
              <div class="method">
                <div class="method-content">
                  <a name="EditVelocityCriteria(fawry.sofAutomation.pojos.basicDefinitions.VelocityPojo@58a93f51)">
                  </a> <!-- EditVelocityCriteria(fawry.sofAutomation.pojos.basicDefinitions.VelocityPojo@58a93f51) -->
                  <span class="method-name">EditVelocityCriteria</span>
                  <span class="parameters">(fawry.sofAutomation.pojos.basicDefinitions.VelocityPojo@58a93f51)</span>
                  <em>
(Validate Functionality)                  </em>
                </div> <!-- method-content -->
              </div> <!-- method -->
              <div class="method">
                <div class="method-content">
                  <a name="EditVelocityCriteria(fawry.sofAutomation.pojos.basicDefinitions.VelocityPojo@24b05292)">
                  </a> <!-- EditVelocityCriteria(fawry.sofAutomation.pojos.basicDefinitions.VelocityPojo@24b05292) -->
                  <span class="method-name">EditVelocityCriteria</span>
                  <span class="parameters">(fawry.sofAutomation.pojos.basicDefinitions.VelocityPojo@24b05292)</span>
                  <em>
(Validate Functionality)                  </em>
                </div> <!-- method-content -->
              </div> <!-- method -->
              <div class="method">
                <div class="method-content">
                  <a name="EditVelocityCriteria(fawry.sofAutomation.pojos.basicDefinitions.VelocityPojo@14060410)">
                  </a> <!-- EditVelocityCriteria(fawry.sofAutomation.pojos.basicDefinitions.VelocityPojo@14060410) -->
                  <span class="method-name">EditVelocityCriteria</span>
                  <span class="parameters">(fawry.sofAutomation.pojos.basicDefinitions.VelocityPojo@14060410)</span>
                  <em>
(Validate Functionality)                  </em>
                </div> <!-- method-content -->
              </div> <!-- method -->
              <div class="method">
                <div class="method-content">
                  <a name="EditVelocityCriteria(fawry.sofAutomation.pojos.basicDefinitions.VelocityPojo@58a5b69c)">
                  </a> <!-- EditVelocityCriteria(fawry.sofAutomation.pojos.basicDefinitions.VelocityPojo@58a5b69c) -->
                  <span class="method-name">EditVelocityCriteria</span>
                  <span class="parameters">(fawry.sofAutomation.pojos.basicDefinitions.VelocityPojo@58a5b69c)</span>
                  <em>
(Validate Functionality)                  </em>
                </div> <!-- method-content -->
              </div> <!-- method -->
              <div class="method">
                <div class="method-content">
                  <a name="EditVelocityCriteria(fawry.sofAutomation.pojos.basicDefinitions.VelocityPojo@7fec6c2f)">
                  </a> <!-- EditVelocityCriteria(fawry.sofAutomation.pojos.basicDefinitions.VelocityPojo@7fec6c2f) -->
                  <span class="method-name">EditVelocityCriteria</span>
                  <span class="parameters">(fawry.sofAutomation.pojos.basicDefinitions.VelocityPojo@7fec6c2f)</span>
                  <em>
(Validate Functionality)                  </em>
                </div> <!-- method-content -->
              </div> <!-- method -->
            </div> <!-- main-panel-content rounded-window-bottom -->
          </div> <!-- suite-Suite-class-passed -->
        </div> <!-- panel Suite -->
        <div panel-name="test-xml-Suite" class="panel">
          <div class="main-panel-header rounded-window-top">
            <span class="header-content">D:\Projects\SOF_Testing_GIT\Development\SOFTestAutomation\src\test\resources\testng.xml</span>
          </div> <!-- main-panel-header rounded-window-top -->
          <div class="main-panel-content rounded-window-bottom">
            <pre>
&lt;?xml version=&quot;1.0&quot; encoding=&quot;UTF-8&quot;?&gt;
&lt;!DOCTYPE suite SYSTEM &quot;http://testng.org/testng-1.0.dtd&quot;&gt;
&lt;suite guice-stage=&quot;DEVELOPMENT&quot; verbose=&quot;5&quot; name=&quot;Suite&quot;&gt;
  &lt;test thread-count=&quot;5&quot; verbose=&quot;5&quot; name=&quot;MainTest&quot;&gt;
    &lt;parameter name=&quot;testDataType&quot; value=&quot;Excel&quot;/&gt;
    &lt;parameter name=&quot;url&quot; value=&quot;https://10.96.0.65:9443/POSAdminTool/AdminTool/Login.faces&quot;/&gt;
    &lt;parameter name=&quot;browserType&quot; value=&quot;CH&quot;/&gt;
    &lt;classes&gt;
      &lt;class name=&quot;fawry.sofAutomation.testsActions.BasicDefinitions.AddCspBillTypeTest&quot;/&gt;
      &lt;class name=&quot;fawry.sofAutomation.testsActions.BasicDefinitions.EditCspBillTypeTest&quot;/&gt;
      &lt;class name=&quot;fawry.sofAutomation.testsActions.BasicDefinitions.AddCSPAccountTypeTest&quot;/&gt;
      &lt;class name=&quot;fawry.sofAutomation.testsActions.BasicDefinitions.EditCspAccountTypeTest&quot;/&gt;
      &lt;class name=&quot;fawry.sofAutomation.testsActions.BasicDefinitions.AddCSPBTCPoolAccountTest&quot;/&gt;
      &lt;class name=&quot;fawry.sofAutomation.testsActions.BasicDefinitions.ConfigureCspOverDraftFeesTest&quot;/&gt;
      &lt;class name=&quot;fawry.sofAutomation.testsActions.BasicDefinitions.ConfigureCspOverDraftClassFactorsTest&quot;/&gt;
      &lt;class name=&quot;fawry.sofAutomation.testsActions.BasicDefinitions.ConfigureCspSettingsTest&quot;/&gt;
      &lt;class name=&quot;fawry.sofAutomation.testsActions.BasicDefinitions.SearchFinanceProgramSetupTest&quot;/&gt;
      &lt;class name=&quot;fawry.sofAutomation.testsActions.BasicDefinitions.AddVelocityCriteriaTest&quot;/&gt;
      &lt;class name=&quot;fawry.sofAutomation.testsActions.BasicDefinitions.SearchVelocityCriteriaTest&quot;/&gt;
      &lt;class name=&quot;fawry.sofAutomation.testsActions.BasicDefinitions.EditVelocityCriteriaTest&quot;/&gt;
      &lt;class name=&quot;fawry.sofAutomation.testsActions.BasicDefinitions.SearchCspBtcPoolAccountTest&quot;/&gt;
      &lt;class name=&quot;fawry.sofAutomation.testsActions.BasicDefinitions.EditCspBtcPoolAccountTest&quot;/&gt;
      &lt;class name=&quot;fawry.sofAutomation.testsActions.BasicDefinitions.SearchCspTerminalTypesConfTest&quot;/&gt;
      &lt;class name=&quot;fawry.sofAutomation.testsActions.BasicDefinitions.EditCSPAccountTerminalConfTest&quot;/&gt;
      &lt;class name=&quot;fawry.sofAutomation.testsActions.BasicDefinitions.AddCspPushAlertTest&quot;/&gt;
      &lt;class name=&quot;fawry.sofAutomation.testsActions.BasicDefinitions.SearchCspPushAlertConfigurationTest&quot;/&gt;
      &lt;class name=&quot;fawry.sofAutomation.testsActions.BasicDefinitions.EditCspPushAlertConfigTest&quot;/&gt;
      &lt;class name=&quot;fawry.sofAutomation.testsActions.BasicDefinitions.AddFinanceProgramTest&quot;/&gt;
      &lt;class name=&quot;fawry.sofAutomation.testsActions.BasicDefinitions.EditFinanceProgramTest&quot;/&gt;
      &lt;class name=&quot;fawry.sofAutomation.testsActions.BasicDefinitions.AddFinanceProgramSetupTest&quot;/&gt;
    &lt;/classes&gt;
  &lt;/test&gt; &lt;!-- MainTest --&gt;
&lt;/suite&gt; &lt;!-- Suite --&gt;
            </pre>
          </div> <!-- main-panel-content rounded-window-bottom -->
        </div> <!-- panel -->
        <div panel-name="testlist-Suite" class="panel">
          <div class="main-panel-header rounded-window-top">
            <span class="header-content">Tests for Suite</span>
          </div> <!-- main-panel-header rounded-window-top -->
          <div class="main-panel-content rounded-window-bottom">
            <ul>
              <li>
                <span class="test-name">MainTest (22 classes)</span>
              </li>
            </ul>
          </div> <!-- main-panel-content rounded-window-bottom -->
        </div> <!-- panel -->
        <div panel-name="group-Suite" class="panel">
          <div class="main-panel-header rounded-window-top">
            <span class="header-content">Groups for Suite</span>
          </div> <!-- main-panel-header rounded-window-top -->
          <div class="main-panel-content rounded-window-bottom">
          </div> <!-- main-panel-content rounded-window-bottom -->
        </div> <!-- panel -->
        <div panel-name="times-Suite" class="panel">
          <div class="main-panel-header rounded-window-top">
            <span class="header-content">Times for Suite</span>
          </div> <!-- main-panel-header rounded-window-top -->
          <div class="main-panel-content rounded-window-bottom">
            <div class="times-div">
              <script type="text/javascript">
suiteTableInitFunctions.push('tableData_Suite');
function tableData_Suite() {
var data = new google.visualization.DataTable();
data.addColumn('number', 'Number');
data.addColumn('string', 'Method');
data.addColumn('string', 'Class');
data.addColumn('number', 'Time (ms)');
data.addRows(26);
data.setCell(0, 0, 0)
data.setCell(0, 1, 'searchFinanceProgramSetup')
data.setCell(0, 2, 'fawry.sofAutomation.testsActions.BasicDefinitions.SearchFinanceProgramSetupTest')
data.setCell(0, 3, 94042);
data.setCell(1, 0, 1)
data.setCell(1, 1, 'configureCSPSettings')
data.setCell(1, 2, 'fawry.sofAutomation.testsActions.BasicDefinitions.ConfigureCspSettingsTest')
data.setCell(1, 3, 76518);
data.setCell(2, 0, 2)
data.setCell(2, 1, 'configureOverDraftClassFactors')
data.setCell(2, 2, 'fawry.sofAutomation.testsActions.BasicDefinitions.ConfigureCspOverDraftClassFactorsTest')
data.setCell(2, 3, 74111);
data.setCell(3, 0, 3)
data.setCell(3, 1, 'addCspBillType')
data.setCell(3, 2, 'fawry.sofAutomation.testsActions.BasicDefinitions.AddCspBillTypeTest')
data.setCell(3, 3, 72793);
data.setCell(4, 0, 4)
data.setCell(4, 1, 'configureOverDraftClassFactors')
data.setCell(4, 2, 'fawry.sofAutomation.testsActions.BasicDefinitions.ConfigureCspOverDraftClassFactorsTest')
data.setCell(4, 3, 71305);
data.setCell(5, 0, 5)
data.setCell(5, 1, 'configureOverDraftClassFactors')
data.setCell(5, 2, 'fawry.sofAutomation.testsActions.BasicDefinitions.ConfigureCspOverDraftClassFactorsTest')
data.setCell(5, 3, 68164);
data.setCell(6, 0, 6)
data.setCell(6, 1, 'addVelocityCriteria')
data.setCell(6, 2, 'fawry.sofAutomation.testsActions.BasicDefinitions.AddVelocityCriteriaTest')
data.setCell(6, 3, 65383);
data.setCell(7, 0, 7)
data.setCell(7, 1, 'EditVelocityCriteria')
data.setCell(7, 2, 'fawry.sofAutomation.testsActions.BasicDefinitions.EditVelocityCriteriaTest')
data.setCell(7, 3, 62628);
data.setCell(8, 0, 8)
data.setCell(8, 1, 'addVelocityCriteria')
data.setCell(8, 2, 'fawry.sofAutomation.testsActions.BasicDefinitions.AddVelocityCriteriaTest')
data.setCell(8, 3, 62510);
data.setCell(9, 0, 9)
data.setCell(9, 1, 'EditVelocityCriteria')
data.setCell(9, 2, 'fawry.sofAutomation.testsActions.BasicDefinitions.EditVelocityCriteriaTest')
data.setCell(9, 3, 62432);
data.setCell(10, 0, 10)
data.setCell(10, 1, 'EditVelocityCriteria')
data.setCell(10, 2, 'fawry.sofAutomation.testsActions.BasicDefinitions.EditVelocityCriteriaTest')
data.setCell(10, 3, 61563);
data.setCell(11, 0, 11)
data.setCell(11, 1, 'configureOverDraftFees')
data.setCell(11, 2, 'fawry.sofAutomation.testsActions.BasicDefinitions.ConfigureCspOverDraftFeesTest')
data.setCell(11, 3, 61269);
data.setCell(12, 0, 12)
data.setCell(12, 1, 'searchFinanceProgramSetup')
data.setCell(12, 2, 'fawry.sofAutomation.testsActions.BasicDefinitions.SearchFinanceProgramSetupTest')
data.setCell(12, 3, 61169);
data.setCell(13, 0, 13)
data.setCell(13, 1, 'addCspBillType')
data.setCell(13, 2, 'fawry.sofAutomation.testsActions.BasicDefinitions.AddCspBillTypeTest')
data.setCell(13, 3, 33239);
data.setCell(14, 0, 14)
data.setCell(14, 1, 'EditVelocityCriteria')
data.setCell(14, 2, 'fawry.sofAutomation.testsActions.BasicDefinitions.EditVelocityCriteriaTest')
data.setCell(14, 3, 32731);
data.setCell(15, 0, 15)
data.setCell(15, 1, 'addCspBillType')
data.setCell(15, 2, 'fawry.sofAutomation.testsActions.BasicDefinitions.AddCspBillTypeTest')
data.setCell(15, 3, 32164);
data.setCell(16, 0, 16)
data.setCell(16, 1, 'searchFinanceProgramSetup')
data.setCell(16, 2, 'fawry.sofAutomation.testsActions.BasicDefinitions.SearchFinanceProgramSetupTest')
data.setCell(16, 3, 31350);
data.setCell(17, 0, 17)
data.setCell(17, 1, 'configureCSPSettings')
data.setCell(17, 2, 'fawry.sofAutomation.testsActions.BasicDefinitions.ConfigureCspSettingsTest')
data.setCell(17, 3, 30224);
data.setCell(18, 0, 18)
data.setCell(18, 1, 'searchFinanceProgramSetup')
data.setCell(18, 2, 'fawry.sofAutomation.testsActions.BasicDefinitions.SearchFinanceProgramSetupTest')
data.setCell(18, 3, 7759);
data.setCell(19, 0, 19)
data.setCell(19, 1, 'configureOverDraftClassFactors')
data.setCell(19, 2, 'fawry.sofAutomation.testsActions.BasicDefinitions.ConfigureCspOverDraftClassFactorsTest')
data.setCell(19, 3, 6645);
data.setCell(20, 0, 20)
data.setCell(20, 1, 'EditVelocityCriteria')
data.setCell(20, 2, 'fawry.sofAutomation.testsActions.BasicDefinitions.EditVelocityCriteriaTest')
data.setCell(20, 3, 4303);
data.setCell(21, 0, 21)
data.setCell(21, 1, 'addCspBillType')
data.setCell(21, 2, 'fawry.sofAutomation.testsActions.BasicDefinitions.AddCspBillTypeTest')
data.setCell(21, 3, 2715);
data.setCell(22, 0, 22)
data.setCell(22, 1, 'searchVelocityCriteria')
data.setCell(22, 2, 'fawry.sofAutomation.testsActions.BasicDefinitions.SearchVelocityCriteriaTest')
data.setCell(22, 3, 2596);
data.setCell(23, 0, 23)
data.setCell(23, 1, 'addCspBillType')
data.setCell(23, 2, 'fawry.sofAutomation.testsActions.BasicDefinitions.AddCspBillTypeTest')
data.setCell(23, 3, 2105);
data.setCell(24, 0, 24)
data.setCell(24, 1, 'EditVelocityCriteria')
data.setCell(24, 2, 'fawry.sofAutomation.testsActions.BasicDefinitions.EditVelocityCriteriaTest')
data.setCell(24, 3, 2045);
data.setCell(25, 0, 25)
data.setCell(25, 1, 'addCspBillType')
data.setCell(25, 2, 'fawry.sofAutomation.testsActions.BasicDefinitions.AddCspBillTypeTest')
data.setCell(25, 3, 1564);
window.suiteTableData['Suite']= { tableData: data, tableDiv: 'times-div-Suite'}
return data;
}
              </script>
              <span class="suite-total-time">Total running time: 18 minutes</span>
              <div id="times-div-Suite">
              </div> <!-- times-div-Suite -->
            </div> <!-- times-div -->
          </div> <!-- main-panel-content rounded-window-bottom -->
        </div> <!-- panel -->
        <div panel-name="reporter-Suite" class="panel">
          <div class="main-panel-header rounded-window-top">
            <span class="header-content">Reporter output for Suite</span>
          </div> <!-- main-panel-header rounded-window-top -->
          <div class="main-panel-content rounded-window-bottom">
          </div> <!-- main-panel-content rounded-window-bottom -->
        </div> <!-- panel -->
        <div panel-name="ignored-methods-Suite" class="panel">
          <div class="main-panel-header rounded-window-top">
            <span class="header-content">63 ignored methods</span>
          </div> <!-- main-panel-header rounded-window-top -->
          <div class="main-panel-content rounded-window-bottom">
            <div class="ignored-class-div">
              <span class="ignored-class-name">fawry.sofAutomation.testsActions.BasicDefinitions.AddVelocityCriteriaTest</span>
              <div class="ignored-methods-div">
                <span class="ignored-method-name">deleteOldFiles</span>
                <br/>
                <span class="ignored-method-name">setExtent</span>
                <br/>
                <span class="ignored-method-name">endTest</span>
                <br/>
              </div> <!-- ignored-methods-div -->
            </div> <!-- ignored-class-div -->
            <div class="ignored-class-div">
              <span class="ignored-class-name">fawry.sofAutomation.testsActions.BasicDefinitions.AddCspPushAlertTest</span>
              <div class="ignored-methods-div">
                <span class="ignored-method-name">deleteOldFiles</span>
                <br/>
                <span class="ignored-method-name">setExtent</span>
                <br/>
                <span class="ignored-method-name">endTest</span>
                <br/>
              </div> <!-- ignored-methods-div -->
            </div> <!-- ignored-class-div -->
            <div class="ignored-class-div">
              <span class="ignored-class-name">fawry.sofAutomation.testsActions.BasicDefinitions.ConfigureCspOverDraftClassFactorsTest</span>
              <div class="ignored-methods-div">
                <span class="ignored-method-name">deleteOldFiles</span>
                <br/>
                <span class="ignored-method-name">setExtent</span>
                <br/>
                <span class="ignored-method-name">endTest</span>
                <br/>
              </div> <!-- ignored-methods-div -->
            </div> <!-- ignored-class-div -->
            <div class="ignored-class-div">
              <span class="ignored-class-name">fawry.sofAutomation.testsActions.BasicDefinitions.AddFinanceProgramTest</span>
              <div class="ignored-methods-div">
                <span class="ignored-method-name">deleteOldFiles</span>
                <br/>
                <span class="ignored-method-name">setExtent</span>
                <br/>
                <span class="ignored-method-name">endTest</span>
                <br/>
              </div> <!-- ignored-methods-div -->
            </div> <!-- ignored-class-div -->
            <div class="ignored-class-div">
              <span class="ignored-class-name">fawry.sofAutomation.testsActions.BasicDefinitions.ConfigureCspOverDraftFeesTest</span>
              <div class="ignored-methods-div">
                <span class="ignored-method-name">deleteOldFiles</span>
                <br/>
                <span class="ignored-method-name">setExtent</span>
                <br/>
                <span class="ignored-method-name">endTest</span>
                <br/>
              </div> <!-- ignored-methods-div -->
            </div> <!-- ignored-class-div -->
            <div class="ignored-class-div">
              <span class="ignored-class-name">fawry.sofAutomation.testsActions.BasicDefinitions.EditCSPAccountTerminalConfTest</span>
              <div class="ignored-methods-div">
                <span class="ignored-method-name">deleteOldFiles</span>
                <br/>
                <span class="ignored-method-name">setExtent</span>
                <br/>
                <span class="ignored-method-name">endTest</span>
                <br/>
              </div> <!-- ignored-methods-div -->
            </div> <!-- ignored-class-div -->
            <div class="ignored-class-div">
              <span class="ignored-class-name">fawry.sofAutomation.testsActions.BasicDefinitions.EditCspBillTypeTest</span>
              <div class="ignored-methods-div">
                <span class="ignored-method-name">deleteOldFiles</span>
                <br/>
                <span class="ignored-method-name">setExtent</span>
                <br/>
                <span class="ignored-method-name">endTest</span>
                <br/>
              </div> <!-- ignored-methods-div -->
            </div> <!-- ignored-class-div -->
            <div class="ignored-class-div">
              <span class="ignored-class-name">fawry.sofAutomation.testsActions.BasicDefinitions.SearchVelocityCriteriaTest</span>
              <div class="ignored-methods-div">
                <span class="ignored-method-name">deleteOldFiles</span>
                <br/>
                <span class="ignored-method-name">setExtent</span>
                <br/>
                <span class="ignored-method-name">endTest</span>
                <br/>
              </div> <!-- ignored-methods-div -->
            </div> <!-- ignored-class-div -->
            <div class="ignored-class-div">
              <span class="ignored-class-name">fawry.sofAutomation.testsActions.BasicDefinitions.SearchFinanceProgramSetupTest</span>
              <div class="ignored-methods-div">
                <span class="ignored-method-name">deleteOldFiles</span>
                <br/>
                <span class="ignored-method-name">setExtent</span>
                <br/>
                <span class="ignored-method-name">endTest</span>
                <br/>
              </div> <!-- ignored-methods-div -->
            </div> <!-- ignored-class-div -->
            <div class="ignored-class-div">
              <span class="ignored-class-name">fawry.sofAutomation.testsActions.BasicDefinitions.SearchCspPushAlertConfigurationTest</span>
              <div class="ignored-methods-div">
                <span class="ignored-method-name">deleteOldFiles</span>
                <br/>
                <span class="ignored-method-name">setExtent</span>
                <br/>
                <span class="ignored-method-name">endTest</span>
                <br/>
              </div> <!-- ignored-methods-div -->
            </div> <!-- ignored-class-div -->
            <div class="ignored-class-div">
              <span class="ignored-class-name">fawry.sofAutomation.testsActions.BasicDefinitions.AddCSPBTCPoolAccountTest</span>
              <div class="ignored-methods-div">
                <span class="ignored-method-name">deleteOldFiles</span>
                <br/>
                <span class="ignored-method-name">setExtent</span>
                <br/>
                <span class="ignored-method-name">endTest</span>
                <br/>
              </div> <!-- ignored-methods-div -->
            </div> <!-- ignored-class-div -->
            <div class="ignored-class-div">
              <span class="ignored-class-name">fawry.sofAutomation.testsActions.BasicDefinitions.EditVelocityCriteriaTest</span>
              <div class="ignored-methods-div">
                <span class="ignored-method-name">deleteOldFiles</span>
                <br/>
                <span class="ignored-method-name">setExtent</span>
                <br/>
                <span class="ignored-method-name">endTest</span>
                <br/>
              </div> <!-- ignored-methods-div -->
            </div> <!-- ignored-class-div -->
            <div class="ignored-class-div">
              <span class="ignored-class-name">fawry.sofAutomation.testsActions.BasicDefinitions.SearchCspBtcPoolAccountTest</span>
              <div class="ignored-methods-div">
                <span class="ignored-method-name">deleteOldFiles</span>
                <br/>
                <span class="ignored-method-name">setExtent</span>
                <br/>
                <span class="ignored-method-name">endTest</span>
                <br/>
              </div> <!-- ignored-methods-div -->
            </div> <!-- ignored-class-div -->
            <div class="ignored-class-div">
              <span class="ignored-class-name">fawry.sofAutomation.testsActions.BasicDefinitions.EditCspAccountTypeTest</span>
              <div class="ignored-methods-div">
                <span class="ignored-method-name">deleteOldFiles</span>
                <br/>
                <span class="ignored-method-name">setExtent</span>
                <br/>
                <span class="ignored-method-name">endTest</span>
                <br/>
              </div> <!-- ignored-methods-div -->
            </div> <!-- ignored-class-div -->
            <div class="ignored-class-div">
              <span class="ignored-class-name">fawry.sofAutomation.testsActions.BasicDefinitions.EditFinanceProgramTest</span>
              <div class="ignored-methods-div">
                <span class="ignored-method-name">deleteOldFiles</span>
                <br/>
                <span class="ignored-method-name">setExtent</span>
                <br/>
                <span class="ignored-method-name">endTest</span>
                <br/>
              </div> <!-- ignored-methods-div -->
            </div> <!-- ignored-class-div -->
            <div class="ignored-class-div">
              <span class="ignored-class-name">fawry.sofAutomation.testsActions.BasicDefinitions.AddFinanceProgramSetupTest</span>
              <div class="ignored-methods-div">
                <span class="ignored-method-name">deleteOldFiles</span>
                <br/>
                <span class="ignored-method-name">setExtent</span>
                <br/>
                <span class="ignored-method-name">endTest</span>
                <br/>
              </div> <!-- ignored-methods-div -->
            </div> <!-- ignored-class-div -->
            <div class="ignored-class-div">
              <span class="ignored-class-name">fawry.sofAutomation.testsActions.BasicDefinitions.AddCSPAccountTypeTest</span>
              <div class="ignored-methods-div">
                <span class="ignored-method-name">deleteOldFiles</span>
                <br/>
                <span class="ignored-method-name">setExtent</span>
                <br/>
                <span class="ignored-method-name">endTest</span>
                <br/>
              </div> <!-- ignored-methods-div -->
            </div> <!-- ignored-class-div -->
            <div class="ignored-class-div">
              <span class="ignored-class-name">fawry.sofAutomation.testsActions.BasicDefinitions.EditCspPushAlertConfigTest</span>
              <div class="ignored-methods-div">
                <span class="ignored-method-name">deleteOldFiles</span>
                <br/>
                <span class="ignored-method-name">setExtent</span>
                <br/>
                <span class="ignored-method-name">endTest</span>
                <br/>
              </div> <!-- ignored-methods-div -->
            </div> <!-- ignored-class-div -->
            <div class="ignored-class-div">
              <span class="ignored-class-name">fawry.sofAutomation.testsActions.BasicDefinitions.EditCspBtcPoolAccountTest</span>
              <div class="ignored-methods-div">
                <span class="ignored-method-name">deleteOldFiles</span>
                <br/>
                <span class="ignored-method-name">setExtent</span>
                <br/>
                <span class="ignored-method-name">endTest</span>
                <br/>
              </div> <!-- ignored-methods-div -->
            </div> <!-- ignored-class-div -->
            <div class="ignored-class-div">
              <span class="ignored-class-name">fawry.sofAutomation.testsActions.BasicDefinitions.ConfigureCspSettingsTest</span>
              <div class="ignored-methods-div">
                <span class="ignored-method-name">deleteOldFiles</span>
                <br/>
                <span class="ignored-method-name">setExtent</span>
                <br/>
                <span class="ignored-method-name">endTest</span>
                <br/>
              </div> <!-- ignored-methods-div -->
            </div> <!-- ignored-class-div -->
            <div class="ignored-class-div">
              <span class="ignored-class-name">fawry.sofAutomation.testsActions.BasicDefinitions.SearchCspTerminalTypesConfTest</span>
              <div class="ignored-methods-div">
                <span class="ignored-method-name">deleteOldFiles</span>
                <br/>
                <span class="ignored-method-name">setExtent</span>
                <br/>
                <span class="ignored-method-name">endTest</span>
                <br/>
              </div> <!-- ignored-methods-div -->
            </div> <!-- ignored-class-div -->
          </div> <!-- main-panel-content rounded-window-bottom -->
        </div> <!-- panel -->
        <div panel-name="chronological-Suite" class="panel">
          <div class="main-panel-header rounded-window-top">
            <span class="header-content">Methods in chronological order</span>
          </div> <!-- main-panel-header rounded-window-top -->
          <div class="main-panel-content rounded-window-bottom">
            <div class="chronological-class">
              <div class="chronological-class-name">fawry.sofAutomation.testsActions.BasicDefinitions.AddCspBillTypeTest</div> <!-- chronological-class-name -->
              <div class="configuration-suite before">
                <span class="method-name">deleteOldFiles</span>
                <span class="method-start">0 ms</span>
              </div> <!-- configuration-suite before -->
              <div class="configuration-suite before">
                <span class="method-name">setExtent</span>
                <span class="method-start">60 ms</span>
              </div> <!-- configuration-suite before -->
              <div class="configuration-class before">
                <span class="method-name">loadConfiguration(https://10.96.0.65:9443/POSAdminTool/AdminTool/Login.faces, CH)</span>
                <span class="method-start">275 ms</span>
              </div> <!-- configuration-class before -->
              <div class="configuration-class before">
                <span class="method-name">login</span>
                <span class="method-start">12495 ms</span>
              </div> <!-- configuration-class before -->
              <div class="test-method">
                <img src="failed.png">
                </img>
                <span class="method-name">addCspBillType(fawry.sofAutomation.pojos.basicDefinitions.CspBillTypePojo@5949eba8)</span>
                <span class="method-start">21409 ms</span>
              </div> <!-- test-method -->
              <div class="configuration-method after">
                <span class="method-name">screenshotOnFailure([TestResult name=addCspBillType status=FAILURE method=AddCspBillTypeTest.addCspBillType(fawry.sofAut...)</span>
                <span class="method-start">94367 ms</span>
              </div> <!-- configuration-method after -->
              <div class="test-method">
                <img src="failed.png">
                </img>
                <span class="method-name">addCspBillType(fawry.sofAutomation.pojos.basicDefinitions.CspBillTypePojo@4642b71d)</span>
                <span class="method-start">94849 ms</span>
              </div> <!-- test-method -->
              <div class="configuration-method after">
                <span class="method-name">screenshotOnFailure([TestResult name=addCspBillType status=FAILURE method=AddCspBillTypeTest.addCspBillType(fawry.sofAut...)</span>
                <span class="method-start">128102 ms</span>
              </div> <!-- configuration-method after -->
              <div class="test-method">
                <span class="method-name">addCspBillType(fawry.sofAutomation.pojos.basicDefinitions.CspBillTypePojo@44afefd5)</span>
                <span class="method-start">128498 ms</span>
              </div> <!-- test-method -->
              <div class="configuration-method after">
                <span class="method-name">screenshotOnFailure([TestResult name=addCspBillType status=SUCCESS method=AddCspBillTypeTest.addCspBillType(fawry.sofAut...)</span>
                <span class="method-start">160674 ms</span>
              </div> <!-- configuration-method after -->
              <div class="test-method">
                <span class="method-name">addCspBillType(fawry.sofAutomation.pojos.basicDefinitions.CspBillTypePojo@4cdd2c73)</span>
                <span class="method-start">160684 ms</span>
              </div> <!-- test-method -->
              <div class="configuration-method after">
                <span class="method-name">screenshotOnFailure([TestResult name=addCspBillType status=SUCCESS method=AddCspBillTypeTest.addCspBillType(fawry.sofAut...)</span>
                <span class="method-start">163426 ms</span>
              </div> <!-- configuration-method after -->
              <div class="test-method">
                <span class="method-name">addCspBillType(fawry.sofAutomation.pojos.basicDefinitions.CspBillTypePojo@1f38957)</span>
                <span class="method-start">163453 ms</span>
              </div> <!-- test-method -->
              <div class="configuration-method after">
                <span class="method-name">screenshotOnFailure([TestResult name=addCspBillType status=SUCCESS method=AddCspBillTypeTest.addCspBillType(fawry.sofAut...)</span>
                <span class="method-start">165031 ms</span>
              </div> <!-- configuration-method after -->
              <div class="test-method">
                <span class="method-name">addCspBillType(fawry.sofAutomation.pojos.basicDefinitions.CspBillTypePojo@dcc6211)</span>
                <span class="method-start">165042 ms</span>
              </div> <!-- test-method -->
              <div class="configuration-method after">
                <span class="method-name">screenshotOnFailure([TestResult name=addCspBillType status=SUCCESS method=AddCspBillTypeTest.addCspBillType(fawry.sofAut...)</span>
                <span class="method-start">167163 ms</span>
              </div> <!-- configuration-method after -->
              <div class="configuration-class after">
                <span class="method-name">closeDriver</span>
                <span class="method-start">167173 ms</span>
              </div> <!-- configuration-class after -->
            </div> <!-- chronological-class -->
            <div class="chronological-class">
              <div class="chronological-class-name">fawry.sofAutomation.testsActions.BasicDefinitions.ConfigureCspOverDraftFeesTest</div> <!-- chronological-class-name -->
              <div class="configuration-class before">
                <span class="method-name">loadConfiguration(https://10.96.0.65:9443/POSAdminTool/AdminTool/Login.faces, CH)</span>
                <span class="method-start">168463 ms</span>
              </div> <!-- configuration-class before -->
              <div class="configuration-class before">
                <span class="method-name">login</span>
                <span class="method-start">176700 ms</span>
              </div> <!-- configuration-class before -->
              <div class="test-method">
                <img src="failed.png">
                </img>
                <span class="method-name">configureOverDraftFees(fawry.sofAutomation.pojos.basicDefinitions.CSPFeesPojo@2de50ee4)</span>
                <span class="method-start">189105 ms</span>
              </div> <!-- test-method -->
              <div class="configuration-method after">
                <span class="method-name">screenshotOnFailure([TestResult name=configureOverDraftFees status=FAILURE method=ConfigureCspOverDraftFeesTest.configur...)</span>
                <span class="method-start">250411 ms</span>
              </div> <!-- configuration-method after -->
              <div class="configuration-class after">
                <span class="method-name">closeDriver</span>
                <span class="method-start">250799 ms</span>
              </div> <!-- configuration-class after -->
            </div> <!-- chronological-class -->
            <div class="chronological-class">
              <div class="chronological-class-name">fawry.sofAutomation.testsActions.BasicDefinitions.ConfigureCspOverDraftClassFactorsTest</div> <!-- chronological-class-name -->
              <div class="configuration-class before">
                <span class="method-name">loadConfiguration(https://10.96.0.65:9443/POSAdminTool/AdminTool/Login.faces, CH)</span>
                <span class="method-start">251928 ms</span>
              </div> <!-- configuration-class before -->
              <div class="configuration-class before">
                <span class="method-name">login</span>
                <span class="method-start">259265 ms</span>
              </div> <!-- configuration-class before -->
              <div class="test-method">
                <span class="method-name">configureOverDraftClassFactors(fawry.sofAutomation.pojos.basicDefinitions.CSPFeesPojo@767a014e)</span>
                <span class="method-start">273639 ms</span>
              </div> <!-- test-method -->
              <div class="configuration-method after">
                <span class="method-name">screenshotOnFailure([TestResult name=configureOverDraftClassFactors status=SUCCESS method=ConfigureCspOverDraftClassFact...)</span>
                <span class="method-start">344960 ms</span>
              </div> <!-- configuration-method after -->
              <div class="test-method">
                <span class="method-name">configureOverDraftClassFactors(fawry.sofAutomation.pojos.basicDefinitions.CSPFeesPojo@2287395)</span>
                <span class="method-start">344976 ms</span>
              </div> <!-- test-method -->
              <div class="configuration-method after">
                <span class="method-name">screenshotOnFailure([TestResult name=configureOverDraftClassFactors status=SUCCESS method=ConfigureCspOverDraftClassFact...)</span>
                <span class="method-start">351634 ms</span>
              </div> <!-- configuration-method after -->
              <div class="test-method">
                <span class="method-name">configureOverDraftClassFactors(fawry.sofAutomation.pojos.basicDefinitions.CSPFeesPojo@26874f2c)</span>
                <span class="method-start">351644 ms</span>
              </div> <!-- test-method -->
              <div class="configuration-method after">
                <span class="method-name">screenshotOnFailure([TestResult name=configureOverDraftClassFactors status=SUCCESS method=ConfigureCspOverDraftClassFact...)</span>
                <span class="method-start">425769 ms</span>
              </div> <!-- configuration-method after -->
              <div class="test-method">
                <span class="method-name">configureOverDraftClassFactors(fawry.sofAutomation.pojos.basicDefinitions.CSPFeesPojo@43b172e3)</span>
                <span class="method-start">425779 ms</span>
              </div> <!-- test-method -->
              <div class="configuration-method after">
                <span class="method-name">screenshotOnFailure([TestResult name=configureOverDraftClassFactors status=SUCCESS method=ConfigureCspOverDraftClassFact...)</span>
                <span class="method-start">493956 ms</span>
              </div> <!-- configuration-method after -->
              <div class="configuration-class after">
                <span class="method-name">closeDriver</span>
                <span class="method-start">493967 ms</span>
              </div> <!-- configuration-class after -->
            </div> <!-- chronological-class -->
            <div class="chronological-class">
              <div class="chronological-class-name">fawry.sofAutomation.testsActions.BasicDefinitions.ConfigureCspSettingsTest</div> <!-- chronological-class-name -->
              <div class="configuration-class before">
                <span class="method-name">loadConfiguration(https://10.96.0.65:9443/POSAdminTool/AdminTool/Login.faces, CH)</span>
                <span class="method-start">495174 ms</span>
              </div> <!-- configuration-class before -->
              <div class="configuration-class before">
                <span class="method-name">login</span>
                <span class="method-start">503889 ms</span>
              </div> <!-- configuration-class before -->
              <div class="test-method">
                <span class="method-name">configureCSPSettings(fawry.sofAutomation.pojos.basicDefinitions.CSPFeesPojo@29b4444a)</span>
                <span class="method-start">519168 ms</span>
              </div> <!-- test-method -->
              <div class="configuration-method after">
                <span class="method-name">screenshotOnFailure([TestResult name=configureCSPSettings status=SUCCESS method=ConfigureCspSettingsTest.configureCSPSet...)</span>
                <span class="method-start">549403 ms</span>
              </div> <!-- configuration-method after -->
              <div class="test-method">
                <span class="method-name">configureCSPSettings(fawry.sofAutomation.pojos.basicDefinitions.CSPFeesPojo@6e22d6bf)</span>
                <span class="method-start">549412 ms</span>
              </div> <!-- test-method -->
              <div class="configuration-method after">
                <span class="method-name">screenshotOnFailure([TestResult name=configureCSPSettings status=SUCCESS method=ConfigureCspSettingsTest.configureCSPSet...)</span>
                <span class="method-start">625962 ms</span>
              </div> <!-- configuration-method after -->
              <div class="configuration-class after">
                <span class="method-name">closeDriver</span>
                <span class="method-start">625976 ms</span>
              </div> <!-- configuration-class after -->
            </div> <!-- chronological-class -->
            <div class="chronological-class">
              <div class="chronological-class-name">fawry.sofAutomation.testsActions.BasicDefinitions.SearchFinanceProgramSetupTest</div> <!-- chronological-class-name -->
              <div class="configuration-class before">
                <span class="method-name">loadConfiguration(https://10.96.0.65:9443/POSAdminTool/AdminTool/Login.faces, CH)</span>
                <span class="method-start">627131 ms</span>
              </div> <!-- configuration-class before -->
              <div class="configuration-class before">
                <span class="method-name">login</span>
                <span class="method-start">634053 ms</span>
              </div> <!-- configuration-class before -->
              <div class="test-method">
                <img src="failed.png">
                </img>
                <span class="method-name">searchFinanceProgramSetup(fawry.sofAutomation.pojos.basicDefinitions.FinancePojo@2823b7c5)</span>
                <span class="method-start">643314 ms</span>
              </div> <!-- test-method -->
              <div class="configuration-method after">
                <span class="method-name">screenshotOnFailure([TestResult name=searchFinanceProgramSetup status=FAILURE method=SearchFinanceProgramSetupTest.searc...)</span>
                <span class="method-start">651085 ms</span>
              </div> <!-- configuration-method after -->
              <div class="test-method">
                <span class="method-name">searchFinanceProgramSetup(fawry.sofAutomation.pojos.basicDefinitions.FinancePojo@367fbb28)</span>
                <span class="method-start">651510 ms</span>
              </div> <!-- test-method -->
              <div class="configuration-method after">
                <span class="method-name">screenshotOnFailure([TestResult name=searchFinanceProgramSetup status=SUCCESS method=SearchFinanceProgramSetupTest.searc...)</span>
                <span class="method-start">712694 ms</span>
              </div> <!-- configuration-method after -->
              <div class="test-method">
                <img src="failed.png">
                </img>
                <span class="method-name">searchFinanceProgramSetup(fawry.sofAutomation.pojos.basicDefinitions.FinancePojo@68722de3)</span>
                <span class="method-start">712706 ms</span>
              </div> <!-- test-method -->
              <div class="configuration-method after">
                <span class="method-name">screenshotOnFailure([TestResult name=searchFinanceProgramSetup status=FAILURE method=SearchFinanceProgramSetupTest.searc...)</span>
                <span class="method-start">806771 ms</span>
              </div> <!-- configuration-method after -->
              <div class="test-method">
                <span class="method-name">searchFinanceProgramSetup(fawry.sofAutomation.pojos.basicDefinitions.FinancePojo@eea0b48)</span>
                <span class="method-start">807156 ms</span>
              </div> <!-- test-method -->
              <div class="configuration-method after">
                <span class="method-name">screenshotOnFailure([TestResult name=searchFinanceProgramSetup status=SUCCESS method=SearchFinanceProgramSetupTest.searc...)</span>
                <span class="method-start">838538 ms</span>
              </div> <!-- configuration-method after -->
              <div class="configuration-class after">
                <span class="method-name">closeDriver</span>
                <span class="method-start">838546 ms</span>
              </div> <!-- configuration-class after -->
            </div> <!-- chronological-class -->
            <div class="chronological-class">
              <div class="chronological-class-name">fawry.sofAutomation.testsActions.BasicDefinitions.AddVelocityCriteriaTest</div> <!-- chronological-class-name -->
              <div class="configuration-class before">
                <span class="method-name">loadConfiguration(https://10.96.0.65:9443/POSAdminTool/AdminTool/Login.faces, CH)</span>
                <span class="method-start">840248 ms</span>
              </div> <!-- configuration-class before -->
              <div class="configuration-class before">
                <span class="method-name">login</span>
                <span class="method-start">847780 ms</span>
              </div> <!-- configuration-class before -->
              <div class="test-method">
                <img src="failed.png">
                </img>
                <span class="method-name">addVelocityCriteria(fawry.sofAutomation.pojos.basicDefinitions.VelocityPojo@29a1dab3)</span>
                <span class="method-start">856719 ms</span>
              </div> <!-- test-method -->
              <div class="configuration-method after">
                <span class="method-name">screenshotOnFailure([TestResult name=addVelocityCriteria status=FAILURE method=AddVelocityCriteriaTest.addVelocityCriter...)</span>
                <span class="method-start">922117 ms</span>
              </div> <!-- configuration-method after -->
              <div class="test-method">
                <span class="method-name">addVelocityCriteria(fawry.sofAutomation.pojos.basicDefinitions.VelocityPojo@74159dc9)</span>
                <span class="method-start">922524 ms</span>
              </div> <!-- test-method -->
              <div class="configuration-method after">
                <span class="method-name">screenshotOnFailure([TestResult name=addVelocityCriteria status=SUCCESS method=AddVelocityCriteriaTest.addVelocityCriter...)</span>
                <span class="method-start">985065 ms</span>
              </div> <!-- configuration-method after -->
              <div class="configuration-class after">
                <span class="method-name">closeDriver</span>
                <span class="method-start">985088 ms</span>
              </div> <!-- configuration-class after -->
            </div> <!-- chronological-class -->
            <div class="chronological-class">
              <div class="chronological-class-name">fawry.sofAutomation.testsActions.BasicDefinitions.SearchVelocityCriteriaTest</div> <!-- chronological-class-name -->
              <div class="configuration-class before">
                <span class="method-name">loadConfiguration(https://10.96.0.65:9443/POSAdminTool/AdminTool/Login.faces, CH)</span>
                <span class="method-start">986306 ms</span>
              </div> <!-- configuration-class before -->
              <div class="configuration-class before">
                <span class="method-name">login</span>
                <span class="method-start">992316 ms</span>
              </div> <!-- configuration-class before -->
              <div class="test-method">
                <span class="method-name">searchVelocityCriteria(fawry.sofAutomation.pojos.basicDefinitions.VelocityPojo@513ddf5f)</span>
                <span class="method-start">1000567 ms</span>
              </div> <!-- test-method -->
              <div class="configuration-method after">
                <span class="method-name">screenshotOnFailure([TestResult name=searchVelocityCriteria status=SUCCESS method=SearchVelocityCriteriaTest.searchVeloc...)</span>
                <span class="method-start">1003174 ms</span>
              </div> <!-- configuration-method after -->
              <div class="configuration-class after">
                <span class="method-name">closeDriver</span>
                <span class="method-start">1003229 ms</span>
              </div> <!-- configuration-class after -->
            </div> <!-- chronological-class -->
            <div class="chronological-class">
              <div class="chronological-class-name">fawry.sofAutomation.testsActions.BasicDefinitions.EditVelocityCriteriaTest</div> <!-- chronological-class-name -->
              <div class="configuration-class before">
                <span class="method-name">loadConfiguration(https://10.96.0.65:9443/POSAdminTool/AdminTool/Login.faces, CH)</span>
                <span class="method-start">1004326 ms</span>
              </div> <!-- configuration-class before -->
              <div class="configuration-class before">
                <span class="method-name">login</span>
                <span class="method-start">1011432 ms</span>
              </div> <!-- configuration-class before -->
              <div class="test-method">
                <span class="method-name">EditVelocityCriteria(fawry.sofAutomation.pojos.basicDefinitions.VelocityPojo@58a5b69c)</span>
                <span class="method-start">1016605 ms</span>
              </div> <!-- test-method -->
              <div class="configuration-method after">
                <span class="method-name">screenshotOnFailure([TestResult name=EditVelocityCriteria status=SUCCESS method=EditVelocityCriteriaTest.EditVelocityCri...)</span>
                <span class="method-start">1020932 ms</span>
              </div> <!-- configuration-method after -->
              <div class="test-method">
                <span class="method-name">EditVelocityCriteria(fawry.sofAutomation.pojos.basicDefinitions.VelocityPojo@14060410)</span>
                <span class="method-start">1020950 ms</span>
              </div> <!-- test-method -->
              <div class="configuration-method after">
                <span class="method-name">screenshotOnFailure([TestResult name=EditVelocityCriteria status=SUCCESS method=EditVelocityCriteriaTest.EditVelocityCri...)</span>
                <span class="method-start">1082530 ms</span>
              </div> <!-- configuration-method after -->
              <div class="test-method">
                <span class="method-name">EditVelocityCriteria(fawry.sofAutomation.pojos.basicDefinitions.VelocityPojo@24b05292)</span>
                <span class="method-start">1082584 ms</span>
              </div> <!-- test-method -->
              <div class="configuration-method after">
                <span class="method-name">screenshotOnFailure([TestResult name=EditVelocityCriteria status=SUCCESS method=EditVelocityCriteriaTest.EditVelocityCri...)</span>
                <span class="method-start">1115341 ms</span>
              </div> <!-- configuration-method after -->
              <div class="test-method">
                <span class="method-name">EditVelocityCriteria(fawry.sofAutomation.pojos.basicDefinitions.VelocityPojo@7fec6c2f)</span>
                <span class="method-start">1115356 ms</span>
              </div> <!-- test-method -->
              <div class="configuration-method after">
                <span class="method-name">screenshotOnFailure([TestResult name=EditVelocityCriteria status=SUCCESS method=EditVelocityCriteriaTest.EditVelocityCri...)</span>
                <span class="method-start">1178021 ms</span>
              </div> <!-- configuration-method after -->
              <div class="test-method">
                <span class="method-name">EditVelocityCriteria(fawry.sofAutomation.pojos.basicDefinitions.VelocityPojo@58a93f51)</span>
                <span class="method-start">1178035 ms</span>
              </div> <!-- test-method -->
              <div class="configuration-method after">
                <span class="method-name">screenshotOnFailure([TestResult name=EditVelocityCriteria status=SUCCESS method=EditVelocityCriteriaTest.EditVelocityCri...)</span>
                <span class="method-start">1240494 ms</span>
              </div> <!-- configuration-method after -->
              <div class="test-method">
                <img src="failed.png">
                </img>
                <span class="method-name">EditVelocityCriteria(fawry.sofAutomation.pojos.basicDefinitions.VelocityPojo@5c2f5dc)</span>
                <span class="method-start">1240516 ms</span>
              </div> <!-- test-method -->
              <div class="configuration-method after">
                <span class="method-name">screenshotOnFailure([TestResult name=EditVelocityCriteria status=FAILURE method=EditVelocityCriteriaTest.EditVelocityCri...)</span>
                <span class="method-start">1242615 ms</span>
              </div> <!-- configuration-method after -->
              <div class="configuration-class after">
                <span class="method-name">closeDriver</span>
                <span class="method-start">1243046 ms</span>
              </div> <!-- configuration-class after -->
            </div> <!-- chronological-class -->
            <div class="chronological-class">
              <div class="chronological-class-name">fawry.sofAutomation.testsActions.BasicDefinitions.AddCspBillTypeTest</div> <!-- chronological-class-name -->
              <div class="configuration-suite after">
                <span class="method-name">endTest</span>
                <span class="method-start">1244683 ms</span>
              </div> <!-- configuration-suite after -->
          </div> <!-- main-panel-content rounded-window-bottom -->
        </div> <!-- panel -->
      </div> <!-- main-panel-root -->
    </div> <!-- wrapper -->
  </body>
</html>
