<?xml version="1.0" encoding="UTF-8"?>
<testng-results skipped="0" failed="7" ignored="63" total="89" passed="19">
  <reporter-output>
  </reporter-output>
  <suite name="Suite" duration-ms="1244053" started-at="2019-07-01T09:46:14Z" finished-at="2019-07-01T10:06:58Z">
    <groups>
    </groups>
    <test name="MainTest" duration-ms="1244053" started-at="2019-07-01T09:46:14Z" finished-at="2019-07-01T10:06:58Z">
      <class name="fawry.sofAutomation.testsActions.BasicDefinitions.ConfigureCspSettingsTest">
        <test-method status="PASS" signature="loadConfiguration(java.lang.String, java.lang.String)[pri:0, instance:fawry.sofAutomation.testsActions.BasicDefinitions.ConfigureCspSettingsTest@7fc229ab]" name="loadConfiguration" is-config="true" duration-ms="8715" started-at="2019-07-01T09:54:29Z" finished-at="2019-07-01T09:54:38Z">
          <params>
            <param index="0">
              <value>
                <![CDATA[https://10.96.0.65:9443/POSAdminTool/AdminTool/Login.faces]]>
              </value>
            </param>
            <param index="1">
              <value>
                <![CDATA[CH]]>
              </value>
            </param>
          </params>
          <reporter-output>
          </reporter-output>
        </test-method> <!-- loadConfiguration -->
        <test-method status="PASS" signature="login()[pri:0, instance:fawry.sofAutomation.testsActions.BasicDefinitions.ConfigureCspSettingsTest@7fc229ab]" name="login" is-config="true" duration-ms="14813" started-at="2019-07-01T09:54:38Z" finished-at="2019-07-01T09:54:53Z">
          <reporter-output>
          </reporter-output>
        </test-method> <!-- login -->
        <test-method status="PASS" signature="configureCSPSettings(fawry.sofAutomation.pojos.basicDefinitions.CSPFeesPojo)[pri:1, instance:fawry.sofAutomation.testsActions.BasicDefinitions.ConfigureCspSettingsTest@7fc229ab]" name="configureCSPSettings" duration-ms="30224" started-at="2019-07-01T09:54:53Z" description="Validate configure CSP Settings Functionality" data-provider="DataProvider" finished-at="2019-07-01T09:55:24Z">
          <params>
            <param index="0">
              <value>
                <![CDATA[fawry.sofAutomation.pojos.basicDefinitions.CSPFeesPojo@29b4444a]]>
              </value>
            </param>
          </params>
          <reporter-output>
          </reporter-output>
        </test-method> <!-- configureCSPSettings -->
        <test-method status="PASS" signature="screenshotOnFailure(org.testng.ITestResult)[pri:0, instance:fawry.sofAutomation.testsActions.BasicDefinitions.ConfigureCspSettingsTest@7fc229ab]" name="screenshotOnFailure" is-config="true" duration-ms="0" started-at="2019-07-01T09:55:24Z" finished-at="2019-07-01T09:55:24Z">
          <params>
            <param index="0">
              <value>
                <![CDATA[[TestResult name=configureCSPSettings status=SUCCESS method=ConfigureCspSettingsTest.configureCSPSettings(fawry.sofAutomation.pojos.basicDefinitions.CSPFeesPojo)[pri:1, instance:fawry.sofAutomation.testsActions.BasicDefinitions.ConfigureCspSettingsTest@7fc229ab] output={null}]]]>
              </value>
            </param>
          </params>
          <reporter-output>
          </reporter-output>
        </test-method> <!-- screenshotOnFailure -->
        <test-method status="PASS" signature="configureCSPSettings(fawry.sofAutomation.pojos.basicDefinitions.CSPFeesPojo)[pri:1, instance:fawry.sofAutomation.testsActions.BasicDefinitions.ConfigureCspSettingsTest@7fc229ab]" name="configureCSPSettings" duration-ms="76518" started-at="2019-07-01T09:55:24Z" description="Validate configure CSP Settings Functionality" data-provider="DataProvider" finished-at="2019-07-01T09:56:40Z">
          <params>
            <param index="0">
              <value>
                <![CDATA[fawry.sofAutomation.pojos.basicDefinitions.CSPFeesPojo@6e22d6bf]]>
              </value>
            </param>
          </params>
          <reporter-output>
          </reporter-output>
        </test-method> <!-- configureCSPSettings -->
        <test-method status="PASS" signature="screenshotOnFailure(org.testng.ITestResult)[pri:0, instance:fawry.sofAutomation.testsActions.BasicDefinitions.ConfigureCspSettingsTest@7fc229ab]" name="screenshotOnFailure" is-config="true" duration-ms="2" started-at="2019-07-01T09:56:40Z" finished-at="2019-07-01T09:56:40Z">
          <params>
            <param index="0">
              <value>
                <![CDATA[[TestResult name=configureCSPSettings status=SUCCESS method=ConfigureCspSettingsTest.configureCSPSettings(fawry.sofAutomation.pojos.basicDefinitions.CSPFeesPojo)[pri:1, instance:fawry.sofAutomation.testsActions.BasicDefinitions.ConfigureCspSettingsTest@7fc229ab] output={null}]]]>
              </value>
            </param>
          </params>
          <reporter-output>
          </reporter-output>
        </test-method> <!-- screenshotOnFailure -->
        <test-method status="PASS" signature="closeDriver()[pri:0, instance:fawry.sofAutomation.testsActions.BasicDefinitions.ConfigureCspSettingsTest@7fc229ab]" name="closeDriver" is-config="true" duration-ms="1155" started-at="2019-07-01T09:56:40Z" finished-at="2019-07-01T09:56:41Z">
          <reporter-output>
          </reporter-output>
        </test-method> <!-- closeDriver -->
      </class> <!-- fawry.sofAutomation.testsActions.BasicDefinitions.ConfigureCspSettingsTest -->
      <class name="fawry.sofAutomation.testsActions.BasicDefinitions.SearchFinanceProgramSetupTest">
        <test-method status="PASS" signature="loadConfiguration(java.lang.String, java.lang.String)[pri:0, instance:fawry.sofAutomation.testsActions.BasicDefinitions.SearchFinanceProgramSetupTest@2cbb3d47]" name="loadConfiguration" is-config="true" duration-ms="6921" started-at="2019-07-01T09:56:41Z" finished-at="2019-07-01T09:56:48Z">
          <params>
            <param index="0">
              <value>
                <![CDATA[https://10.96.0.65:9443/POSAdminTool/AdminTool/Login.faces]]>
              </value>
            </param>
            <param index="1">
              <value>
                <![CDATA[CH]]>
              </value>
            </param>
          </params>
          <reporter-output>
          </reporter-output>
        </test-method> <!-- loadConfiguration -->
        <test-method status="PASS" signature="login()[pri:0, instance:fawry.sofAutomation.testsActions.BasicDefinitions.SearchFinanceProgramSetupTest@2cbb3d47]" name="login" is-config="true" duration-ms="8959" started-at="2019-07-01T09:56:48Z" finished-at="2019-07-01T09:56:57Z">
          <reporter-output>
          </reporter-output>
        </test-method> <!-- login -->
        <test-method status="FAIL" signature="searchFinanceProgramSetup(fawry.sofAutomation.pojos.basicDefinitions.FinancePojo)[pri:1, instance:fawry.sofAutomation.testsActions.BasicDefinitions.SearchFinanceProgramSetupTest@2cbb3d47]" name="searchFinanceProgramSetup" duration-ms="7759" started-at="2019-07-01T09:56:57Z" description="Validate Functionality" data-provider="DataProvider" finished-at="2019-07-01T09:57:05Z">
          <params>
            <param index="0">
              <value>
                <![CDATA[fawry.sofAutomation.pojos.basicDefinitions.FinancePojo@2823b7c5]]>
              </value>
            </param>
          </params>
          <exception class="java.lang.AssertionError">
            <message>
              <![CDATA[The following asserts failed:
Error; Data shown on web table and in db does NOT matchIn test Case With ID of expected [true] but found [false]]]>
            </message>
            <full-stacktrace>
              <![CDATA[java.lang.AssertionError: The following asserts failed:
Error; Data shown on web table and in db does NOT matchIn test Case With ID of expected [true] but found [false]
at org.testng.asserts.SoftAssert.assertAll(SoftAssert.java:43)
at fawry.sofAutomation.testsActions.BasicDefinitions.SearchFinanceProgramSetupTest.searchFinanceProgramSetup(SearchFinanceProgramSetupTest.java:86)
at sun.reflect.NativeMethodAccessorImpl.invoke0(Native Method)
at sun.reflect.NativeMethodAccessorImpl.invoke(NativeMethodAccessorImpl.java:62)
at sun.reflect.DelegatingMethodAccessorImpl.invoke(DelegatingMethodAccessorImpl.java:43)
at java.lang.reflect.Method.invoke(Method.java:498)
at org.testng.internal.MethodInvocationHelper.invokeMethod(MethodInvocationHelper.java:124)
at org.testng.internal.Invoker.invokeMethod(Invoker.java:580)
at org.testng.internal.Invoker.invokeTestMethod(Invoker.java:716)
at org.testng.internal.Invoker.invokeTestMethods(Invoker.java:988)
at org.testng.internal.TestMethodWorker.invokeTestMethods(TestMethodWorker.java:125)
at org.testng.internal.TestMethodWorker.run(TestMethodWorker.java:109)
at org.testng.TestRunner.privateRun(TestRunner.java:648)
at org.testng.TestRunner.run(TestRunner.java:505)
at org.testng.SuiteRunner.runTest(SuiteRunner.java:455)
at org.testng.SuiteRunner.runSequentially(SuiteRunner.java:450)
at org.testng.SuiteRunner.privateRun(SuiteRunner.java:415)
at org.testng.SuiteRunner.run(SuiteRunner.java:364)
at org.testng.SuiteRunnerWorker.runSuite(SuiteRunnerWorker.java:52)
at org.testng.SuiteRunnerWorker.run(SuiteRunnerWorker.java:84)
at org.testng.TestNG.runSuitesSequentially(TestNG.java:1208)
at org.testng.TestNG.runSuitesLocally(TestNG.java:1137)
at org.testng.TestNG.runSuites(TestNG.java:1049)
at org.testng.TestNG.run(TestNG.java:1017)
at org.testng.remote.AbstractRemoteTestNG.run(AbstractRemoteTestNG.java:114)
at org.testng.remote.RemoteTestNG.initAndRun(RemoteTestNG.java:251)
at org.testng.remote.RemoteTestNG.main(RemoteTestNG.java:77)
]]>
            </full-stacktrace>
          </exception> <!-- java.lang.AssertionError -->
          <reporter-output>
          </reporter-output>
        </test-method> <!-- searchFinanceProgramSetup -->
        <test-method status="PASS" signature="screenshotOnFailure(org.testng.ITestResult)[pri:0, instance:fawry.sofAutomation.testsActions.BasicDefinitions.SearchFinanceProgramSetupTest@2cbb3d47]" name="screenshotOnFailure" is-config="true" duration-ms="369" started-at="2019-07-01T09:57:05Z" finished-at="2019-07-01T09:57:06Z">
          <params>
            <param index="0">
              <value>
                <![CDATA[[TestResult name=searchFinanceProgramSetup status=FAILURE method=SearchFinanceProgramSetupTest.searchFinanceProgramSetup(fawry.sofAutomation.pojos.basicDefinitions.FinancePojo)[pri:1, instance:fawry.sofAutomation.testsActions.BasicDefinitions.SearchFinanceProgramSetupTest@2cbb3d47] output={null}]]]>
              </value>
            </param>
          </params>
          <reporter-output>
          </reporter-output>
        </test-method> <!-- screenshotOnFailure -->
        <test-method status="PASS" signature="searchFinanceProgramSetup(fawry.sofAutomation.pojos.basicDefinitions.FinancePojo)[pri:1, instance:fawry.sofAutomation.testsActions.BasicDefinitions.SearchFinanceProgramSetupTest@2cbb3d47]" name="searchFinanceProgramSetup" duration-ms="61169" started-at="2019-07-01T09:57:06Z" description="Validate Functionality" data-provider="DataProvider" finished-at="2019-07-01T09:58:07Z">
          <params>
            <param index="0">
              <value>
                <![CDATA[fawry.sofAutomation.pojos.basicDefinitions.FinancePojo@367fbb28]]>
              </value>
            </param>
          </params>
          <reporter-output>
          </reporter-output>
        </test-method> <!-- searchFinanceProgramSetup -->
        <test-method status="PASS" signature="screenshotOnFailure(org.testng.ITestResult)[pri:0, instance:fawry.sofAutomation.testsActions.BasicDefinitions.SearchFinanceProgramSetupTest@2cbb3d47]" name="screenshotOnFailure" is-config="true" duration-ms="0" started-at="2019-07-01T09:58:07Z" finished-at="2019-07-01T09:58:07Z">
          <params>
            <param index="0">
              <value>
                <![CDATA[[TestResult name=searchFinanceProgramSetup status=SUCCESS method=SearchFinanceProgramSetupTest.searchFinanceProgramSetup(fawry.sofAutomation.pojos.basicDefinitions.FinancePojo)[pri:1, instance:fawry.sofAutomation.testsActions.BasicDefinitions.SearchFinanceProgramSetupTest@2cbb3d47] output={null}]]]>
              </value>
            </param>
          </params>
          <reporter-output>
          </reporter-output>
        </test-method> <!-- screenshotOnFailure -->
        <test-method status="FAIL" signature="searchFinanceProgramSetup(fawry.sofAutomation.pojos.basicDefinitions.FinancePojo)[pri:1, instance:fawry.sofAutomation.testsActions.BasicDefinitions.SearchFinanceProgramSetupTest@2cbb3d47]" name="searchFinanceProgramSetup" duration-ms="94042" started-at="2019-07-01T09:58:07Z" description="Validate Functionality" data-provider="DataProvider" finished-at="2019-07-01T09:59:41Z">
          <params>
            <param index="0">
              <value>
                <![CDATA[fawry.sofAutomation.pojos.basicDefinitions.FinancePojo@68722de3]]>
              </value>
            </param>
          </params>
          <exception class="org.openqa.selenium.NoSuchElementException">
            <message>
              <![CDATA[no such element: Unable to locate element: {"method":"xpath","selector":"//*[@id="searchTrx:tableEx1"]/tbody"}
  (Session info: chrome=75.0.3770.100)
  (Driver info: chromedriver=74.0.3729.6 (255758eccf3d244491b8a1317aa76e1ce10d57e9-refs/branch-heads/3729@{#29}),platform=Windows NT 6.1.7601 SP1 x86_64) (WARNING: The server did not provide any stacktrace information)
Command duration or timeout: 0 milliseconds
For documentation on this error, please visit: https://www.seleniumhq.org/exceptions/no_such_element.html
Build info: version: '3.141.59', revision: 'e82be7d358', time: '2018-11-14T08:17:03'
System info: host: 'FB-133', ip: '10.5.12.107', os.name: 'Windows 7', os.arch: 'amd64', os.version: '6.1', java.version: '1.8.0_112'
Driver info: org.openqa.selenium.chrome.ChromeDriver
Capabilities {acceptInsecureCerts: false, acceptSslCerts: false, applicationCacheEnabled: false, browserConnectionEnabled: false, browserName: chrome, chrome: {chromedriverVersion: 74.0.3729.6 (255758eccf3d24..., userDataDir: C:\Users\TAREQ~1.SHA\AppDat...}, cssSelectorsEnabled: true, databaseEnabled: false, goog:chromeOptions: {debuggerAddress: localhost:41246}, handlesAlerts: true, hasTouchScreen: false, javascriptEnabled: true, locationContextEnabled: true, mobileEmulationEnabled: false, nativeEvents: true, networkConnectionEnabled: false, pageLoadStrategy: normal, platform: XP, platformName: XP, proxy: Proxy(), rotatable: false, setWindowRect: true, strictFileInteractability: false, takesHeapSnapshot: true, takesScreenshot: true, timeouts: {implicit: 0, pageLoad: 300000, script: 30000}, unexpectedAlertBehaviour: ignore, unhandledPromptBehavior: ignore, version: 75.0.3770.100, webStorageEnabled: true}
Session ID: b8acf1a6f932647a21005abb6c524828
*** Element info: {Using=xpath, value=//*[@id="searchTrx:tableEx1"]/tbody}]]>
            </message>
            <full-stacktrace>
              <![CDATA[org.openqa.selenium.NoSuchElementException: no such element: Unable to locate element: {"method":"xpath","selector":"//*[@id="searchTrx:tableEx1"]/tbody"}
  (Session info: chrome=75.0.3770.100)
  (Driver info: chromedriver=74.0.3729.6 (255758eccf3d244491b8a1317aa76e1ce10d57e9-refs/branch-heads/3729@{#29}),platform=Windows NT 6.1.7601 SP1 x86_64) (WARNING: The server did not provide any stacktrace information)
Command duration or timeout: 0 milliseconds
For documentation on this error, please visit: https://www.seleniumhq.org/exceptions/no_such_element.html
Build info: version: '3.141.59', revision: 'e82be7d358', time: '2018-11-14T08:17:03'
System info: host: 'FB-133', ip: '10.5.12.107', os.name: 'Windows 7', os.arch: 'amd64', os.version: '6.1', java.version: '1.8.0_112'
Driver info: org.openqa.selenium.chrome.ChromeDriver
Capabilities {acceptInsecureCerts: false, acceptSslCerts: false, applicationCacheEnabled: false, browserConnectionEnabled: false, browserName: chrome, chrome: {chromedriverVersion: 74.0.3729.6 (255758eccf3d24..., userDataDir: C:\Users\TAREQ~1.SHA\AppDat...}, cssSelectorsEnabled: true, databaseEnabled: false, goog:chromeOptions: {debuggerAddress: localhost:41246}, handlesAlerts: true, hasTouchScreen: false, javascriptEnabled: true, locationContextEnabled: true, mobileEmulationEnabled: false, nativeEvents: true, networkConnectionEnabled: false, pageLoadStrategy: normal, platform: XP, platformName: XP, proxy: Proxy(), rotatable: false, setWindowRect: true, strictFileInteractability: false, takesHeapSnapshot: true, takesScreenshot: true, timeouts: {implicit: 0, pageLoad: 300000, script: 30000}, unexpectedAlertBehaviour: ignore, unhandledPromptBehavior: ignore, version: 75.0.3770.100, webStorageEnabled: true}
Session ID: b8acf1a6f932647a21005abb6c524828
*** Element info: {Using=xpath, value=//*[@id="searchTrx:tableEx1"]/tbody}
at sun.reflect.NativeConstructorAccessorImpl.newInstance0(Native Method)
at sun.reflect.NativeConstructorAccessorImpl.newInstance(NativeConstructorAccessorImpl.java:62)
at sun.reflect.DelegatingConstructorAccessorImpl.newInstance(DelegatingConstructorAccessorImpl.java:45)
at java.lang.reflect.Constructor.newInstance(Constructor.java:423)
at org.openqa.selenium.remote.ErrorHandler.createThrowable(ErrorHandler.java:214)
at org.openqa.selenium.remote.ErrorHandler.throwIfResponseFailed(ErrorHandler.java:166)
at org.openqa.selenium.remote.http.JsonHttpResponseCodec.reconstructValue(JsonHttpResponseCodec.java:40)
at org.openqa.selenium.remote.http.AbstractHttpResponseCodec.decode(AbstractHttpResponseCodec.java:80)
at org.openqa.selenium.remote.http.AbstractHttpResponseCodec.decode(AbstractHttpResponseCodec.java:44)
at org.openqa.selenium.remote.HttpCommandExecutor.execute(HttpCommandExecutor.java:158)
at org.openqa.selenium.remote.service.DriverCommandExecutor.execute(DriverCommandExecutor.java:83)
at org.openqa.selenium.remote.RemoteWebDriver.execute(RemoteWebDriver.java:552)
at org.openqa.selenium.remote.RemoteWebDriver.findElement(RemoteWebDriver.java:323)
at org.openqa.selenium.remote.RemoteWebDriver.findElementByXPath(RemoteWebDriver.java:428)
at org.openqa.selenium.By$ByXPath.findElement(By.java:353)
at org.openqa.selenium.remote.RemoteWebDriver.findElement(RemoteWebDriver.java:315)
at org.openqa.selenium.support.pagefactory.DefaultElementLocator.findElement(DefaultElementLocator.java:69)
at org.openqa.selenium.support.pagefactory.internal.LocatingElementHandler.invoke(LocatingElementHandler.java:38)
at com.sun.proxy.$Proxy17.findElements(Unknown Source)
at fawry.sofAutomation.tablesVerification.basicDefinitions.SearchFinanceTableVerifications.searchFinanceSetup(SearchFinanceTableVerifications.java:37)
at fawry.sofAutomation.testsActions.BasicDefinitions.SearchFinanceProgramSetupTest.searchFinanceProgramSetup(SearchFinanceProgramSetupTest.java:76)
at sun.reflect.NativeMethodAccessorImpl.invoke0(Native Method)
at sun.reflect.NativeMethodAccessorImpl.invoke(NativeMethodAccessorImpl.java:62)
at sun.reflect.DelegatingMethodAccessorImpl.invoke(DelegatingMethodAccessorImpl.java:43)
at java.lang.reflect.Method.invoke(Method.java:498)
at org.testng.internal.MethodInvocationHelper.invokeMethod(MethodInvocationHelper.java:124)
at org.testng.internal.Invoker.invokeMethod(Invoker.java:580)
at org.testng.internal.Invoker.invokeTestMethod(Invoker.java:716)
at org.testng.internal.Invoker.invokeTestMethods(Invoker.java:988)
at org.testng.internal.TestMethodWorker.invokeTestMethods(TestMethodWorker.java:125)
at org.testng.internal.TestMethodWorker.run(TestMethodWorker.java:109)
at org.testng.TestRunner.privateRun(TestRunner.java:648)
at org.testng.TestRunner.run(TestRunner.java:505)
at org.testng.SuiteRunner.runTest(SuiteRunner.java:455)
at org.testng.SuiteRunner.runSequentially(SuiteRunner.java:450)
at org.testng.SuiteRunner.privateRun(SuiteRunner.java:415)
at org.testng.SuiteRunner.run(SuiteRunner.java:364)
at org.testng.SuiteRunnerWorker.runSuite(SuiteRunnerWorker.java:52)
at org.testng.SuiteRunnerWorker.run(SuiteRunnerWorker.java:84)
at org.testng.TestNG.runSuitesSequentially(TestNG.java:1208)
at org.testng.TestNG.runSuitesLocally(TestNG.java:1137)
at org.testng.TestNG.runSuites(TestNG.java:1049)
at org.testng.TestNG.run(TestNG.java:1017)
at org.testng.remote.AbstractRemoteTestNG.run(AbstractRemoteTestNG.java:114)
at org.testng.remote.RemoteTestNG.initAndRun(RemoteTestNG.java:251)
at org.testng.remote.RemoteTestNG.main(RemoteTestNG.java:77)
]]>
            </full-stacktrace>
          </exception> <!-- org.openqa.selenium.NoSuchElementException -->
          <reporter-output>
          </reporter-output>
        </test-method> <!-- searchFinanceProgramSetup -->
        <test-method status="PASS" signature="screenshotOnFailure(org.testng.ITestResult)[pri:0, instance:fawry.sofAutomation.testsActions.BasicDefinitions.SearchFinanceProgramSetupTest@2cbb3d47]" name="screenshotOnFailure" is-config="true" duration-ms="373" started-at="2019-07-01T09:59:41Z" finished-at="2019-07-01T09:59:41Z">
          <params>
            <param index="0">
              <value>
                <![CDATA[[TestResult name=searchFinanceProgramSetup status=FAILURE method=SearchFinanceProgramSetupTest.searchFinanceProgramSetup(fawry.sofAutomation.pojos.basicDefinitions.FinancePojo)[pri:1, instance:fawry.sofAutomation.testsActions.BasicDefinitions.SearchFinanceProgramSetupTest@2cbb3d47] output={null}]]]>
              </value>
            </param>
          </params>
          <reporter-output>
          </reporter-output>
        </test-method> <!-- screenshotOnFailure -->
        <test-method status="PASS" signature="searchFinanceProgramSetup(fawry.sofAutomation.pojos.basicDefinitions.FinancePojo)[pri:1, instance:fawry.sofAutomation.testsActions.BasicDefinitions.SearchFinanceProgramSetupTest@2cbb3d47]" name="searchFinanceProgramSetup" duration-ms="31350" started-at="2019-07-01T09:59:41Z" description="Validate Functionality" data-provider="DataProvider" finished-at="2019-07-01T10:00:13Z">
          <params>
            <param index="0">
              <value>
                <![CDATA[fawry.sofAutomation.pojos.basicDefinitions.FinancePojo@eea0b48]]>
              </value>
            </param>
          </params>
          <reporter-output>
          </reporter-output>
        </test-method> <!-- searchFinanceProgramSetup -->
        <test-method status="PASS" signature="screenshotOnFailure(org.testng.ITestResult)[pri:0, instance:fawry.sofAutomation.testsActions.BasicDefinitions.SearchFinanceProgramSetupTest@2cbb3d47]" name="screenshotOnFailure" is-config="true" duration-ms="0" started-at="2019-07-01T10:00:13Z" finished-at="2019-07-01T10:00:13Z">
          <params>
            <param index="0">
              <value>
                <![CDATA[[TestResult name=searchFinanceProgramSetup status=SUCCESS method=SearchFinanceProgramSetupTest.searchFinanceProgramSetup(fawry.sofAutomation.pojos.basicDefinitions.FinancePojo)[pri:1, instance:fawry.sofAutomation.testsActions.BasicDefinitions.SearchFinanceProgramSetupTest@2cbb3d47] output={null}]]]>
              </value>
            </param>
          </params>
          <reporter-output>
          </reporter-output>
        </test-method> <!-- screenshotOnFailure -->
        <test-method status="PASS" signature="closeDriver()[pri:0, instance:fawry.sofAutomation.testsActions.BasicDefinitions.SearchFinanceProgramSetupTest@2cbb3d47]" name="closeDriver" is-config="true" duration-ms="1702" started-at="2019-07-01T10:00:13Z" finished-at="2019-07-01T10:00:14Z">
          <reporter-output>
          </reporter-output>
        </test-method> <!-- closeDriver -->
      </class> <!-- fawry.sofAutomation.testsActions.BasicDefinitions.SearchFinanceProgramSetupTest -->
      <class name="fawry.sofAutomation.testsActions.BasicDefinitions.EditVelocityCriteriaTest">
        <test-method status="PASS" signature="loadConfiguration(java.lang.String, java.lang.String)[pri:0, instance:fawry.sofAutomation.testsActions.BasicDefinitions.EditVelocityCriteriaTest@7ff95560]" name="loadConfiguration" is-config="true" duration-ms="7106" started-at="2019-07-01T10:02:58Z" finished-at="2019-07-01T10:03:06Z">
          <params>
            <param index="0">
              <value>
                <![CDATA[https://10.96.0.65:9443/POSAdminTool/AdminTool/Login.faces]]>
              </value>
            </param>
            <param index="1">
              <value>
                <![CDATA[CH]]>
              </value>
            </param>
          </params>
          <reporter-output>
          </reporter-output>
        </test-method> <!-- loadConfiguration -->
        <test-method status="PASS" signature="login()[pri:0, instance:fawry.sofAutomation.testsActions.BasicDefinitions.EditVelocityCriteriaTest@7ff95560]" name="login" is-config="true" duration-ms="4518" started-at="2019-07-01T10:03:06Z" finished-at="2019-07-01T10:03:10Z">
          <reporter-output>
          </reporter-output>
        </test-method> <!-- login -->
        <test-method status="PASS" signature="EditVelocityCriteria(fawry.sofAutomation.pojos.basicDefinitions.VelocityPojo)[pri:1, instance:fawry.sofAutomation.testsActions.BasicDefinitions.EditVelocityCriteriaTest@7ff95560]" name="EditVelocityCriteria" duration-ms="4303" started-at="2019-07-01T10:03:11Z" description="Validate Functionality" data-provider="DataProvider" finished-at="2019-07-01T10:03:15Z">
          <params>
            <param index="0">
              <value>
                <![CDATA[fawry.sofAutomation.pojos.basicDefinitions.VelocityPojo@58a5b69c]]>
              </value>
            </param>
          </params>
          <reporter-output>
          </reporter-output>
        </test-method> <!-- EditVelocityCriteria -->
        <test-method status="PASS" signature="screenshotOnFailure(org.testng.ITestResult)[pri:0, instance:fawry.sofAutomation.testsActions.BasicDefinitions.EditVelocityCriteriaTest@7ff95560]" name="screenshotOnFailure" is-config="true" duration-ms="1" started-at="2019-07-01T10:03:15Z" finished-at="2019-07-01T10:03:15Z">
          <params>
            <param index="0">
              <value>
                <![CDATA[[TestResult name=EditVelocityCriteria status=SUCCESS method=EditVelocityCriteriaTest.EditVelocityCriteria(fawry.sofAutomation.pojos.basicDefinitions.VelocityPojo)[pri:1, instance:fawry.sofAutomation.testsActions.BasicDefinitions.EditVelocityCriteriaTest@7ff95560] output={null}]]]>
              </value>
            </param>
          </params>
          <reporter-output>
          </reporter-output>
        </test-method> <!-- screenshotOnFailure -->
        <test-method status="PASS" signature="EditVelocityCriteria(fawry.sofAutomation.pojos.basicDefinitions.VelocityPojo)[pri:1, instance:fawry.sofAutomation.testsActions.BasicDefinitions.EditVelocityCriteriaTest@7ff95560]" name="EditVelocityCriteria" duration-ms="61563" started-at="2019-07-01T10:03:15Z" description="Validate Functionality" data-provider="DataProvider" finished-at="2019-07-01T10:04:17Z">
          <params>
            <param index="0">
              <value>
                <![CDATA[fawry.sofAutomation.pojos.basicDefinitions.VelocityPojo@14060410]]>
              </value>
            </param>
          </params>
          <reporter-output>
          </reporter-output>
        </test-method> <!-- EditVelocityCriteria -->
        <test-method status="PASS" signature="screenshotOnFailure(org.testng.ITestResult)[pri:0, instance:fawry.sofAutomation.testsActions.BasicDefinitions.EditVelocityCriteriaTest@7ff95560]" name="screenshotOnFailure" is-config="true" duration-ms="0" started-at="2019-07-01T10:04:17Z" finished-at="2019-07-01T10:04:17Z">
          <params>
            <param index="0">
              <value>
                <![CDATA[[TestResult name=EditVelocityCriteria status=SUCCESS method=EditVelocityCriteriaTest.EditVelocityCriteria(fawry.sofAutomation.pojos.basicDefinitions.VelocityPojo)[pri:1, instance:fawry.sofAutomation.testsActions.BasicDefinitions.EditVelocityCriteriaTest@7ff95560] output={null}]]]>
              </value>
            </param>
          </params>
          <reporter-output>
          </reporter-output>
        </test-method> <!-- screenshotOnFailure -->
        <test-method status="PASS" signature="EditVelocityCriteria(fawry.sofAutomation.pojos.basicDefinitions.VelocityPojo)[pri:1, instance:fawry.sofAutomation.testsActions.BasicDefinitions.EditVelocityCriteriaTest@7ff95560]" name="EditVelocityCriteria" duration-ms="32731" started-at="2019-07-01T10:04:17Z" description="Validate Functionality" data-provider="DataProvider" finished-at="2019-07-01T10:04:49Z">
          <params>
            <param index="0">
              <value>
                <![CDATA[fawry.sofAutomation.pojos.basicDefinitions.VelocityPojo@24b05292]]>
              </value>
            </param>
          </params>
          <reporter-output>
          </reporter-output>
        </test-method> <!-- EditVelocityCriteria -->
        <test-method status="PASS" signature="screenshotOnFailure(org.testng.ITestResult)[pri:0, instance:fawry.sofAutomation.testsActions.BasicDefinitions.EditVelocityCriteriaTest@7ff95560]" name="screenshotOnFailure" is-config="true" duration-ms="1" started-at="2019-07-01T10:04:49Z" finished-at="2019-07-01T10:04:49Z">
          <params>
            <param index="0">
              <value>
                <![CDATA[[TestResult name=EditVelocityCriteria status=SUCCESS method=EditVelocityCriteriaTest.EditVelocityCriteria(fawry.sofAutomation.pojos.basicDefinitions.VelocityPojo)[pri:1, instance:fawry.sofAutomation.testsActions.BasicDefinitions.EditVelocityCriteriaTest@7ff95560] output={null}]]]>
              </value>
            </param>
          </params>
          <reporter-output>
          </reporter-output>
        </test-method> <!-- screenshotOnFailure -->
        <test-method status="PASS" signature="EditVelocityCriteria(fawry.sofAutomation.pojos.basicDefinitions.VelocityPojo)[pri:1, instance:fawry.sofAutomation.testsActions.BasicDefinitions.EditVelocityCriteriaTest@7ff95560]" name="EditVelocityCriteria" duration-ms="62628" started-at="2019-07-01T10:04:49Z" description="Validate Functionality" data-provider="DataProvider" finished-at="2019-07-01T10:05:52Z">
          <params>
            <param index="0">
              <value>
                <![CDATA[fawry.sofAutomation.pojos.basicDefinitions.VelocityPojo@7fec6c2f]]>
              </value>
            </param>
          </params>
          <reporter-output>
          </reporter-output>
        </test-method> <!-- EditVelocityCriteria -->
        <test-method status="PASS" signature="screenshotOnFailure(org.testng.ITestResult)[pri:0, instance:fawry.sofAutomation.testsActions.BasicDefinitions.EditVelocityCriteriaTest@7ff95560]" name="screenshotOnFailure" is-config="true" duration-ms="1" started-at="2019-07-01T10:05:52Z" finished-at="2019-07-01T10:05:52Z">
          <params>
            <param index="0">
              <value>
                <![CDATA[[TestResult name=EditVelocityCriteria status=SUCCESS method=EditVelocityCriteriaTest.EditVelocityCriteria(fawry.sofAutomation.pojos.basicDefinitions.VelocityPojo)[pri:1, instance:fawry.sofAutomation.testsActions.BasicDefinitions.EditVelocityCriteriaTest@7ff95560] output={null}]]]>
              </value>
            </param>
          </params>
          <reporter-output>
          </reporter-output>
        </test-method> <!-- screenshotOnFailure -->
        <test-method status="PASS" signature="EditVelocityCriteria(fawry.sofAutomation.pojos.basicDefinitions.VelocityPojo)[pri:1, instance:fawry.sofAutomation.testsActions.BasicDefinitions.EditVelocityCriteriaTest@7ff95560]" name="EditVelocityCriteria" duration-ms="62432" started-at="2019-07-01T10:05:52Z" description="Validate Functionality" data-provider="DataProvider" finished-at="2019-07-01T10:06:55Z">
          <params>
            <param index="0">
              <value>
                <![CDATA[fawry.sofAutomation.pojos.basicDefinitions.VelocityPojo@58a93f51]]>
              </value>
            </param>
          </params>
          <reporter-output>
          </reporter-output>
        </test-method> <!-- EditVelocityCriteria -->
        <test-method status="PASS" signature="screenshotOnFailure(org.testng.ITestResult)[pri:0, instance:fawry.sofAutomation.testsActions.BasicDefinitions.EditVelocityCriteriaTest@7ff95560]" name="screenshotOnFailure" is-config="true" duration-ms="1" started-at="2019-07-01T10:06:55Z" finished-at="2019-07-01T10:06:55Z">
          <params>
            <param index="0">
              <value>
                <![CDATA[[TestResult name=EditVelocityCriteria status=SUCCESS method=EditVelocityCriteriaTest.EditVelocityCriteria(fawry.sofAutomation.pojos.basicDefinitions.VelocityPojo)[pri:1, instance:fawry.sofAutomation.testsActions.BasicDefinitions.EditVelocityCriteriaTest@7ff95560] output={null}]]]>
              </value>
            </param>
          </params>
          <reporter-output>
          </reporter-output>
        </test-method> <!-- screenshotOnFailure -->
        <test-method status="FAIL" signature="EditVelocityCriteria(fawry.sofAutomation.pojos.basicDefinitions.VelocityPojo)[pri:1, instance:fawry.sofAutomation.testsActions.BasicDefinitions.EditVelocityCriteriaTest@7ff95560]" name="EditVelocityCriteria" duration-ms="2045" started-at="2019-07-01T10:06:55Z" description="Validate Functionality" data-provider="DataProvider" finished-at="2019-07-01T10:06:57Z">
          <params>
            <param index="0">
              <value>
                <![CDATA[fawry.sofAutomation.pojos.basicDefinitions.VelocityPojo@5c2f5dc]]>
              </value>
            </param>
          </params>
          <exception class="java.lang.AssertionError">
            <message>
              <![CDATA[The following asserts failed:
Error; Data shown on web table and in db does NOT matchIn test Case With ID of expected [true] but found [false]]]>
            </message>
            <full-stacktrace>
              <![CDATA[java.lang.AssertionError: The following asserts failed:
Error; Data shown on web table and in db does NOT matchIn test Case With ID of expected [true] but found [false]
at org.testng.asserts.SoftAssert.assertAll(SoftAssert.java:43)
at fawry.sofAutomation.testsActions.BasicDefinitions.EditVelocityCriteriaTest.EditVelocityCriteria(EditVelocityCriteriaTest.java:87)
at sun.reflect.NativeMethodAccessorImpl.invoke0(Native Method)
at sun.reflect.NativeMethodAccessorImpl.invoke(NativeMethodAccessorImpl.java:62)
at sun.reflect.DelegatingMethodAccessorImpl.invoke(DelegatingMethodAccessorImpl.java:43)
at java.lang.reflect.Method.invoke(Method.java:498)
at org.testng.internal.MethodInvocationHelper.invokeMethod(MethodInvocationHelper.java:124)
at org.testng.internal.Invoker.invokeMethod(Invoker.java:580)
at org.testng.internal.Invoker.invokeTestMethod(Invoker.java:716)
at org.testng.internal.Invoker.invokeTestMethods(Invoker.java:988)
at org.testng.internal.TestMethodWorker.invokeTestMethods(TestMethodWorker.java:125)
at org.testng.internal.TestMethodWorker.run(TestMethodWorker.java:109)
at org.testng.TestRunner.privateRun(TestRunner.java:648)
at org.testng.TestRunner.run(TestRunner.java:505)
at org.testng.SuiteRunner.runTest(SuiteRunner.java:455)
at org.testng.SuiteRunner.runSequentially(SuiteRunner.java:450)
at org.testng.SuiteRunner.privateRun(SuiteRunner.java:415)
at org.testng.SuiteRunner.run(SuiteRunner.java:364)
at org.testng.SuiteRunnerWorker.runSuite(SuiteRunnerWorker.java:52)
at org.testng.SuiteRunnerWorker.run(SuiteRunnerWorker.java:84)
at org.testng.TestNG.runSuitesSequentially(TestNG.java:1208)
at org.testng.TestNG.runSuitesLocally(TestNG.java:1137)
at org.testng.TestNG.runSuites(TestNG.java:1049)
at org.testng.TestNG.run(TestNG.java:1017)
at org.testng.remote.AbstractRemoteTestNG.run(AbstractRemoteTestNG.java:114)
at org.testng.remote.RemoteTestNG.initAndRun(RemoteTestNG.java:251)
at org.testng.remote.RemoteTestNG.main(RemoteTestNG.java:77)
]]>
            </full-stacktrace>
          </exception> <!-- java.lang.AssertionError -->
          <reporter-output>
          </reporter-output>
        </test-method> <!-- EditVelocityCriteria -->
        <test-method status="PASS" signature="screenshotOnFailure(org.testng.ITestResult)[pri:0, instance:fawry.sofAutomation.testsActions.BasicDefinitions.EditVelocityCriteriaTest@7ff95560]" name="screenshotOnFailure" is-config="true" duration-ms="420" started-at="2019-07-01T10:06:57Z" finished-at="2019-07-01T10:06:57Z">
          <params>
            <param index="0">
              <value>
                <![CDATA[[TestResult name=EditVelocityCriteria status=FAILURE method=EditVelocityCriteriaTest.EditVelocityCriteria(fawry.sofAutomation.pojos.basicDefinitions.VelocityPojo)[pri:1, instance:fawry.sofAutomation.testsActions.BasicDefinitions.EditVelocityCriteriaTest@7ff95560] output={null}]]]>
              </value>
            </param>
          </params>
          <reporter-output>
          </reporter-output>
        </test-method> <!-- screenshotOnFailure -->
        <test-method status="PASS" signature="closeDriver()[pri:0, instance:fawry.sofAutomation.testsActions.BasicDefinitions.EditVelocityCriteriaTest@7ff95560]" name="closeDriver" is-config="true" duration-ms="1241" started-at="2019-07-01T10:06:57Z" finished-at="2019-07-01T10:06:58Z">
          <reporter-output>
          </reporter-output>
        </test-method> <!-- closeDriver -->
      </class> <!-- fawry.sofAutomation.testsActions.BasicDefinitions.EditVelocityCriteriaTest -->
      <class name="fawry.sofAutomation.testsActions.BasicDefinitions.AddVelocityCriteriaTest">
        <test-method status="PASS" signature="loadConfiguration(java.lang.String, java.lang.String)[pri:0, instance:fawry.sofAutomation.testsActions.BasicDefinitions.AddVelocityCriteriaTest@527e5409]" name="loadConfiguration" is-config="true" duration-ms="7532" started-at="2019-07-01T10:00:14Z" finished-at="2019-07-01T10:00:22Z">
          <params>
            <param index="0">
              <value>
                <![CDATA[https://10.96.0.65:9443/POSAdminTool/AdminTool/Login.faces]]>
              </value>
            </param>
            <param index="1">
              <value>
                <![CDATA[CH]]>
              </value>
            </param>
          </params>
          <reporter-output>
          </reporter-output>
        </test-method> <!-- loadConfiguration -->
        <test-method status="PASS" signature="login()[pri:0, instance:fawry.sofAutomation.testsActions.BasicDefinitions.AddVelocityCriteriaTest@527e5409]" name="login" is-config="true" duration-ms="8583" started-at="2019-07-01T10:00:22Z" finished-at="2019-07-01T10:00:31Z">
          <reporter-output>
          </reporter-output>
        </test-method> <!-- login -->
        <test-method status="FAIL" signature="addVelocityCriteria(fawry.sofAutomation.pojos.basicDefinitions.VelocityPojo)[pri:1, instance:fawry.sofAutomation.testsActions.BasicDefinitions.AddVelocityCriteriaTest@527e5409]" name="addVelocityCriteria" duration-ms="65383" started-at="2019-07-01T10:00:31Z" description="Validate Functionality" data-provider="DataProvider" finished-at="2019-07-01T10:01:36Z">
          <params>
            <param index="0">
              <value>
                <![CDATA[fawry.sofAutomation.pojos.basicDefinitions.VelocityPojo@29a1dab3]]>
              </value>
            </param>
          </params>
          <exception class="java.lang.AssertionError">
            <message>
              <![CDATA[The following asserts failed:
Error; Expected in Excel And actual on web page does NOT match expected [true] but found [false],
Error; Data shown on web table and in db does NOT matchIn test Case With ID of expected [true] but found [false]]]>
            </message>
            <full-stacktrace>
              <![CDATA[java.lang.AssertionError: The following asserts failed:
Error; Expected in Excel And actual on web page does NOT match expected [true] but found [false],
Error; Data shown on web table and in db does NOT matchIn test Case With ID of expected [true] but found [false]
at org.testng.asserts.SoftAssert.assertAll(SoftAssert.java:43)
at fawry.sofAutomation.testsActions.BasicDefinitions.AddVelocityCriteriaTest.addVelocityCriteria(AddVelocityCriteriaTest.java:90)
at sun.reflect.NativeMethodAccessorImpl.invoke0(Native Method)
at sun.reflect.NativeMethodAccessorImpl.invoke(NativeMethodAccessorImpl.java:62)
at sun.reflect.DelegatingMethodAccessorImpl.invoke(DelegatingMethodAccessorImpl.java:43)
at java.lang.reflect.Method.invoke(Method.java:498)
at org.testng.internal.MethodInvocationHelper.invokeMethod(MethodInvocationHelper.java:124)
at org.testng.internal.Invoker.invokeMethod(Invoker.java:580)
at org.testng.internal.Invoker.invokeTestMethod(Invoker.java:716)
at org.testng.internal.Invoker.invokeTestMethods(Invoker.java:988)
at org.testng.internal.TestMethodWorker.invokeTestMethods(TestMethodWorker.java:125)
at org.testng.internal.TestMethodWorker.run(TestMethodWorker.java:109)
at org.testng.TestRunner.privateRun(TestRunner.java:648)
at org.testng.TestRunner.run(TestRunner.java:505)
at org.testng.SuiteRunner.runTest(SuiteRunner.java:455)
at org.testng.SuiteRunner.runSequentially(SuiteRunner.java:450)
at org.testng.SuiteRunner.privateRun(SuiteRunner.java:415)
at org.testng.SuiteRunner.run(SuiteRunner.java:364)
at org.testng.SuiteRunnerWorker.runSuite(SuiteRunnerWorker.java:52)
at org.testng.SuiteRunnerWorker.run(SuiteRunnerWorker.java:84)
at org.testng.TestNG.runSuitesSequentially(TestNG.java:1208)
at org.testng.TestNG.runSuitesLocally(TestNG.java:1137)
at org.testng.TestNG.runSuites(TestNG.java:1049)
at org.testng.TestNG.run(TestNG.java:1017)
at org.testng.remote.AbstractRemoteTestNG.run(AbstractRemoteTestNG.java:114)
at org.testng.remote.RemoteTestNG.initAndRun(RemoteTestNG.java:251)
at org.testng.remote.RemoteTestNG.main(RemoteTestNG.java:77)
]]>
            </full-stacktrace>
          </exception> <!-- java.lang.AssertionError -->
          <reporter-output>
          </reporter-output>
        </test-method> <!-- addVelocityCriteria -->
        <test-method status="PASS" signature="screenshotOnFailure(org.testng.ITestResult)[pri:0, instance:fawry.sofAutomation.testsActions.BasicDefinitions.AddVelocityCriteriaTest@527e5409]" name="screenshotOnFailure" is-config="true" duration-ms="343" started-at="2019-07-01T10:01:36Z" finished-at="2019-07-01T10:01:37Z">
          <params>
            <param index="0">
              <value>
                <![CDATA[[TestResult name=addVelocityCriteria status=FAILURE method=AddVelocityCriteriaTest.addVelocityCriteria(fawry.sofAutomation.pojos.basicDefinitions.VelocityPojo)[pri:1, instance:fawry.sofAutomation.testsActions.BasicDefinitions.AddVelocityCriteriaTest@527e5409] output={null}]]]>
              </value>
            </param>
          </params>
          <reporter-output>
          </reporter-output>
        </test-method> <!-- screenshotOnFailure -->
        <test-method status="PASS" signature="addVelocityCriteria(fawry.sofAutomation.pojos.basicDefinitions.VelocityPojo)[pri:1, instance:fawry.sofAutomation.testsActions.BasicDefinitions.AddVelocityCriteriaTest@527e5409]" name="addVelocityCriteria" duration-ms="62510" started-at="2019-07-01T10:01:37Z" description="Validate Functionality" data-provider="DataProvider" finished-at="2019-07-01T10:02:39Z">
          <params>
            <param index="0">
              <value>
                <![CDATA[fawry.sofAutomation.pojos.basicDefinitions.VelocityPojo@74159dc9]]>
              </value>
            </param>
          </params>
          <reporter-output>
          </reporter-output>
        </test-method> <!-- addVelocityCriteria -->
        <test-method status="PASS" signature="screenshotOnFailure(org.testng.ITestResult)[pri:0, instance:fawry.sofAutomation.testsActions.BasicDefinitions.AddVelocityCriteriaTest@527e5409]" name="screenshotOnFailure" is-config="true" duration-ms="4" started-at="2019-07-01T10:02:39Z" finished-at="2019-07-01T10:02:39Z">
          <params>
            <param index="0">
              <value>
                <![CDATA[[TestResult name=addVelocityCriteria status=SUCCESS method=AddVelocityCriteriaTest.addVelocityCriteria(fawry.sofAutomation.pojos.basicDefinitions.VelocityPojo)[pri:1, instance:fawry.sofAutomation.testsActions.BasicDefinitions.AddVelocityCriteriaTest@527e5409] output={null}]]]>
              </value>
            </param>
          </params>
          <reporter-output>
          </reporter-output>
        </test-method> <!-- screenshotOnFailure -->
        <test-method status="PASS" signature="closeDriver()[pri:0, instance:fawry.sofAutomation.testsActions.BasicDefinitions.AddVelocityCriteriaTest@527e5409]" name="closeDriver" is-config="true" duration-ms="1217" started-at="2019-07-01T10:02:39Z" finished-at="2019-07-01T10:02:40Z">
          <reporter-output>
          </reporter-output>
        </test-method> <!-- closeDriver -->
      </class> <!-- fawry.sofAutomation.testsActions.BasicDefinitions.AddVelocityCriteriaTest -->
      <class name="fawry.sofAutomation.testsActions.BasicDefinitions.ConfigureCspOverDraftFeesTest">
        <test-method status="PASS" signature="loadConfiguration(java.lang.String, java.lang.String)[pri:0, instance:fawry.sofAutomation.testsActions.BasicDefinitions.ConfigureCspOverDraftFeesTest@4387b79e]" name="loadConfiguration" is-config="true" duration-ms="8237" started-at="2019-07-01T09:49:03Z" finished-at="2019-07-01T09:49:11Z">
          <params>
            <param index="0">
              <value>
                <![CDATA[https://10.96.0.65:9443/POSAdminTool/AdminTool/Login.faces]]>
              </value>
            </param>
            <param index="1">
              <value>
                <![CDATA[CH]]>
              </value>
            </param>
          </params>
          <reporter-output>
          </reporter-output>
        </test-method> <!-- loadConfiguration -->
        <test-method status="PASS" signature="login()[pri:0, instance:fawry.sofAutomation.testsActions.BasicDefinitions.ConfigureCspOverDraftFeesTest@4387b79e]" name="login" is-config="true" duration-ms="11958" started-at="2019-07-01T09:49:11Z" finished-at="2019-07-01T09:49:23Z">
          <reporter-output>
          </reporter-output>
        </test-method> <!-- login -->
        <test-method status="FAIL" signature="configureOverDraftFees(fawry.sofAutomation.pojos.basicDefinitions.CSPFeesPojo)[pri:1, instance:fawry.sofAutomation.testsActions.BasicDefinitions.ConfigureCspOverDraftFeesTest@4387b79e]" name="configureOverDraftFees" duration-ms="61269" started-at="2019-07-01T09:49:23Z" description="Validate ConfigureCspOverDraftFees Functionality" data-provider="DataProvider" finished-at="2019-07-01T09:50:25Z">
          <params>
            <param index="0">
              <value>
                <![CDATA[fawry.sofAutomation.pojos.basicDefinitions.CSPFeesPojo@2de50ee4]]>
              </value>
            </param>
          </params>
          <exception class="java.lang.AssertionError">
            <message>
              <![CDATA[The following asserts failed:
Error; Expected in Excel And actual on web page does NOT matchTC_04 expected [true] but found [false]]]>
            </message>
            <full-stacktrace>
              <![CDATA[java.lang.AssertionError: The following asserts failed:
Error; Expected in Excel And actual on web page does NOT matchTC_04 expected [true] but found [false]
at org.testng.asserts.SoftAssert.assertAll(SoftAssert.java:43)
at fawry.sofAutomation.testsActions.BasicDefinitions.ConfigureCspOverDraftFeesTest.configureOverDraftFees(ConfigureCspOverDraftFeesTest.java:70)
at sun.reflect.NativeMethodAccessorImpl.invoke0(Native Method)
at sun.reflect.NativeMethodAccessorImpl.invoke(NativeMethodAccessorImpl.java:62)
at sun.reflect.DelegatingMethodAccessorImpl.invoke(DelegatingMethodAccessorImpl.java:43)
at java.lang.reflect.Method.invoke(Method.java:498)
at org.testng.internal.MethodInvocationHelper.invokeMethod(MethodInvocationHelper.java:124)
at org.testng.internal.Invoker.invokeMethod(Invoker.java:580)
at org.testng.internal.Invoker.invokeTestMethod(Invoker.java:716)
at org.testng.internal.Invoker.invokeTestMethods(Invoker.java:988)
at org.testng.internal.TestMethodWorker.invokeTestMethods(TestMethodWorker.java:125)
at org.testng.internal.TestMethodWorker.run(TestMethodWorker.java:109)
at org.testng.TestRunner.privateRun(TestRunner.java:648)
at org.testng.TestRunner.run(TestRunner.java:505)
at org.testng.SuiteRunner.runTest(SuiteRunner.java:455)
at org.testng.SuiteRunner.runSequentially(SuiteRunner.java:450)
at org.testng.SuiteRunner.privateRun(SuiteRunner.java:415)
at org.testng.SuiteRunner.run(SuiteRunner.java:364)
at org.testng.SuiteRunnerWorker.runSuite(SuiteRunnerWorker.java:52)
at org.testng.SuiteRunnerWorker.run(SuiteRunnerWorker.java:84)
at org.testng.TestNG.runSuitesSequentially(TestNG.java:1208)
at org.testng.TestNG.runSuitesLocally(TestNG.java:1137)
at org.testng.TestNG.runSuites(TestNG.java:1049)
at org.testng.TestNG.run(TestNG.java:1017)
at org.testng.remote.AbstractRemoteTestNG.run(AbstractRemoteTestNG.java:114)
at org.testng.remote.RemoteTestNG.initAndRun(RemoteTestNG.java:251)
at org.testng.remote.RemoteTestNG.main(RemoteTestNG.java:77)
]]>
            </full-stacktrace>
          </exception> <!-- java.lang.AssertionError -->
          <reporter-output>
          </reporter-output>
        </test-method> <!-- configureOverDraftFees -->
        <test-method status="PASS" signature="screenshotOnFailure(org.testng.ITestResult)[pri:0, instance:fawry.sofAutomation.testsActions.BasicDefinitions.ConfigureCspOverDraftFeesTest@4387b79e]" name="screenshotOnFailure" is-config="true" duration-ms="376" started-at="2019-07-01T09:50:25Z" finished-at="2019-07-01T09:50:25Z">
          <params>
            <param index="0">
              <value>
                <![CDATA[[TestResult name=configureOverDraftFees status=FAILURE method=ConfigureCspOverDraftFeesTest.configureOverDraftFees(fawry.sofAutomation.pojos.basicDefinitions.CSPFeesPojo)[pri:1, instance:fawry.sofAutomation.testsActions.BasicDefinitions.ConfigureCspOverDraftFeesTest@4387b79e] output={null}]]]>
              </value>
            </param>
          </params>
          <reporter-output>
          </reporter-output>
        </test-method> <!-- screenshotOnFailure -->
        <test-method status="PASS" signature="closeDriver()[pri:0, instance:fawry.sofAutomation.testsActions.BasicDefinitions.ConfigureCspOverDraftFeesTest@4387b79e]" name="closeDriver" is-config="true" duration-ms="1129" started-at="2019-07-01T09:50:25Z" finished-at="2019-07-01T09:50:26Z">
          <reporter-output>
          </reporter-output>
        </test-method> <!-- closeDriver -->
      </class> <!-- fawry.sofAutomation.testsActions.BasicDefinitions.ConfigureCspOverDraftFeesTest -->
      <class name="fawry.sofAutomation.testsActions.BasicDefinitions.ConfigureCspOverDraftClassFactorsTest">
        <test-method status="PASS" signature="loadConfiguration(java.lang.String, java.lang.String)[pri:0, instance:fawry.sofAutomation.testsActions.BasicDefinitions.ConfigureCspOverDraftClassFactorsTest@6e75aa0d]" name="loadConfiguration" is-config="true" duration-ms="7337" started-at="2019-07-01T09:50:26Z" finished-at="2019-07-01T09:50:33Z">
          <params>
            <param index="0">
              <value>
                <![CDATA[https://10.96.0.65:9443/POSAdminTool/AdminTool/Login.faces]]>
              </value>
            </param>
            <param index="1">
              <value>
                <![CDATA[CH]]>
              </value>
            </param>
          </params>
          <reporter-output>
          </reporter-output>
        </test-method> <!-- loadConfiguration -->
        <test-method status="PASS" signature="login()[pri:0, instance:fawry.sofAutomation.testsActions.BasicDefinitions.ConfigureCspOverDraftClassFactorsTest@6e75aa0d]" name="login" is-config="true" duration-ms="13897" started-at="2019-07-01T09:50:33Z" finished-at="2019-07-01T09:50:47Z">
          <reporter-output>
          </reporter-output>
        </test-method> <!-- login -->
        <test-method status="PASS" signature="configureOverDraftClassFactors(fawry.sofAutomation.pojos.basicDefinitions.CSPFeesPojo)[pri:1, instance:fawry.sofAutomation.testsActions.BasicDefinitions.ConfigureCspOverDraftClassFactorsTest@6e75aa0d]" name="configureOverDraftClassFactors" duration-ms="71305" started-at="2019-07-01T09:50:48Z" description="Validate Cofiguring CSP OverDraft Class Factors Functionality" data-provider="DataProvider" finished-at="2019-07-01T09:51:59Z">
          <params>
            <param index="0">
              <value>
                <![CDATA[fawry.sofAutomation.pojos.basicDefinitions.CSPFeesPojo@767a014e]]>
              </value>
            </param>
          </params>
          <reporter-output>
          </reporter-output>
        </test-method> <!-- configureOverDraftClassFactors -->
        <test-method status="PASS" signature="screenshotOnFailure(org.testng.ITestResult)[pri:0, instance:fawry.sofAutomation.testsActions.BasicDefinitions.ConfigureCspOverDraftClassFactorsTest@6e75aa0d]" name="screenshotOnFailure" is-config="true" duration-ms="3" started-at="2019-07-01T09:51:59Z" finished-at="2019-07-01T09:51:59Z">
          <params>
            <param index="0">
              <value>
                <![CDATA[[TestResult name=configureOverDraftClassFactors status=SUCCESS method=ConfigureCspOverDraftClassFactorsTest.configureOverDraftClassFactors(fawry.sofAutomation.pojos.basicDefinitions.CSPFeesPojo)[pri:1, instance:fawry.sofAutomation.testsActions.BasicDefinitions.ConfigureCspOverDraftClassFactorsTest@6e75aa0d] output={null}]]]>
              </value>
            </param>
          </params>
          <reporter-output>
          </reporter-output>
        </test-method> <!-- screenshotOnFailure -->
        <test-method status="PASS" signature="configureOverDraftClassFactors(fawry.sofAutomation.pojos.basicDefinitions.CSPFeesPojo)[pri:1, instance:fawry.sofAutomation.testsActions.BasicDefinitions.ConfigureCspOverDraftClassFactorsTest@6e75aa0d]" name="configureOverDraftClassFactors" duration-ms="6645" started-at="2019-07-01T09:51:59Z" description="Validate Cofiguring CSP OverDraft Class Factors Functionality" data-provider="DataProvider" finished-at="2019-07-01T09:52:06Z">
          <params>
            <param index="0">
              <value>
                <![CDATA[fawry.sofAutomation.pojos.basicDefinitions.CSPFeesPojo@2287395]]>
              </value>
            </param>
          </params>
          <reporter-output>
          </reporter-output>
        </test-method> <!-- configureOverDraftClassFactors -->
        <test-method status="PASS" signature="screenshotOnFailure(org.testng.ITestResult)[pri:0, instance:fawry.sofAutomation.testsActions.BasicDefinitions.ConfigureCspOverDraftClassFactorsTest@6e75aa0d]" name="screenshotOnFailure" is-config="true" duration-ms="1" started-at="2019-07-01T09:52:06Z" finished-at="2019-07-01T09:52:06Z">
          <params>
            <param index="0">
              <value>
                <![CDATA[[TestResult name=configureOverDraftClassFactors status=SUCCESS method=ConfigureCspOverDraftClassFactorsTest.configureOverDraftClassFactors(fawry.sofAutomation.pojos.basicDefinitions.CSPFeesPojo)[pri:1, instance:fawry.sofAutomation.testsActions.BasicDefinitions.ConfigureCspOverDraftClassFactorsTest@6e75aa0d] output={null}]]]>
              </value>
            </param>
          </params>
          <reporter-output>
          </reporter-output>
        </test-method> <!-- screenshotOnFailure -->
        <test-method status="PASS" signature="configureOverDraftClassFactors(fawry.sofAutomation.pojos.basicDefinitions.CSPFeesPojo)[pri:1, instance:fawry.sofAutomation.testsActions.BasicDefinitions.ConfigureCspOverDraftClassFactorsTest@6e75aa0d]" name="configureOverDraftClassFactors" duration-ms="74111" started-at="2019-07-01T09:52:06Z" description="Validate Cofiguring CSP OverDraft Class Factors Functionality" data-provider="DataProvider" finished-at="2019-07-01T09:53:20Z">
          <params>
            <param index="0">
              <value>
                <![CDATA[fawry.sofAutomation.pojos.basicDefinitions.CSPFeesPojo@26874f2c]]>
              </value>
            </param>
          </params>
          <reporter-output>
          </reporter-output>
        </test-method> <!-- configureOverDraftClassFactors -->
        <test-method status="PASS" signature="screenshotOnFailure(org.testng.ITestResult)[pri:0, instance:fawry.sofAutomation.testsActions.BasicDefinitions.ConfigureCspOverDraftClassFactorsTest@6e75aa0d]" name="screenshotOnFailure" is-config="true" duration-ms="1" started-at="2019-07-01T09:53:20Z" finished-at="2019-07-01T09:53:20Z">
          <params>
            <param index="0">
              <value>
                <![CDATA[[TestResult name=configureOverDraftClassFactors status=SUCCESS method=ConfigureCspOverDraftClassFactorsTest.configureOverDraftClassFactors(fawry.sofAutomation.pojos.basicDefinitions.CSPFeesPojo)[pri:1, instance:fawry.sofAutomation.testsActions.BasicDefinitions.ConfigureCspOverDraftClassFactorsTest@6e75aa0d] output={null}]]]>
              </value>
            </param>
          </params>
          <reporter-output>
          </reporter-output>
        </test-method> <!-- screenshotOnFailure -->
        <test-method status="PASS" signature="configureOverDraftClassFactors(fawry.sofAutomation.pojos.basicDefinitions.CSPFeesPojo)[pri:1, instance:fawry.sofAutomation.testsActions.BasicDefinitions.ConfigureCspOverDraftClassFactorsTest@6e75aa0d]" name="configureOverDraftClassFactors" duration-ms="68164" started-at="2019-07-01T09:53:20Z" description="Validate Cofiguring CSP OverDraft Class Factors Functionality" data-provider="DataProvider" finished-at="2019-07-01T09:54:28Z">
          <params>
            <param index="0">
              <value>
                <![CDATA[fawry.sofAutomation.pojos.basicDefinitions.CSPFeesPojo@43b172e3]]>
              </value>
            </param>
          </params>
          <reporter-output>
          </reporter-output>
        </test-method> <!-- configureOverDraftClassFactors -->
        <test-method status="PASS" signature="screenshotOnFailure(org.testng.ITestResult)[pri:0, instance:fawry.sofAutomation.testsActions.BasicDefinitions.ConfigureCspOverDraftClassFactorsTest@6e75aa0d]" name="screenshotOnFailure" is-config="true" duration-ms="1" started-at="2019-07-01T09:54:28Z" finished-at="2019-07-01T09:54:28Z">
          <params>
            <param index="0">
              <value>
                <![CDATA[[TestResult name=configureOverDraftClassFactors status=SUCCESS method=ConfigureCspOverDraftClassFactorsTest.configureOverDraftClassFactors(fawry.sofAutomation.pojos.basicDefinitions.CSPFeesPojo)[pri:1, instance:fawry.sofAutomation.testsActions.BasicDefinitions.ConfigureCspOverDraftClassFactorsTest@6e75aa0d] output={null}]]]>
              </value>
            </param>
          </params>
          <reporter-output>
          </reporter-output>
        </test-method> <!-- screenshotOnFailure -->
        <test-method status="PASS" signature="closeDriver()[pri:0, instance:fawry.sofAutomation.testsActions.BasicDefinitions.ConfigureCspOverDraftClassFactorsTest@6e75aa0d]" name="closeDriver" is-config="true" duration-ms="1206" started-at="2019-07-01T09:54:28Z" finished-at="2019-07-01T09:54:29Z">
          <reporter-output>
          </reporter-output>
        </test-method> <!-- closeDriver -->
      </class> <!-- fawry.sofAutomation.testsActions.BasicDefinitions.ConfigureCspOverDraftClassFactorsTest -->
      <class name="fawry.sofAutomation.testsActions.BasicDefinitions.AddCspBillTypeTest">
        <test-method status="PASS" signature="deleteOldFiles()[pri:0, instance:fawry.sofAutomation.testsActions.BasicDefinitions.AddCspBillTypeTest@78047b92]" name="deleteOldFiles" is-config="true" duration-ms="56" started-at="2019-07-01T09:46:14Z" finished-at="2019-07-01T09:46:14Z">
          <reporter-output>
          </reporter-output>
        </test-method> <!-- deleteOldFiles -->
        <test-method status="PASS" signature="setExtent()[pri:0, instance:fawry.sofAutomation.testsActions.BasicDefinitions.AddCspBillTypeTest@78047b92]" name="setExtent" is-config="true" duration-ms="174" started-at="2019-07-01T09:46:14Z" finished-at="2019-07-01T09:46:14Z">
          <reporter-output>
          </reporter-output>
        </test-method> <!-- setExtent -->
        <test-method status="PASS" signature="loadConfiguration(java.lang.String, java.lang.String)[pri:0, instance:fawry.sofAutomation.testsActions.BasicDefinitions.AddCspBillTypeTest@78047b92]" name="loadConfiguration" is-config="true" duration-ms="12220" started-at="2019-07-01T09:46:14Z" finished-at="2019-07-01T09:46:27Z">
          <params>
            <param index="0">
              <value>
                <![CDATA[https://10.96.0.65:9443/POSAdminTool/AdminTool/Login.faces]]>
              </value>
            </param>
            <param index="1">
              <value>
                <![CDATA[CH]]>
              </value>
            </param>
          </params>
          <reporter-output>
          </reporter-output>
        </test-method> <!-- loadConfiguration -->
        <test-method status="PASS" signature="login()[pri:0, instance:fawry.sofAutomation.testsActions.BasicDefinitions.AddCspBillTypeTest@78047b92]" name="login" is-config="true" duration-ms="6569" started-at="2019-07-01T09:46:27Z" finished-at="2019-07-01T09:46:33Z">
          <reporter-output>
          </reporter-output>
        </test-method> <!-- login -->
        <test-method status="FAIL" signature="addCspBillType(fawry.sofAutomation.pojos.basicDefinitions.CspBillTypePojo)[pri:1, instance:fawry.sofAutomation.testsActions.BasicDefinitions.AddCspBillTypeTest@78047b92]" name="addCspBillType" duration-ms="72793" started-at="2019-07-01T09:46:36Z" description="Validate addCspBillType Functionality" data-provider="AddCspBillTypetestDataProvider" finished-at="2019-07-01T09:47:48Z">
          <params>
            <param index="0">
              <value>
                <![CDATA[fawry.sofAutomation.pojos.basicDefinitions.CspBillTypePojo@5949eba8]]>
              </value>
            </param>
          </params>
          <exception class="java.lang.AssertionError">
            <message>
              <![CDATA[The following asserts failed:
Actual and Expectted Results not Matched]]>
            </message>
            <full-stacktrace>
              <![CDATA[java.lang.AssertionError: The following asserts failed:
Actual and Expectted Results not Matched
at org.testng.asserts.SoftAssert.assertAll(SoftAssert.java:43)
at fawry.sofAutomation.testsActions.BasicDefinitions.AddCspBillTypeTest.addCspBillType(AddCspBillTypeTest.java:63)
at sun.reflect.NativeMethodAccessorImpl.invoke0(Native Method)
at sun.reflect.NativeMethodAccessorImpl.invoke(NativeMethodAccessorImpl.java:62)
at sun.reflect.DelegatingMethodAccessorImpl.invoke(DelegatingMethodAccessorImpl.java:43)
at java.lang.reflect.Method.invoke(Method.java:498)
at org.testng.internal.MethodInvocationHelper.invokeMethod(MethodInvocationHelper.java:124)
at org.testng.internal.Invoker.invokeMethod(Invoker.java:580)
at org.testng.internal.Invoker.invokeTestMethod(Invoker.java:716)
at org.testng.internal.Invoker.invokeTestMethods(Invoker.java:988)
at org.testng.internal.TestMethodWorker.invokeTestMethods(TestMethodWorker.java:125)
at org.testng.internal.TestMethodWorker.run(TestMethodWorker.java:109)
at org.testng.TestRunner.privateRun(TestRunner.java:648)
at org.testng.TestRunner.run(TestRunner.java:505)
at org.testng.SuiteRunner.runTest(SuiteRunner.java:455)
at org.testng.SuiteRunner.runSequentially(SuiteRunner.java:450)
at org.testng.SuiteRunner.privateRun(SuiteRunner.java:415)
at org.testng.SuiteRunner.run(SuiteRunner.java:364)
at org.testng.SuiteRunnerWorker.runSuite(SuiteRunnerWorker.java:52)
at org.testng.SuiteRunnerWorker.run(SuiteRunnerWorker.java:84)
at org.testng.TestNG.runSuitesSequentially(TestNG.java:1208)
at org.testng.TestNG.runSuitesLocally(TestNG.java:1137)
at org.testng.TestNG.runSuites(TestNG.java:1049)
at org.testng.TestNG.run(TestNG.java:1017)
at org.testng.remote.AbstractRemoteTestNG.run(AbstractRemoteTestNG.java:114)
at org.testng.remote.RemoteTestNG.initAndRun(RemoteTestNG.java:251)
at org.testng.remote.RemoteTestNG.main(RemoteTestNG.java:77)
]]>
            </full-stacktrace>
          </exception> <!-- java.lang.AssertionError -->
          <reporter-output>
          </reporter-output>
        </test-method> <!-- addCspBillType -->
        <test-method status="PASS" signature="screenshotOnFailure(org.testng.ITestResult)[pri:0, instance:fawry.sofAutomation.testsActions.BasicDefinitions.AddCspBillTypeTest@78047b92]" name="screenshotOnFailure" is-config="true" duration-ms="459" started-at="2019-07-01T09:47:49Z" finished-at="2019-07-01T09:47:49Z">
          <params>
            <param index="0">
              <value>
                <![CDATA[[TestResult name=addCspBillType status=FAILURE method=AddCspBillTypeTest.addCspBillType(fawry.sofAutomation.pojos.basicDefinitions.CspBillTypePojo)[pri:1, instance:fawry.sofAutomation.testsActions.BasicDefinitions.AddCspBillTypeTest@78047b92] output={null}]]]>
              </value>
            </param>
          </params>
          <reporter-output>
          </reporter-output>
        </test-method> <!-- screenshotOnFailure -->
        <test-method status="FAIL" signature="addCspBillType(fawry.sofAutomation.pojos.basicDefinitions.CspBillTypePojo)[pri:1, instance:fawry.sofAutomation.testsActions.BasicDefinitions.AddCspBillTypeTest@78047b92]" name="addCspBillType" duration-ms="33239" started-at="2019-07-01T09:47:49Z" description="Validate addCspBillType Functionality" data-provider="AddCspBillTypetestDataProvider" finished-at="2019-07-01T09:48:22Z">
          <params>
            <param index="0">
              <value>
                <![CDATA[fawry.sofAutomation.pojos.basicDefinitions.CspBillTypePojo@4642b71d]]>
              </value>
            </param>
          </params>
          <exception class="java.lang.AssertionError">
            <message>
              <![CDATA[The following asserts failed:
Actual and Expectted Results not Matched]]>
            </message>
            <full-stacktrace>
              <![CDATA[java.lang.AssertionError: The following asserts failed:
Actual and Expectted Results not Matched
at org.testng.asserts.SoftAssert.assertAll(SoftAssert.java:43)
at fawry.sofAutomation.testsActions.BasicDefinitions.AddCspBillTypeTest.addCspBillType(AddCspBillTypeTest.java:63)
at sun.reflect.NativeMethodAccessorImpl.invoke0(Native Method)
at sun.reflect.NativeMethodAccessorImpl.invoke(NativeMethodAccessorImpl.java:62)
at sun.reflect.DelegatingMethodAccessorImpl.invoke(DelegatingMethodAccessorImpl.java:43)
at java.lang.reflect.Method.invoke(Method.java:498)
at org.testng.internal.MethodInvocationHelper.invokeMethod(MethodInvocationHelper.java:124)
at org.testng.internal.Invoker.invokeMethod(Invoker.java:580)
at org.testng.internal.Invoker.invokeTestMethod(Invoker.java:716)
at org.testng.internal.Invoker.invokeTestMethods(Invoker.java:988)
at org.testng.internal.TestMethodWorker.invokeTestMethods(TestMethodWorker.java:125)
at org.testng.internal.TestMethodWorker.run(TestMethodWorker.java:109)
at org.testng.TestRunner.privateRun(TestRunner.java:648)
at org.testng.TestRunner.run(TestRunner.java:505)
at org.testng.SuiteRunner.runTest(SuiteRunner.java:455)
at org.testng.SuiteRunner.runSequentially(SuiteRunner.java:450)
at org.testng.SuiteRunner.privateRun(SuiteRunner.java:415)
at org.testng.SuiteRunner.run(SuiteRunner.java:364)
at org.testng.SuiteRunnerWorker.runSuite(SuiteRunnerWorker.java:52)
at org.testng.SuiteRunnerWorker.run(SuiteRunnerWorker.java:84)
at org.testng.TestNG.runSuitesSequentially(TestNG.java:1208)
at org.testng.TestNG.runSuitesLocally(TestNG.java:1137)
at org.testng.TestNG.runSuites(TestNG.java:1049)
at org.testng.TestNG.run(TestNG.java:1017)
at org.testng.remote.AbstractRemoteTestNG.run(AbstractRemoteTestNG.java:114)
at org.testng.remote.RemoteTestNG.initAndRun(RemoteTestNG.java:251)
at org.testng.remote.RemoteTestNG.main(RemoteTestNG.java:77)
]]>
            </full-stacktrace>
          </exception> <!-- java.lang.AssertionError -->
          <reporter-output>
          </reporter-output>
        </test-method> <!-- addCspBillType -->
        <test-method status="PASS" signature="screenshotOnFailure(org.testng.ITestResult)[pri:0, instance:fawry.sofAutomation.testsActions.BasicDefinitions.AddCspBillTypeTest@78047b92]" name="screenshotOnFailure" is-config="true" duration-ms="385" started-at="2019-07-01T09:48:22Z" finished-at="2019-07-01T09:48:23Z">
          <params>
            <param index="0">
              <value>
                <![CDATA[[TestResult name=addCspBillType status=FAILURE method=AddCspBillTypeTest.addCspBillType(fawry.sofAutomation.pojos.basicDefinitions.CspBillTypePojo)[pri:1, instance:fawry.sofAutomation.testsActions.BasicDefinitions.AddCspBillTypeTest@78047b92] output={null}]]]>
              </value>
            </param>
          </params>
          <reporter-output>
          </reporter-output>
        </test-method> <!-- screenshotOnFailure -->
        <test-method status="PASS" signature="addCspBillType(fawry.sofAutomation.pojos.basicDefinitions.CspBillTypePojo)[pri:1, instance:fawry.sofAutomation.testsActions.BasicDefinitions.AddCspBillTypeTest@78047b92]" name="addCspBillType" duration-ms="32164" started-at="2019-07-01T09:48:23Z" description="Validate addCspBillType Functionality" data-provider="AddCspBillTypetestDataProvider" finished-at="2019-07-01T09:48:55Z">
          <params>
            <param index="0">
              <value>
                <![CDATA[fawry.sofAutomation.pojos.basicDefinitions.CspBillTypePojo@44afefd5]]>
              </value>
            </param>
          </params>
          <reporter-output>
          </reporter-output>
        </test-method> <!-- addCspBillType -->
        <test-method status="PASS" signature="screenshotOnFailure(org.testng.ITestResult)[pri:0, instance:fawry.sofAutomation.testsActions.BasicDefinitions.AddCspBillTypeTest@78047b92]" name="screenshotOnFailure" is-config="true" duration-ms="1" started-at="2019-07-01T09:48:55Z" finished-at="2019-07-01T09:48:55Z">
          <params>
            <param index="0">
              <value>
                <![CDATA[[TestResult name=addCspBillType status=SUCCESS method=AddCspBillTypeTest.addCspBillType(fawry.sofAutomation.pojos.basicDefinitions.CspBillTypePojo)[pri:1, instance:fawry.sofAutomation.testsActions.BasicDefinitions.AddCspBillTypeTest@78047b92] output={null}]]]>
              </value>
            </param>
          </params>
          <reporter-output>
          </reporter-output>
        </test-method> <!-- screenshotOnFailure -->
        <test-method status="PASS" signature="addCspBillType(fawry.sofAutomation.pojos.basicDefinitions.CspBillTypePojo)[pri:1, instance:fawry.sofAutomation.testsActions.BasicDefinitions.AddCspBillTypeTest@78047b92]" name="addCspBillType" duration-ms="2715" started-at="2019-07-01T09:48:55Z" description="Validate addCspBillType Functionality" data-provider="AddCspBillTypetestDataProvider" finished-at="2019-07-01T09:48:58Z">
          <params>
            <param index="0">
              <value>
                <![CDATA[fawry.sofAutomation.pojos.basicDefinitions.CspBillTypePojo@4cdd2c73]]>
              </value>
            </param>
          </params>
          <reporter-output>
          </reporter-output>
        </test-method> <!-- addCspBillType -->
        <test-method status="PASS" signature="screenshotOnFailure(org.testng.ITestResult)[pri:0, instance:fawry.sofAutomation.testsActions.BasicDefinitions.AddCspBillTypeTest@78047b92]" name="screenshotOnFailure" is-config="true" duration-ms="2" started-at="2019-07-01T09:48:58Z" finished-at="2019-07-01T09:48:58Z">
          <params>
            <param index="0">
              <value>
                <![CDATA[[TestResult name=addCspBillType status=SUCCESS method=AddCspBillTypeTest.addCspBillType(fawry.sofAutomation.pojos.basicDefinitions.CspBillTypePojo)[pri:1, instance:fawry.sofAutomation.testsActions.BasicDefinitions.AddCspBillTypeTest@78047b92] output={null}]]]>
              </value>
            </param>
          </params>
          <reporter-output>
          </reporter-output>
        </test-method> <!-- screenshotOnFailure -->
        <test-method status="PASS" signature="addCspBillType(fawry.sofAutomation.pojos.basicDefinitions.CspBillTypePojo)[pri:1, instance:fawry.sofAutomation.testsActions.BasicDefinitions.AddCspBillTypeTest@78047b92]" name="addCspBillType" duration-ms="1564" started-at="2019-07-01T09:48:58Z" description="Validate addCspBillType Functionality" data-provider="AddCspBillTypetestDataProvider" finished-at="2019-07-01T09:48:59Z">
          <params>
            <param index="0">
              <value>
                <![CDATA[fawry.sofAutomation.pojos.basicDefinitions.CspBillTypePojo@1f38957]]>
              </value>
            </param>
          </params>
          <reporter-output>
          </reporter-output>
        </test-method> <!-- addCspBillType -->
        <test-method status="PASS" signature="screenshotOnFailure(org.testng.ITestResult)[pri:0, instance:fawry.sofAutomation.testsActions.BasicDefinitions.AddCspBillTypeTest@78047b92]" name="screenshotOnFailure" is-config="true" duration-ms="1" started-at="2019-07-01T09:48:59Z" finished-at="2019-07-01T09:48:59Z">
          <params>
            <param index="0">
              <value>
                <![CDATA[[TestResult name=addCspBillType status=SUCCESS method=AddCspBillTypeTest.addCspBillType(fawry.sofAutomation.pojos.basicDefinitions.CspBillTypePojo)[pri:1, instance:fawry.sofAutomation.testsActions.BasicDefinitions.AddCspBillTypeTest@78047b92] output={null}]]]>
              </value>
            </param>
          </params>
          <reporter-output>
          </reporter-output>
        </test-method> <!-- screenshotOnFailure -->
        <test-method status="PASS" signature="addCspBillType(fawry.sofAutomation.pojos.basicDefinitions.CspBillTypePojo)[pri:1, instance:fawry.sofAutomation.testsActions.BasicDefinitions.AddCspBillTypeTest@78047b92]" name="addCspBillType" duration-ms="2105" started-at="2019-07-01T09:48:59Z" description="Validate addCspBillType Functionality" data-provider="AddCspBillTypetestDataProvider" finished-at="2019-07-01T09:49:01Z">
          <params>
            <param index="0">
              <value>
                <![CDATA[fawry.sofAutomation.pojos.basicDefinitions.CspBillTypePojo@dcc6211]]>
              </value>
            </param>
          </params>
          <reporter-output>
          </reporter-output>
        </test-method> <!-- addCspBillType -->
        <test-method status="PASS" signature="screenshotOnFailure(org.testng.ITestResult)[pri:0, instance:fawry.sofAutomation.testsActions.BasicDefinitions.AddCspBillTypeTest@78047b92]" name="screenshotOnFailure" is-config="true" duration-ms="1" started-at="2019-07-01T09:49:01Z" finished-at="2019-07-01T09:49:01Z">
          <params>
            <param index="0">
              <value>
                <![CDATA[[TestResult name=addCspBillType status=SUCCESS method=AddCspBillTypeTest.addCspBillType(fawry.sofAutomation.pojos.basicDefinitions.CspBillTypePojo)[pri:1, instance:fawry.sofAutomation.testsActions.BasicDefinitions.AddCspBillTypeTest@78047b92] output={null}]]]>
              </value>
            </param>
          </params>
          <reporter-output>
          </reporter-output>
        </test-method> <!-- screenshotOnFailure -->
        <test-method status="PASS" signature="closeDriver()[pri:0, instance:fawry.sofAutomation.testsActions.BasicDefinitions.AddCspBillTypeTest@78047b92]" name="closeDriver" is-config="true" duration-ms="1289" started-at="2019-07-01T09:49:01Z" finished-at="2019-07-01T09:49:03Z">
          <reporter-output>
          </reporter-output>
        </test-method> <!-- closeDriver -->
        <test-method status="PASS" signature="endTest()[pri:0, instance:fawry.sofAutomation.testsActions.BasicDefinitions.AddCspBillTypeTest@78047b92]" name="endTest" is-config="true" duration-ms="551" started-at="2019-07-01T10:06:59Z" finished-at="2019-07-01T10:06:59Z">
          <reporter-output>
          </reporter-output>
        </test-method> <!-- endTest -->
      </class> <!-- fawry.sofAutomation.testsActions.BasicDefinitions.AddCspBillTypeTest -->
      <class name="fawry.sofAutomation.testsActions.BasicDefinitions.SearchVelocityCriteriaTest">
        <test-method status="PASS" signature="loadConfiguration(java.lang.String, java.lang.String)[pri:0, instance:fawry.sofAutomation.testsActions.BasicDefinitions.SearchVelocityCriteriaTest@1198b989]" name="loadConfiguration" is-config="true" duration-ms="6010" started-at="2019-07-01T10:02:40Z" finished-at="2019-07-01T10:02:46Z">
          <params>
            <param index="0">
              <value>
                <![CDATA[https://10.96.0.65:9443/POSAdminTool/AdminTool/Login.faces]]>
              </value>
            </param>
            <param index="1">
              <value>
                <![CDATA[CH]]>
              </value>
            </param>
          </params>
          <reporter-output>
          </reporter-output>
        </test-method> <!-- loadConfiguration -->
        <test-method status="PASS" signature="login()[pri:0, instance:fawry.sofAutomation.testsActions.BasicDefinitions.SearchVelocityCriteriaTest@1198b989]" name="login" is-config="true" duration-ms="7791" started-at="2019-07-01T10:02:46Z" finished-at="2019-07-01T10:02:54Z">
          <reporter-output>
          </reporter-output>
        </test-method> <!-- login -->
        <test-method status="PASS" signature="searchVelocityCriteria(fawry.sofAutomation.pojos.basicDefinitions.VelocityPojo)[pri:1, instance:fawry.sofAutomation.testsActions.BasicDefinitions.SearchVelocityCriteriaTest@1198b989]" name="searchVelocityCriteria" duration-ms="2596" started-at="2019-07-01T10:02:55Z" description="Validate Functionality" data-provider="DataProvider" finished-at="2019-07-01T10:02:57Z">
          <params>
            <param index="0">
              <value>
                <![CDATA[fawry.sofAutomation.pojos.basicDefinitions.VelocityPojo@513ddf5f]]>
              </value>
            </param>
          </params>
          <reporter-output>
          </reporter-output>
        </test-method> <!-- searchVelocityCriteria -->
        <test-method status="PASS" signature="screenshotOnFailure(org.testng.ITestResult)[pri:0, instance:fawry.sofAutomation.testsActions.BasicDefinitions.SearchVelocityCriteriaTest@1198b989]" name="screenshotOnFailure" is-config="true" duration-ms="1" started-at="2019-07-01T10:02:57Z" finished-at="2019-07-01T10:02:57Z">
          <params>
            <param index="0">
              <value>
                <![CDATA[[TestResult name=searchVelocityCriteria status=SUCCESS method=SearchVelocityCriteriaTest.searchVelocityCriteria(fawry.sofAutomation.pojos.basicDefinitions.VelocityPojo)[pri:1, instance:fawry.sofAutomation.testsActions.BasicDefinitions.SearchVelocityCriteriaTest@1198b989] output={null}]]]>
              </value>
            </param>
          </params>
          <reporter-output>
          </reporter-output>
        </test-method> <!-- screenshotOnFailure -->
        <test-method status="PASS" signature="closeDriver()[pri:0, instance:fawry.sofAutomation.testsActions.BasicDefinitions.SearchVelocityCriteriaTest@1198b989]" name="closeDriver" is-config="true" duration-ms="1097" started-at="2019-07-01T10:02:57Z" finished-at="2019-07-01T10:02:58Z">
          <reporter-output>
          </reporter-output>
        </test-method> <!-- closeDriver -->
      </class> <!-- fawry.sofAutomation.testsActions.BasicDefinitions.SearchVelocityCriteriaTest -->
    </test> <!-- MainTest -->
  </suite> <!-- Suite -->
</testng-results>
